This file contains any messages produced by compilers while
running configure, to aid debugging if configure makes a mistake.

It was created by libsamplerate configure 0.1.9, which was
generated by GNU Autoconf 2.69.  Invocation command line was

  $ ./configure --prefix=/home/thib/Documents/Polytech/S8/PROJET/docs/Cardinal/src/Rack/dep --host=x86_64-linux-gnu --enable-static --disable-shared --disable-alsa --disable-neon ac_cv_build=x86_64-linux-gnu ac_cv_host=x86_64-linux-gnu --disable-fftw --disable-sndfile

## --------- ##
## Platform. ##
## --------- ##

hostname = LinuxThib
uname -m = x86_64
uname -r = 6.5.0-26-generic
uname -s = Linux
uname -v = #26~22.04.1-Ubuntu SMP PREEMPT_DYNAMIC Tue Mar 12 10:22:43 UTC 2

/usr/bin/uname -p = x86_64
/bin/uname -X     = unknown

/bin/arch              = x86_64
/usr/bin/arch -k       = unknown
/usr/convex/getsysinfo = unknown
/usr/bin/hostinfo      = unknown
/bin/machine           = unknown
/usr/bin/oslevel       = unknown
/bin/universe          = unknown

PATH: /opt/eclipse
PATH: /opt/jdk11/bin
PATH: /home/thib/.local/bin
PATH: /usr/local/sbin
PATH: /usr/local/bin
PATH: /usr/sbin
PATH: /usr/bin
PATH: /sbin
PATH: /bin
PATH: /usr/games
PATH: /usr/local/games
PATH: /snap/bin
PATH: /snap/bin
PATH: /home/thib/.dotnet/tools
PATH: /home/thib/.spicetify
PATH: /home/thib/.spicetify


## ----------- ##
## Core tests. ##
## ----------- ##

configure:2638: checking build system type
configure:2652: result: x86_64-linux-gnu
configure:2672: checking host system type
configure:2685: result: x86_64-linux-gnu
configure:2705: checking target system type
configure:2718: result: x86_64-linux-gnu
configure:2765: checking for a BSD-compatible install
configure:2833: result: /usr/bin/install -c
configure:2844: checking whether build environment is sane
configure:2899: result: yes
configure:2937: WARNING: 'missing' script is too old or missing
configure:2958: checking for x86_64-linux-gnu-strip
configure:2974: found /usr/bin/x86_64-linux-gnu-strip
configure:2985: result: x86_64-linux-gnu-strip
configure:3050: checking for a thread-safe mkdir -p
configure:3089: result: /usr/bin/mkdir -p
configure:3096: checking for gawk
configure:3126: result: no
configure:3096: checking for mawk
configure:3112: found /usr/bin/mawk
configure:3123: result: mawk
configure:3134: checking whether make sets $(MAKE)
configure:3156: result: yes
configure:3185: checking whether make supports nested variables
configure:3202: result: yes
configure:3340: checking whether make supports nested variables
configure:3357: result: yes
configure:3387: checking for x86_64-linux-gnu-gcc
configure:3414: result: cc
configure:3683: checking for C compiler version
configure:3692: cc --version >&5
cc (Ubuntu 11.4.0-1ubuntu1~22.04) 11.4.0
Copyright (C) 2021 Free Software Foundation, Inc.
This is free software; see the source for copying conditions.  There is NO
warranty; not even for MERCHANTABILITY or FITNESS FOR A PARTICULAR PURPOSE.

configure:3703: $? = 0
configure:3692: cc -v >&5
Using built-in specs.
COLLECT_GCC=cc
COLLECT_LTO_WRAPPER=/usr/lib/gcc/x86_64-linux-gnu/11/lto-wrapper
OFFLOAD_TARGET_NAMES=nvptx-none:amdgcn-amdhsa
OFFLOAD_TARGET_DEFAULT=1
Target: x86_64-linux-gnu
Configured with: ../src/configure -v --with-pkgversion='Ubuntu 11.4.0-1ubuntu1~22.04' --with-bugurl=file:///usr/share/doc/gcc-11/README.Bugs --enable-languages=c,ada,c++,go,brig,d,fortran,objc,obj-c++,m2 --prefix=/usr --with-gcc-major-version-only --program-suffix=-11 --program-prefix=x86_64-linux-gnu- --enable-shared --enable-linker-build-id --libexecdir=/usr/lib --without-included-gettext --enable-threads=posix --libdir=/usr/lib --enable-nls --enable-bootstrap --enable-clocale=gnu --enable-libstdcxx-debug --enable-libstdcxx-time=yes --with-default-libstdcxx-abi=new --enable-gnu-unique-object --disable-vtable-verify --enable-plugin --enable-default-pie --with-system-zlib --enable-libphobos-checking=release --with-target-system-zlib=auto --enable-objc-gc=auto --enable-multiarch --disable-werror --enable-cet --with-arch-32=i686 --with-abi=m64 --with-multilib-list=m32,m64,mx32 --enable-multilib --with-tune=generic --enable-offload-targets=nvptx-none=/build/gcc-11-XeT9lY/gcc-11-11.4.0/debian/tmp-nvptx/usr,amdgcn-amdhsa=/build/gcc-11-XeT9lY/gcc-11-11.4.0/debian/tmp-gcn/usr --without-cuda-driver --enable-checking=release --build=x86_64-linux-gnu --host=x86_64-linux-gnu --target=x86_64-linux-gnu --with-build-config=bootstrap-lto-lean --enable-link-serialization=2
Thread model: posix
Supported LTO compression algorithms: zlib zstd
gcc version 11.4.0 (Ubuntu 11.4.0-1ubuntu1~22.04) 
... rest of stderr output deleted ...
configure:3703: $? = 0
configure:3692: cc -V >&5
cc: error: unrecognized command-line option '-V'
cc: fatal error: no input files
compilation terminated.
configure:3703: $? = 1
configure:3692: cc -qversion >&5
cc: error: unrecognized command-line option '-qversion'; did you mean '--version'?
cc: fatal error: no input files
compilation terminated.
configure:3703: $? = 1
configure:3723: checking whether the C compiler works
configure:3745: cc -Wall -Wextra -pipe -MD -MP -fno-gnu-unique -fPIC -DPIC -DNDEBUG -O3 -ffast-math -fdata-sections -ffunction-sections -mtune=generic -msse -msse2 -mfpmath=sse -fvisibility=hidden -DUSING_CARDINAL_NOT_RACK -I/home/thib/Documents/Polytech/S8/PROJET/docs/Cardinal/include -I/home/thib/Documents/Polytech/S8/PROJET/docs/Cardinal/include/simd-compat -I/home/thib/Documents/Polytech/S8/PROJET/docs/Cardinal/src/Rack/dep/include -msse -msse2 -msse3 -DZSTDLIB_VISIBILITY= -pthread -I/home/thib/Documents/Polytech/S8/PROJET/docs/Cardinal/src/Rack/dep/simde -DSIMDE_ACCURACY_PREFERENCE=0 -DSIMDE_FAST_CONVERSION_RANGE -DSIMDE_FAST_MATH -DSIMDE_FAST_NANS -DSIMDE_FAST_ROUND_MODE -DSIMDE_FAST_ROUND_TIES -std=gnu99  -fno-finite-math-only -fno-strict-aliasing  -fdata-sections -ffunction-sections -Wl,-O1,--as-needed,--gc-sections -Wl,--strip-all  -Wl,--no-undefined -fexceptions conftest.c  >&5
configure:3749: $? = 0
configure:3797: result: yes
configure:3800: checking for C compiler default output file name
configure:3802: result: a.out
configure:3808: checking for suffix of executables
configure:3815: cc -o conftest -Wall -Wextra -pipe -MD -MP -fno-gnu-unique -fPIC -DPIC -DNDEBUG -O3 -ffast-math -fdata-sections -ffunction-sections -mtune=generic -msse -msse2 -mfpmath=sse -fvisibility=hidden -DUSING_CARDINAL_NOT_RACK -I/home/thib/Documents/Polytech/S8/PROJET/docs/Cardinal/include -I/home/thib/Documents/Polytech/S8/PROJET/docs/Cardinal/include/simd-compat -I/home/thib/Documents/Polytech/S8/PROJET/docs/Cardinal/src/Rack/dep/include -msse -msse2 -msse3 -DZSTDLIB_VISIBILITY= -pthread -I/home/thib/Documents/Polytech/S8/PROJET/docs/Cardinal/src/Rack/dep/simde -DSIMDE_ACCURACY_PREFERENCE=0 -DSIMDE_FAST_CONVERSION_RANGE -DSIMDE_FAST_MATH -DSIMDE_FAST_NANS -DSIMDE_FAST_ROUND_MODE -DSIMDE_FAST_ROUND_TIES -std=gnu99  -fno-finite-math-only -fno-strict-aliasing  -fdata-sections -ffunction-sections -Wl,-O1,--as-needed,--gc-sections -Wl,--strip-all  -Wl,--no-undefined -fexceptions conftest.c  >&5
configure:3819: $? = 0
configure:3841: result: 
configure:3863: checking whether we are cross compiling
configure:3871: cc -o conftest -Wall -Wextra -pipe -MD -MP -fno-gnu-unique -fPIC -DPIC -DNDEBUG -O3 -ffast-math -fdata-sections -ffunction-sections -mtune=generic -msse -msse2 -mfpmath=sse -fvisibility=hidden -DUSING_CARDINAL_NOT_RACK -I/home/thib/Documents/Polytech/S8/PROJET/docs/Cardinal/include -I/home/thib/Documents/Polytech/S8/PROJET/docs/Cardinal/include/simd-compat -I/home/thib/Documents/Polytech/S8/PROJET/docs/Cardinal/src/Rack/dep/include -msse -msse2 -msse3 -DZSTDLIB_VISIBILITY= -pthread -I/home/thib/Documents/Polytech/S8/PROJET/docs/Cardinal/src/Rack/dep/simde -DSIMDE_ACCURACY_PREFERENCE=0 -DSIMDE_FAST_CONVERSION_RANGE -DSIMDE_FAST_MATH -DSIMDE_FAST_NANS -DSIMDE_FAST_ROUND_MODE -DSIMDE_FAST_ROUND_TIES -std=gnu99  -fno-finite-math-only -fno-strict-aliasing  -fdata-sections -ffunction-sections -Wl,-O1,--as-needed,--gc-sections -Wl,--strip-all  -Wl,--no-undefined -fexceptions conftest.c  >&5
configure:3875: $? = 0
configure:3882: ./conftest
configure:3886: $? = 0
configure:3901: result: no
configure:3906: checking for suffix of object files
configure:3928: cc -c -Wall -Wextra -pipe -MD -MP -fno-gnu-unique -fPIC -DPIC -DNDEBUG -O3 -ffast-math -fdata-sections -ffunction-sections -mtune=generic -msse -msse2 -mfpmath=sse -fvisibility=hidden -DUSING_CARDINAL_NOT_RACK -I/home/thib/Documents/Polytech/S8/PROJET/docs/Cardinal/include -I/home/thib/Documents/Polytech/S8/PROJET/docs/Cardinal/include/simd-compat -I/home/thib/Documents/Polytech/S8/PROJET/docs/Cardinal/src/Rack/dep/include -msse -msse2 -msse3 -DZSTDLIB_VISIBILITY= -pthread -I/home/thib/Documents/Polytech/S8/PROJET/docs/Cardinal/src/Rack/dep/simde -DSIMDE_ACCURACY_PREFERENCE=0 -DSIMDE_FAST_CONVERSION_RANGE -DSIMDE_FAST_MATH -DSIMDE_FAST_NANS -DSIMDE_FAST_ROUND_MODE -DSIMDE_FAST_ROUND_TIES -std=gnu99  -fno-finite-math-only -fno-strict-aliasing  conftest.c >&5
configure:3932: $? = 0
configure:3953: result: o
configure:3957: checking whether we are using the GNU C compiler
configure:3976: cc -c -Wall -Wextra -pipe -MD -MP -fno-gnu-unique -fPIC -DPIC -DNDEBUG -O3 -ffast-math -fdata-sections -ffunction-sections -mtune=generic -msse -msse2 -mfpmath=sse -fvisibility=hidden -DUSING_CARDINAL_NOT_RACK -I/home/thib/Documents/Polytech/S8/PROJET/docs/Cardinal/include -I/home/thib/Documents/Polytech/S8/PROJET/docs/Cardinal/include/simd-compat -I/home/thib/Documents/Polytech/S8/PROJET/docs/Cardinal/src/Rack/dep/include -msse -msse2 -msse3 -DZSTDLIB_VISIBILITY= -pthread -I/home/thib/Documents/Polytech/S8/PROJET/docs/Cardinal/src/Rack/dep/simde -DSIMDE_ACCURACY_PREFERENCE=0 -DSIMDE_FAST_CONVERSION_RANGE -DSIMDE_FAST_MATH -DSIMDE_FAST_NANS -DSIMDE_FAST_ROUND_MODE -DSIMDE_FAST_ROUND_TIES -std=gnu99  -fno-finite-math-only -fno-strict-aliasing  conftest.c >&5
configure:3976: $? = 0
configure:3985: result: yes
configure:3994: checking whether cc accepts -g
configure:4014: cc -c -g  conftest.c >&5
configure:4014: $? = 0
configure:4055: result: yes
configure:4072: checking for cc option to accept ISO C89
configure:4135: cc  -c -Wall -Wextra -pipe -MD -MP -fno-gnu-unique -fPIC -DPIC -DNDEBUG -O3 -ffast-math -fdata-sections -ffunction-sections -mtune=generic -msse -msse2 -mfpmath=sse -fvisibility=hidden -DUSING_CARDINAL_NOT_RACK -I/home/thib/Documents/Polytech/S8/PROJET/docs/Cardinal/include -I/home/thib/Documents/Polytech/S8/PROJET/docs/Cardinal/include/simd-compat -I/home/thib/Documents/Polytech/S8/PROJET/docs/Cardinal/src/Rack/dep/include -msse -msse2 -msse3 -DZSTDLIB_VISIBILITY= -pthread -I/home/thib/Documents/Polytech/S8/PROJET/docs/Cardinal/src/Rack/dep/simde -DSIMDE_ACCURACY_PREFERENCE=0 -DSIMDE_FAST_CONVERSION_RANGE -DSIMDE_FAST_MATH -DSIMDE_FAST_NANS -DSIMDE_FAST_ROUND_MODE -DSIMDE_FAST_ROUND_TIES -std=gnu99  -fno-finite-math-only -fno-strict-aliasing  conftest.c >&5
configure:4135: $? = 0
configure:4148: result: none needed
configure:4173: checking whether cc understands -c and -o together
configure:4195: cc -c conftest.c -o conftest2.o
configure:4198: $? = 0
configure:4195: cc -c conftest.c -o conftest2.o
configure:4198: $? = 0
configure:4210: result: yes
configure:4238: checking for style of include used by make
configure:4266: result: GNU
configure:4292: checking dependency style of cc
configure:4403: result: gcc3
configure:4531: checking for C++ compiler version
configure:4540: g++ --version >&5
g++ (Ubuntu 11.4.0-1ubuntu1~22.04) 11.4.0
Copyright (C) 2021 Free Software Foundation, Inc.
This is free software; see the source for copying conditions.  There is NO
warranty; not even for MERCHANTABILITY or FITNESS FOR A PARTICULAR PURPOSE.

configure:4551: $? = 0
configure:4540: g++ -v >&5
Using built-in specs.
COLLECT_GCC=g++
COLLECT_LTO_WRAPPER=/usr/lib/gcc/x86_64-linux-gnu/11/lto-wrapper
OFFLOAD_TARGET_NAMES=nvptx-none:amdgcn-amdhsa
OFFLOAD_TARGET_DEFAULT=1
Target: x86_64-linux-gnu
Configured with: ../src/configure -v --with-pkgversion='Ubuntu 11.4.0-1ubuntu1~22.04' --with-bugurl=file:///usr/share/doc/gcc-11/README.Bugs --enable-languages=c,ada,c++,go,brig,d,fortran,objc,obj-c++,m2 --prefix=/usr --with-gcc-major-version-only --program-suffix=-11 --program-prefix=x86_64-linux-gnu- --enable-shared --enable-linker-build-id --libexecdir=/usr/lib --without-included-gettext --enable-threads=posix --libdir=/usr/lib --enable-nls --enable-bootstrap --enable-clocale=gnu --enable-libstdcxx-debug --enable-libstdcxx-time=yes --with-default-libstdcxx-abi=new --enable-gnu-unique-object --disable-vtable-verify --enable-plugin --enable-default-pie --with-system-zlib --enable-libphobos-checking=release --with-target-system-zlib=auto --enable-objc-gc=auto --enable-multiarch --disable-werror --enable-cet --with-arch-32=i686 --with-abi=m64 --with-multilib-list=m32,m64,mx32 --enable-multilib --with-tune=generic --enable-offload-targets=nvptx-none=/build/gcc-11-XeT9lY/gcc-11-11.4.0/debian/tmp-nvptx/usr,amdgcn-amdhsa=/build/gcc-11-XeT9lY/gcc-11-11.4.0/debian/tmp-gcn/usr --without-cuda-driver --enable-checking=release --build=x86_64-linux-gnu --host=x86_64-linux-gnu --target=x86_64-linux-gnu --with-build-config=bootstrap-lto-lean --enable-link-serialization=2
Thread model: posix
Supported LTO compression algorithms: zlib zstd
gcc version 11.4.0 (Ubuntu 11.4.0-1ubuntu1~22.04) 
... rest of stderr output deleted ...
configure:4551: $? = 0
configure:4540: g++ -V >&5
g++: error: unrecognized command-line option '-V'
g++: fatal error: no input files
compilation terminated.
configure:4551: $? = 1
configure:4540: g++ -qversion >&5
g++: error: unrecognized command-line option '-qversion'; did you mean '--version'?
g++: fatal error: no input files
compilation terminated.
configure:4551: $? = 1
configure:4555: checking whether we are using the GNU C++ compiler
configure:4574: g++ -c -Wall -Wextra -pipe -MD -MP -fno-gnu-unique -fPIC -DPIC -DNDEBUG -O3 -ffast-math -fdata-sections -ffunction-sections -mtune=generic -msse -msse2 -mfpmath=sse -fvisibility=hidden -DUSING_CARDINAL_NOT_RACK -I/home/thib/Documents/Polytech/S8/PROJET/docs/Cardinal/include -I/home/thib/Documents/Polytech/S8/PROJET/docs/Cardinal/include/simd-compat -I/home/thib/Documents/Polytech/S8/PROJET/docs/Cardinal/src/Rack/dep/include -msse -msse2 -msse3 -DZSTDLIB_VISIBILITY= -pthread -I/home/thib/Documents/Polytech/S8/PROJET/docs/Cardinal/src/Rack/dep/simde -DSIMDE_ACCURACY_PREFERENCE=0 -DSIMDE_FAST_CONVERSION_RANGE -DSIMDE_FAST_MATH -DSIMDE_FAST_NANS -DSIMDE_FAST_ROUND_MODE -DSIMDE_FAST_ROUND_TIES -std=gnu++11 -fvisibility-inlines-hidden -fexceptions -DDISTRHO_NAMESPACE=CardinalDISTRHO -DDGL_NAMESPACE=CardinalDGL -DNVG_DISABLE_SKIPPING_WHITESPACE -DNVG_FONT_TEXTURE_FLAGS=NVG_IMAGE_NEAREST -DDGL_WINDOWS_ICON_ID=401 -DDGL_X11_WINDOW_ICON_NAME=gCardinalX11Icon -DDGL_X11_WINDOW_ICON_SIZE=18950 -DDGL_USE_NANOVG_FBO -fno-finite-math-only -fno-strict-aliasing  conftest.cpp >&5
configure:4574: $? = 0
configure:4583: result: yes
configure:4592: checking whether g++ accepts -g
configure:4612: g++ -c -g  conftest.cpp >&5
configure:4612: $? = 0
configure:4653: result: yes
configure:4678: checking dependency style of g++
configure:4789: result: gcc3
configure:4804: checking for a sed that does not truncate output
configure:4868: result: /usr/bin/sed
configure:4922: checking how to print strings
configure:4949: result: printf
configure:4970: checking for a sed that does not truncate output
configure:5034: result: /usr/bin/sed
configure:5052: checking for grep that handles long lines and -e
configure:5110: result: /usr/bin/grep
configure:5115: checking for egrep
configure:5177: result: /usr/bin/grep -E
configure:5182: checking for fgrep
configure:5244: result: /usr/bin/grep -F
configure:5279: checking for ld used by cc
configure:5346: result: /usr/bin/ld
configure:5353: checking if the linker (/usr/bin/ld) is GNU ld
configure:5368: result: yes
configure:5380: checking for BSD- or MS-compatible name lister (nm)
configure:5434: result: /usr/bin/x86_64-linux-gnu-nm -B
configure:5564: checking the name lister (/usr/bin/x86_64-linux-gnu-nm -B) interface
configure:5571: cc -c -Wall -Wextra -pipe -MD -MP -fno-gnu-unique -fPIC -DPIC -DNDEBUG -O3 -ffast-math -fdata-sections -ffunction-sections -mtune=generic -msse -msse2 -mfpmath=sse -fvisibility=hidden -DUSING_CARDINAL_NOT_RACK -I/home/thib/Documents/Polytech/S8/PROJET/docs/Cardinal/include -I/home/thib/Documents/Polytech/S8/PROJET/docs/Cardinal/include/simd-compat -I/home/thib/Documents/Polytech/S8/PROJET/docs/Cardinal/src/Rack/dep/include -msse -msse2 -msse3 -DZSTDLIB_VISIBILITY= -pthread -I/home/thib/Documents/Polytech/S8/PROJET/docs/Cardinal/src/Rack/dep/simde -DSIMDE_ACCURACY_PREFERENCE=0 -DSIMDE_FAST_CONVERSION_RANGE -DSIMDE_FAST_MATH -DSIMDE_FAST_NANS -DSIMDE_FAST_ROUND_MODE -DSIMDE_FAST_ROUND_TIES -std=gnu99  -fno-finite-math-only -fno-strict-aliasing  conftest.c >&5
configure:5574: /usr/bin/x86_64-linux-gnu-nm -B "conftest.o"
configure:5577: output
0000000000000000 B some_variable
configure:5584: result: BSD nm
configure:5587: checking whether ln -s works
configure:5591: result: yes
configure:5599: checking the maximum length of command line arguments
configure:5730: result: -1
configure:5778: checking how to convert x86_64-linux-gnu file names to x86_64-linux-gnu format
configure:5818: result: func_convert_file_noop
configure:5825: checking how to convert x86_64-linux-gnu file names to toolchain format
configure:5845: result: func_convert_file_noop
configure:5852: checking for /usr/bin/ld option to reload object files
configure:5859: result: -r
configure:5893: checking for x86_64-linux-gnu-objdump
configure:5909: found /usr/bin/x86_64-linux-gnu-objdump
configure:5920: result: x86_64-linux-gnu-objdump
configure:5992: checking how to recognize dependent libraries
configure:6192: result: pass_all
configure:6237: checking for x86_64-linux-gnu-dlltool
configure:6267: result: no
configure:6277: checking for dlltool
configure:6307: result: no
configure:6337: checking how to associate runtime and link libraries
configure:6364: result: printf %s\n
configure:6381: checking for x86_64-linux-gnu-ar
configure:6408: result: ar
configure:6489: checking for archiver @FILE support
configure:6506: cc -c -Wall -Wextra -pipe -MD -MP -fno-gnu-unique -fPIC -DPIC -DNDEBUG -O3 -ffast-math -fdata-sections -ffunction-sections -mtune=generic -msse -msse2 -mfpmath=sse -fvisibility=hidden -DUSING_CARDINAL_NOT_RACK -I/home/thib/Documents/Polytech/S8/PROJET/docs/Cardinal/include -I/home/thib/Documents/Polytech/S8/PROJET/docs/Cardinal/include/simd-compat -I/home/thib/Documents/Polytech/S8/PROJET/docs/Cardinal/src/Rack/dep/include -msse -msse2 -msse3 -DZSTDLIB_VISIBILITY= -pthread -I/home/thib/Documents/Polytech/S8/PROJET/docs/Cardinal/src/Rack/dep/simde -DSIMDE_ACCURACY_PREFERENCE=0 -DSIMDE_FAST_CONVERSION_RANGE -DSIMDE_FAST_MATH -DSIMDE_FAST_NANS -DSIMDE_FAST_ROUND_MODE -DSIMDE_FAST_ROUND_TIES -std=gnu99  -fno-finite-math-only -fno-strict-aliasing  conftest.c >&5
configure:6506: $? = 0
configure:6509: ar cru libconftest.a @conftest.lst >&5
ar: `u' modifier ignored since `D' is the default (see `U')
configure:6512: $? = 0
configure:6517: ar cru libconftest.a @conftest.lst >&5
ar: `u' modifier ignored since `D' is the default (see `U')
ar: conftest.o: No such file or directory
configure:6520: $? = 1
configure:6532: result: @
configure:6550: checking for x86_64-linux-gnu-strip
configure:6577: result: x86_64-linux-gnu-strip
configure:6649: checking for x86_64-linux-gnu-ranlib
configure:6665: found /usr/bin/x86_64-linux-gnu-ranlib
configure:6676: result: x86_64-linux-gnu-ranlib
configure:6818: checking command to parse /usr/bin/x86_64-linux-gnu-nm -B output from cc object
configure:6971: cc -c -Wall -Wextra -pipe -MD -MP -fno-gnu-unique -fPIC -DPIC -DNDEBUG -O3 -ffast-math -fdata-sections -ffunction-sections -mtune=generic -msse -msse2 -mfpmath=sse -fvisibility=hidden -DUSING_CARDINAL_NOT_RACK -I/home/thib/Documents/Polytech/S8/PROJET/docs/Cardinal/include -I/home/thib/Documents/Polytech/S8/PROJET/docs/Cardinal/include/simd-compat -I/home/thib/Documents/Polytech/S8/PROJET/docs/Cardinal/src/Rack/dep/include -msse -msse2 -msse3 -DZSTDLIB_VISIBILITY= -pthread -I/home/thib/Documents/Polytech/S8/PROJET/docs/Cardinal/src/Rack/dep/simde -DSIMDE_ACCURACY_PREFERENCE=0 -DSIMDE_FAST_CONVERSION_RANGE -DSIMDE_FAST_MATH -DSIMDE_FAST_NANS -DSIMDE_FAST_ROUND_MODE -DSIMDE_FAST_ROUND_TIES -std=gnu99  -fno-finite-math-only -fno-strict-aliasing  conftest.c >&5
configure:6974: $? = 0
configure:6978: /usr/bin/x86_64-linux-gnu-nm -B conftest.o \| sed -n -e 's/^.*[ ]\([ABCDGIRSTW][ABCDGIRSTW]*\)[ ][ ]*\([_A-Za-z][_A-Za-z0-9]*\)$/\1 \2 \2/p' | sed '/ __gnu_lto/d' \> conftest.nm
configure:6981: $? = 0
configure:7047: cc -o conftest -Wall -Wextra -pipe -MD -MP -fno-gnu-unique -fPIC -DPIC -DNDEBUG -O3 -ffast-math -fdata-sections -ffunction-sections -mtune=generic -msse -msse2 -mfpmath=sse -fvisibility=hidden -DUSING_CARDINAL_NOT_RACK -I/home/thib/Documents/Polytech/S8/PROJET/docs/Cardinal/include -I/home/thib/Documents/Polytech/S8/PROJET/docs/Cardinal/include/simd-compat -I/home/thib/Documents/Polytech/S8/PROJET/docs/Cardinal/src/Rack/dep/include -msse -msse2 -msse3 -DZSTDLIB_VISIBILITY= -pthread -I/home/thib/Documents/Polytech/S8/PROJET/docs/Cardinal/src/Rack/dep/simde -DSIMDE_ACCURACY_PREFERENCE=0 -DSIMDE_FAST_CONVERSION_RANGE -DSIMDE_FAST_MATH -DSIMDE_FAST_NANS -DSIMDE_FAST_ROUND_MODE -DSIMDE_FAST_ROUND_TIES -std=gnu99  -fno-finite-math-only -fno-strict-aliasing  -fdata-sections -ffunction-sections -Wl,-O1,--as-needed,--gc-sections -Wl,--strip-all  -Wl,--no-undefined -fexceptions conftest.c conftstm.o >&5
configure:7050: $? = 0
configure:7088: result: ok
configure:7135: checking for sysroot
configure:7165: result: no
configure:7172: checking for a working dd
configure:7210: result: /usr/bin/dd
configure:7214: checking how to truncate binary pipes
configure:7229: result: /usr/bin/dd bs=4096 count=1
configure:7365: cc -c -Wall -Wextra -pipe -MD -MP -fno-gnu-unique -fPIC -DPIC -DNDEBUG -O3 -ffast-math -fdata-sections -ffunction-sections -mtune=generic -msse -msse2 -mfpmath=sse -fvisibility=hidden -DUSING_CARDINAL_NOT_RACK -I/home/thib/Documents/Polytech/S8/PROJET/docs/Cardinal/include -I/home/thib/Documents/Polytech/S8/PROJET/docs/Cardinal/include/simd-compat -I/home/thib/Documents/Polytech/S8/PROJET/docs/Cardinal/src/Rack/dep/include -msse -msse2 -msse3 -DZSTDLIB_VISIBILITY= -pthread -I/home/thib/Documents/Polytech/S8/PROJET/docs/Cardinal/src/Rack/dep/simde -DSIMDE_ACCURACY_PREFERENCE=0 -DSIMDE_FAST_CONVERSION_RANGE -DSIMDE_FAST_MATH -DSIMDE_FAST_NANS -DSIMDE_FAST_ROUND_MODE -DSIMDE_FAST_ROUND_TIES -std=gnu99  -fno-finite-math-only -fno-strict-aliasing  conftest.c >&5
configure:7368: $? = 0
configure:7518: checking for x86_64-linux-gnu-mt
configure:7548: result: no
configure:7558: checking for mt
configure:7574: found /usr/bin/mt
configure:7585: result: mt
configure:7608: checking if mt is a manifest tool
configure:7614: mt '-?'
configure:7622: result: no
configure:8299: checking how to run the C preprocessor
configure:8330: cc -E  conftest.c
configure:8330: $? = 0
configure:8344: cc -E  conftest.c
conftest.c:11:10: fatal error: ac_nonexistent.h: No such file or directory
   11 | #include <ac_nonexistent.h>
      |          ^~~~~~~~~~~~~~~~~~
compilation terminated.
configure:8344: $? = 1
configure: failed program was:
| /* confdefs.h */
| #define PACKAGE_NAME "libsamplerate"
| #define PACKAGE_TARNAME "libsamplerate"
| #define PACKAGE_VERSION "0.1.9"
| #define PACKAGE_STRING "libsamplerate 0.1.9"
| #define PACKAGE_BUGREPORT "erikd@mega-nerd.com"
| #define PACKAGE_URL "http://www.mega-nerd.com/libsamplerate/"
| #define PACKAGE "libsamplerate"
| #define VERSION "0.1.9"
| /* end confdefs.h.  */
| #include <ac_nonexistent.h>
configure:8369: result: cc -E
configure:8389: cc -E  conftest.c
configure:8389: $? = 0
configure:8403: cc -E  conftest.c
conftest.c:11:10: fatal error: ac_nonexistent.h: No such file or directory
   11 | #include <ac_nonexistent.h>
      |          ^~~~~~~~~~~~~~~~~~
compilation terminated.
configure:8403: $? = 1
configure: failed program was:
| /* confdefs.h */
| #define PACKAGE_NAME "libsamplerate"
| #define PACKAGE_TARNAME "libsamplerate"
| #define PACKAGE_VERSION "0.1.9"
| #define PACKAGE_STRING "libsamplerate 0.1.9"
| #define PACKAGE_BUGREPORT "erikd@mega-nerd.com"
| #define PACKAGE_URL "http://www.mega-nerd.com/libsamplerate/"
| #define PACKAGE "libsamplerate"
| #define VERSION "0.1.9"
| /* end confdefs.h.  */
| #include <ac_nonexistent.h>
configure:8432: checking for ANSI C header files
configure:8452: cc -c -Wall -Wextra -pipe -MD -MP -fno-gnu-unique -fPIC -DPIC -DNDEBUG -O3 -ffast-math -fdata-sections -ffunction-sections -mtune=generic -msse -msse2 -mfpmath=sse -fvisibility=hidden -DUSING_CARDINAL_NOT_RACK -I/home/thib/Documents/Polytech/S8/PROJET/docs/Cardinal/include -I/home/thib/Documents/Polytech/S8/PROJET/docs/Cardinal/include/simd-compat -I/home/thib/Documents/Polytech/S8/PROJET/docs/Cardinal/src/Rack/dep/include -msse -msse2 -msse3 -DZSTDLIB_VISIBILITY= -pthread -I/home/thib/Documents/Polytech/S8/PROJET/docs/Cardinal/src/Rack/dep/simde -DSIMDE_ACCURACY_PREFERENCE=0 -DSIMDE_FAST_CONVERSION_RANGE -DSIMDE_FAST_MATH -DSIMDE_FAST_NANS -DSIMDE_FAST_ROUND_MODE -DSIMDE_FAST_ROUND_TIES -std=gnu99  -fno-finite-math-only -fno-strict-aliasing  conftest.c >&5
configure:8452: $? = 0
configure:8525: cc -o conftest -Wall -Wextra -pipe -MD -MP -fno-gnu-unique -fPIC -DPIC -DNDEBUG -O3 -ffast-math -fdata-sections -ffunction-sections -mtune=generic -msse -msse2 -mfpmath=sse -fvisibility=hidden -DUSING_CARDINAL_NOT_RACK -I/home/thib/Documents/Polytech/S8/PROJET/docs/Cardinal/include -I/home/thib/Documents/Polytech/S8/PROJET/docs/Cardinal/include/simd-compat -I/home/thib/Documents/Polytech/S8/PROJET/docs/Cardinal/src/Rack/dep/include -msse -msse2 -msse3 -DZSTDLIB_VISIBILITY= -pthread -I/home/thib/Documents/Polytech/S8/PROJET/docs/Cardinal/src/Rack/dep/simde -DSIMDE_ACCURACY_PREFERENCE=0 -DSIMDE_FAST_CONVERSION_RANGE -DSIMDE_FAST_MATH -DSIMDE_FAST_NANS -DSIMDE_FAST_ROUND_MODE -DSIMDE_FAST_ROUND_TIES -std=gnu99  -fno-finite-math-only -fno-strict-aliasing  -fdata-sections -ffunction-sections -Wl,-O1,--as-needed,--gc-sections -Wl,--strip-all  -Wl,--no-undefined -fexceptions conftest.c  >&5
configure:8525: $? = 0
configure:8525: ./conftest
configure:8525: $? = 0
configure:8536: result: yes
configure:8549: checking for sys/types.h
configure:8549: cc -c -Wall -Wextra -pipe -MD -MP -fno-gnu-unique -fPIC -DPIC -DNDEBUG -O3 -ffast-math -fdata-sections -ffunction-sections -mtune=generic -msse -msse2 -mfpmath=sse -fvisibility=hidden -DUSING_CARDINAL_NOT_RACK -I/home/thib/Documents/Polytech/S8/PROJET/docs/Cardinal/include -I/home/thib/Documents/Polytech/S8/PROJET/docs/Cardinal/include/simd-compat -I/home/thib/Documents/Polytech/S8/PROJET/docs/Cardinal/src/Rack/dep/include -msse -msse2 -msse3 -DZSTDLIB_VISIBILITY= -pthread -I/home/thib/Documents/Polytech/S8/PROJET/docs/Cardinal/src/Rack/dep/simde -DSIMDE_ACCURACY_PREFERENCE=0 -DSIMDE_FAST_CONVERSION_RANGE -DSIMDE_FAST_MATH -DSIMDE_FAST_NANS -DSIMDE_FAST_ROUND_MODE -DSIMDE_FAST_ROUND_TIES -std=gnu99  -fno-finite-math-only -fno-strict-aliasing  conftest.c >&5
configure:8549: $? = 0
configure:8549: result: yes
configure:8549: checking for sys/stat.h
configure:8549: cc -c -Wall -Wextra -pipe -MD -MP -fno-gnu-unique -fPIC -DPIC -DNDEBUG -O3 -ffast-math -fdata-sections -ffunction-sections -mtune=generic -msse -msse2 -mfpmath=sse -fvisibility=hidden -DUSING_CARDINAL_NOT_RACK -I/home/thib/Documents/Polytech/S8/PROJET/docs/Cardinal/include -I/home/thib/Documents/Polytech/S8/PROJET/docs/Cardinal/include/simd-compat -I/home/thib/Documents/Polytech/S8/PROJET/docs/Cardinal/src/Rack/dep/include -msse -msse2 -msse3 -DZSTDLIB_VISIBILITY= -pthread -I/home/thib/Documents/Polytech/S8/PROJET/docs/Cardinal/src/Rack/dep/simde -DSIMDE_ACCURACY_PREFERENCE=0 -DSIMDE_FAST_CONVERSION_RANGE -DSIMDE_FAST_MATH -DSIMDE_FAST_NANS -DSIMDE_FAST_ROUND_MODE -DSIMDE_FAST_ROUND_TIES -std=gnu99  -fno-finite-math-only -fno-strict-aliasing  conftest.c >&5
configure:8549: $? = 0
configure:8549: result: yes
configure:8549: checking for stdlib.h
configure:8549: cc -c -Wall -Wextra -pipe -MD -MP -fno-gnu-unique -fPIC -DPIC -DNDEBUG -O3 -ffast-math -fdata-sections -ffunction-sections -mtune=generic -msse -msse2 -mfpmath=sse -fvisibility=hidden -DUSING_CARDINAL_NOT_RACK -I/home/thib/Documents/Polytech/S8/PROJET/docs/Cardinal/include -I/home/thib/Documents/Polytech/S8/PROJET/docs/Cardinal/include/simd-compat -I/home/thib/Documents/Polytech/S8/PROJET/docs/Cardinal/src/Rack/dep/include -msse -msse2 -msse3 -DZSTDLIB_VISIBILITY= -pthread -I/home/thib/Documents/Polytech/S8/PROJET/docs/Cardinal/src/Rack/dep/simde -DSIMDE_ACCURACY_PREFERENCE=0 -DSIMDE_FAST_CONVERSION_RANGE -DSIMDE_FAST_MATH -DSIMDE_FAST_NANS -DSIMDE_FAST_ROUND_MODE -DSIMDE_FAST_ROUND_TIES -std=gnu99  -fno-finite-math-only -fno-strict-aliasing  conftest.c >&5
configure:8549: $? = 0
configure:8549: result: yes
configure:8549: checking for string.h
configure:8549: cc -c -Wall -Wextra -pipe -MD -MP -fno-gnu-unique -fPIC -DPIC -DNDEBUG -O3 -ffast-math -fdata-sections -ffunction-sections -mtune=generic -msse -msse2 -mfpmath=sse -fvisibility=hidden -DUSING_CARDINAL_NOT_RACK -I/home/thib/Documents/Polytech/S8/PROJET/docs/Cardinal/include -I/home/thib/Documents/Polytech/S8/PROJET/docs/Cardinal/include/simd-compat -I/home/thib/Documents/Polytech/S8/PROJET/docs/Cardinal/src/Rack/dep/include -msse -msse2 -msse3 -DZSTDLIB_VISIBILITY= -pthread -I/home/thib/Documents/Polytech/S8/PROJET/docs/Cardinal/src/Rack/dep/simde -DSIMDE_ACCURACY_PREFERENCE=0 -DSIMDE_FAST_CONVERSION_RANGE -DSIMDE_FAST_MATH -DSIMDE_FAST_NANS -DSIMDE_FAST_ROUND_MODE -DSIMDE_FAST_ROUND_TIES -std=gnu99  -fno-finite-math-only -fno-strict-aliasing  conftest.c >&5
configure:8549: $? = 0
configure:8549: result: yes
configure:8549: checking for memory.h
configure:8549: cc -c -Wall -Wextra -pipe -MD -MP -fno-gnu-unique -fPIC -DPIC -DNDEBUG -O3 -ffast-math -fdata-sections -ffunction-sections -mtune=generic -msse -msse2 -mfpmath=sse -fvisibility=hidden -DUSING_CARDINAL_NOT_RACK -I/home/thib/Documents/Polytech/S8/PROJET/docs/Cardinal/include -I/home/thib/Documents/Polytech/S8/PROJET/docs/Cardinal/include/simd-compat -I/home/thib/Documents/Polytech/S8/PROJET/docs/Cardinal/src/Rack/dep/include -msse -msse2 -msse3 -DZSTDLIB_VISIBILITY= -pthread -I/home/thib/Documents/Polytech/S8/PROJET/docs/Cardinal/src/Rack/dep/simde -DSIMDE_ACCURACY_PREFERENCE=0 -DSIMDE_FAST_CONVERSION_RANGE -DSIMDE_FAST_MATH -DSIMDE_FAST_NANS -DSIMDE_FAST_ROUND_MODE -DSIMDE_FAST_ROUND_TIES -std=gnu99  -fno-finite-math-only -fno-strict-aliasing  conftest.c >&5
configure:8549: $? = 0
configure:8549: result: yes
configure:8549: checking for strings.h
configure:8549: cc -c -Wall -Wextra -pipe -MD -MP -fno-gnu-unique -fPIC -DPIC -DNDEBUG -O3 -ffast-math -fdata-sections -ffunction-sections -mtune=generic -msse -msse2 -mfpmath=sse -fvisibility=hidden -DUSING_CARDINAL_NOT_RACK -I/home/thib/Documents/Polytech/S8/PROJET/docs/Cardinal/include -I/home/thib/Documents/Polytech/S8/PROJET/docs/Cardinal/include/simd-compat -I/home/thib/Documents/Polytech/S8/PROJET/docs/Cardinal/src/Rack/dep/include -msse -msse2 -msse3 -DZSTDLIB_VISIBILITY= -pthread -I/home/thib/Documents/Polytech/S8/PROJET/docs/Cardinal/src/Rack/dep/simde -DSIMDE_ACCURACY_PREFERENCE=0 -DSIMDE_FAST_CONVERSION_RANGE -DSIMDE_FAST_MATH -DSIMDE_FAST_NANS -DSIMDE_FAST_ROUND_MODE -DSIMDE_FAST_ROUND_TIES -std=gnu99  -fno-finite-math-only -fno-strict-aliasing  conftest.c >&5
configure:8549: $? = 0
configure:8549: result: yes
configure:8549: checking for inttypes.h
configure:8549: cc -c -Wall -Wextra -pipe -MD -MP -fno-gnu-unique -fPIC -DPIC -DNDEBUG -O3 -ffast-math -fdata-sections -ffunction-sections -mtune=generic -msse -msse2 -mfpmath=sse -fvisibility=hidden -DUSING_CARDINAL_NOT_RACK -I/home/thib/Documents/Polytech/S8/PROJET/docs/Cardinal/include -I/home/thib/Documents/Polytech/S8/PROJET/docs/Cardinal/include/simd-compat -I/home/thib/Documents/Polytech/S8/PROJET/docs/Cardinal/src/Rack/dep/include -msse -msse2 -msse3 -DZSTDLIB_VISIBILITY= -pthread -I/home/thib/Documents/Polytech/S8/PROJET/docs/Cardinal/src/Rack/dep/simde -DSIMDE_ACCURACY_PREFERENCE=0 -DSIMDE_FAST_CONVERSION_RANGE -DSIMDE_FAST_MATH -DSIMDE_FAST_NANS -DSIMDE_FAST_ROUND_MODE -DSIMDE_FAST_ROUND_TIES -std=gnu99  -fno-finite-math-only -fno-strict-aliasing  conftest.c >&5
configure:8549: $? = 0
configure:8549: result: yes
configure:8549: checking for stdint.h
configure:8549: cc -c -Wall -Wextra -pipe -MD -MP -fno-gnu-unique -fPIC -DPIC -DNDEBUG -O3 -ffast-math -fdata-sections -ffunction-sections -mtune=generic -msse -msse2 -mfpmath=sse -fvisibility=hidden -DUSING_CARDINAL_NOT_RACK -I/home/thib/Documents/Polytech/S8/PROJET/docs/Cardinal/include -I/home/thib/Documents/Polytech/S8/PROJET/docs/Cardinal/include/simd-compat -I/home/thib/Documents/Polytech/S8/PROJET/docs/Cardinal/src/Rack/dep/include -msse -msse2 -msse3 -DZSTDLIB_VISIBILITY= -pthread -I/home/thib/Documents/Polytech/S8/PROJET/docs/Cardinal/src/Rack/dep/simde -DSIMDE_ACCURACY_PREFERENCE=0 -DSIMDE_FAST_CONVERSION_RANGE -DSIMDE_FAST_MATH -DSIMDE_FAST_NANS -DSIMDE_FAST_ROUND_MODE -DSIMDE_FAST_ROUND_TIES -std=gnu99  -fno-finite-math-only -fno-strict-aliasing  conftest.c >&5
configure:8549: $? = 0
configure:8549: result: yes
configure:8549: checking for unistd.h
configure:8549: cc -c -Wall -Wextra -pipe -MD -MP -fno-gnu-unique -fPIC -DPIC -DNDEBUG -O3 -ffast-math -fdata-sections -ffunction-sections -mtune=generic -msse -msse2 -mfpmath=sse -fvisibility=hidden -DUSING_CARDINAL_NOT_RACK -I/home/thib/Documents/Polytech/S8/PROJET/docs/Cardinal/include -I/home/thib/Documents/Polytech/S8/PROJET/docs/Cardinal/include/simd-compat -I/home/thib/Documents/Polytech/S8/PROJET/docs/Cardinal/src/Rack/dep/include -msse -msse2 -msse3 -DZSTDLIB_VISIBILITY= -pthread -I/home/thib/Documents/Polytech/S8/PROJET/docs/Cardinal/src/Rack/dep/simde -DSIMDE_ACCURACY_PREFERENCE=0 -DSIMDE_FAST_CONVERSION_RANGE -DSIMDE_FAST_MATH -DSIMDE_FAST_NANS -DSIMDE_FAST_ROUND_MODE -DSIMDE_FAST_ROUND_TIES -std=gnu99  -fno-finite-math-only -fno-strict-aliasing  conftest.c >&5
configure:8549: $? = 0
configure:8549: result: yes
configure:8563: checking for dlfcn.h
configure:8563: cc -c -Wall -Wextra -pipe -MD -MP -fno-gnu-unique -fPIC -DPIC -DNDEBUG -O3 -ffast-math -fdata-sections -ffunction-sections -mtune=generic -msse -msse2 -mfpmath=sse -fvisibility=hidden -DUSING_CARDINAL_NOT_RACK -I/home/thib/Documents/Polytech/S8/PROJET/docs/Cardinal/include -I/home/thib/Documents/Polytech/S8/PROJET/docs/Cardinal/include/simd-compat -I/home/thib/Documents/Polytech/S8/PROJET/docs/Cardinal/src/Rack/dep/include -msse -msse2 -msse3 -DZSTDLIB_VISIBILITY= -pthread -I/home/thib/Documents/Polytech/S8/PROJET/docs/Cardinal/src/Rack/dep/simde -DSIMDE_ACCURACY_PREFERENCE=0 -DSIMDE_FAST_CONVERSION_RANGE -DSIMDE_FAST_MATH -DSIMDE_FAST_NANS -DSIMDE_FAST_ROUND_MODE -DSIMDE_FAST_ROUND_TIES -std=gnu99  -fno-finite-math-only -fno-strict-aliasing  conftest.c >&5
configure:8563: $? = 0
configure:8563: result: yes
configure:8830: checking for objdir
configure:8845: result: .libs
configure:9109: checking if cc supports -fno-rtti -fno-exceptions
configure:9127: cc -c -Wall -Wextra -pipe -MD -MP -fno-gnu-unique -fPIC -DPIC -DNDEBUG -O3 -ffast-math -fdata-sections -ffunction-sections -mtune=generic -msse -msse2 -mfpmath=sse -fvisibility=hidden -DUSING_CARDINAL_NOT_RACK -I/home/thib/Documents/Polytech/S8/PROJET/docs/Cardinal/include -I/home/thib/Documents/Polytech/S8/PROJET/docs/Cardinal/include/simd-compat -I/home/thib/Documents/Polytech/S8/PROJET/docs/Cardinal/src/Rack/dep/include -msse -msse2 -msse3 -DZSTDLIB_VISIBILITY= -pthread -I/home/thib/Documents/Polytech/S8/PROJET/docs/Cardinal/src/Rack/dep/simde -DSIMDE_ACCURACY_PREFERENCE=0 -DSIMDE_FAST_CONVERSION_RANGE -DSIMDE_FAST_MATH -DSIMDE_FAST_NANS -DSIMDE_FAST_ROUND_MODE -DSIMDE_FAST_ROUND_TIES -std=gnu99  -fno-finite-math-only -fno-strict-aliasing  -fno-rtti -fno-exceptions conftest.c >&5
cc1: warning: command-line option '-fno-rtti' is valid for C++/D/ObjC++ but not for C
configure:9131: $? = 0
configure:9144: result: no
configure:9502: checking for cc option to produce PIC
configure:9509: result: -fPIC -DPIC
configure:9517: checking if cc PIC flag -fPIC -DPIC works
configure:9535: cc -c -Wall -Wextra -pipe -MD -MP -fno-gnu-unique -fPIC -DPIC -DNDEBUG -O3 -ffast-math -fdata-sections -ffunction-sections -mtune=generic -msse -msse2 -mfpmath=sse -fvisibility=hidden -DUSING_CARDINAL_NOT_RACK -I/home/thib/Documents/Polytech/S8/PROJET/docs/Cardinal/include -I/home/thib/Documents/Polytech/S8/PROJET/docs/Cardinal/include/simd-compat -I/home/thib/Documents/Polytech/S8/PROJET/docs/Cardinal/src/Rack/dep/include -msse -msse2 -msse3 -DZSTDLIB_VISIBILITY= -pthread -I/home/thib/Documents/Polytech/S8/PROJET/docs/Cardinal/src/Rack/dep/simde -DSIMDE_ACCURACY_PREFERENCE=0 -DSIMDE_FAST_CONVERSION_RANGE -DSIMDE_FAST_MATH -DSIMDE_FAST_NANS -DSIMDE_FAST_ROUND_MODE -DSIMDE_FAST_ROUND_TIES -std=gnu99  -fno-finite-math-only -fno-strict-aliasing  -fPIC -DPIC -DPIC conftest.c >&5
configure:9539: $? = 0
configure:9552: result: yes
configure:9581: checking if cc static flag -static works
configure:9609: result: yes
configure:9624: checking if cc supports -c -o file.o
configure:9645: cc -c -Wall -Wextra -pipe -MD -MP -fno-gnu-unique -fPIC -DPIC -DNDEBUG -O3 -ffast-math -fdata-sections -ffunction-sections -mtune=generic -msse -msse2 -mfpmath=sse -fvisibility=hidden -DUSING_CARDINAL_NOT_RACK -I/home/thib/Documents/Polytech/S8/PROJET/docs/Cardinal/include -I/home/thib/Documents/Polytech/S8/PROJET/docs/Cardinal/include/simd-compat -I/home/thib/Documents/Polytech/S8/PROJET/docs/Cardinal/src/Rack/dep/include -msse -msse2 -msse3 -DZSTDLIB_VISIBILITY= -pthread -I/home/thib/Documents/Polytech/S8/PROJET/docs/Cardinal/src/Rack/dep/simde -DSIMDE_ACCURACY_PREFERENCE=0 -DSIMDE_FAST_CONVERSION_RANGE -DSIMDE_FAST_MATH -DSIMDE_FAST_NANS -DSIMDE_FAST_ROUND_MODE -DSIMDE_FAST_ROUND_TIES -std=gnu99  -fno-finite-math-only -fno-strict-aliasing  -o out/conftest2.o conftest.c >&5
configure:9649: $? = 0
configure:9671: result: yes
configure:9679: checking if cc supports -c -o file.o
configure:9726: result: yes
configure:9759: checking whether the cc linker (/usr/bin/ld -m elf_x86_64) supports shared libraries
configure:11022: result: yes
configure:11262: checking dynamic linker characteristics
configure:11843: cc -o conftest -Wall -Wextra -pipe -MD -MP -fno-gnu-unique -fPIC -DPIC -DNDEBUG -O3 -ffast-math -fdata-sections -ffunction-sections -mtune=generic -msse -msse2 -mfpmath=sse -fvisibility=hidden -DUSING_CARDINAL_NOT_RACK -I/home/thib/Documents/Polytech/S8/PROJET/docs/Cardinal/include -I/home/thib/Documents/Polytech/S8/PROJET/docs/Cardinal/include/simd-compat -I/home/thib/Documents/Polytech/S8/PROJET/docs/Cardinal/src/Rack/dep/include -msse -msse2 -msse3 -DZSTDLIB_VISIBILITY= -pthread -I/home/thib/Documents/Polytech/S8/PROJET/docs/Cardinal/src/Rack/dep/simde -DSIMDE_ACCURACY_PREFERENCE=0 -DSIMDE_FAST_CONVERSION_RANGE -DSIMDE_FAST_MATH -DSIMDE_FAST_NANS -DSIMDE_FAST_ROUND_MODE -DSIMDE_FAST_ROUND_TIES -std=gnu99  -fno-finite-math-only -fno-strict-aliasing  -fdata-sections -ffunction-sections -Wl,-O1,--as-needed,--gc-sections -Wl,--strip-all  -Wl,--no-undefined -fexceptions -Wl,-rpath -Wl,/foo conftest.c  >&5
configure:11843: $? = 0
configure:12092: result: GNU/Linux ld.so
configure:12214: checking how to hardcode library paths into programs
configure:12239: result: immediate
configure:12787: checking whether stripping libraries is possible
configure:12792: result: yes
configure:12827: checking if libtool supports shared libraries
configure:12829: result: yes
configure:12832: checking whether to build shared libraries
configure:12857: result: no
configure:12860: checking whether to build static libraries
configure:12864: result: yes
configure:12887: checking how to run the C++ preprocessor
configure:12914: g++ -E  conftest.cpp
configure:12914: $? = 0
configure:12928: g++ -E  conftest.cpp
conftest.cpp:23:10: fatal error: ac_nonexistent.h: No such file or directory
   23 | #include <ac_nonexistent.h>
      |          ^~~~~~~~~~~~~~~~~~
compilation terminated.
configure:12928: $? = 1
configure: failed program was:
| /* confdefs.h */
| #define PACKAGE_NAME "libsamplerate"
| #define PACKAGE_TARNAME "libsamplerate"
| #define PACKAGE_VERSION "0.1.9"
| #define PACKAGE_STRING "libsamplerate 0.1.9"
| #define PACKAGE_BUGREPORT "erikd@mega-nerd.com"
| #define PACKAGE_URL "http://www.mega-nerd.com/libsamplerate/"
| #define PACKAGE "libsamplerate"
| #define VERSION "0.1.9"
| #define STDC_HEADERS 1
| #define HAVE_SYS_TYPES_H 1
| #define HAVE_SYS_STAT_H 1
| #define HAVE_STDLIB_H 1
| #define HAVE_STRING_H 1
| #define HAVE_MEMORY_H 1
| #define HAVE_STRINGS_H 1
| #define HAVE_INTTYPES_H 1
| #define HAVE_STDINT_H 1
| #define HAVE_UNISTD_H 1
| #define HAVE_DLFCN_H 1
| #define LT_OBJDIR ".libs/"
| /* end confdefs.h.  */
| #include <ac_nonexistent.h>
configure:12953: result: g++ -E
configure:12973: g++ -E  conftest.cpp
configure:12973: $? = 0
configure:12987: g++ -E  conftest.cpp
conftest.cpp:23:10: fatal error: ac_nonexistent.h: No such file or directory
   23 | #include <ac_nonexistent.h>
      |          ^~~~~~~~~~~~~~~~~~
compilation terminated.
configure:12987: $? = 1
configure: failed program was:
| /* confdefs.h */
| #define PACKAGE_NAME "libsamplerate"
| #define PACKAGE_TARNAME "libsamplerate"
| #define PACKAGE_VERSION "0.1.9"
| #define PACKAGE_STRING "libsamplerate 0.1.9"
| #define PACKAGE_BUGREPORT "erikd@mega-nerd.com"
| #define PACKAGE_URL "http://www.mega-nerd.com/libsamplerate/"
| #define PACKAGE "libsamplerate"
| #define VERSION "0.1.9"
| #define STDC_HEADERS 1
| #define HAVE_SYS_TYPES_H 1
| #define HAVE_SYS_STAT_H 1
| #define HAVE_STDLIB_H 1
| #define HAVE_STRING_H 1
| #define HAVE_MEMORY_H 1
| #define HAVE_STRINGS_H 1
| #define HAVE_INTTYPES_H 1
| #define HAVE_STDINT_H 1
| #define HAVE_UNISTD_H 1
| #define HAVE_DLFCN_H 1
| #define LT_OBJDIR ".libs/"
| /* end confdefs.h.  */
| #include <ac_nonexistent.h>
configure:13149: checking for ld used by g++
configure:13216: result: /usr/bin/ld -m elf_x86_64
configure:13223: checking if the linker (/usr/bin/ld -m elf_x86_64) is GNU ld
configure:13238: result: yes
configure:13293: checking whether the g++ linker (/usr/bin/ld -m elf_x86_64) supports shared libraries
configure:14366: result: yes
configure:14402: g++ -c -Wall -Wextra -pipe -MD -MP -fno-gnu-unique -fPIC -DPIC -DNDEBUG -O3 -ffast-math -fdata-sections -ffunction-sections -mtune=generic -msse -msse2 -mfpmath=sse -fvisibility=hidden -DUSING_CARDINAL_NOT_RACK -I/home/thib/Documents/Polytech/S8/PROJET/docs/Cardinal/include -I/home/thib/Documents/Polytech/S8/PROJET/docs/Cardinal/include/simd-compat -I/home/thib/Documents/Polytech/S8/PROJET/docs/Cardinal/src/Rack/dep/include -msse -msse2 -msse3 -DZSTDLIB_VISIBILITY= -pthread -I/home/thib/Documents/Polytech/S8/PROJET/docs/Cardinal/src/Rack/dep/simde -DSIMDE_ACCURACY_PREFERENCE=0 -DSIMDE_FAST_CONVERSION_RANGE -DSIMDE_FAST_MATH -DSIMDE_FAST_NANS -DSIMDE_FAST_ROUND_MODE -DSIMDE_FAST_ROUND_TIES -std=gnu++11 -fvisibility-inlines-hidden -fexceptions -DDISTRHO_NAMESPACE=CardinalDISTRHO -DDGL_NAMESPACE=CardinalDGL -DNVG_DISABLE_SKIPPING_WHITESPACE -DNVG_FONT_TEXTURE_FLAGS=NVG_IMAGE_NEAREST -DDGL_WINDOWS_ICON_ID=401 -DDGL_X11_WINDOW_ICON_NAME=gCardinalX11Icon -DDGL_X11_WINDOW_ICON_SIZE=18950 -DDGL_USE_NANOVG_FBO -fno-finite-math-only -fno-strict-aliasing  conftest.cpp >&5
configure:14405: $? = 0
configure:14886: checking for g++ option to produce PIC
configure:14893: result: -fPIC -DPIC
configure:14901: checking if g++ PIC flag -fPIC -DPIC works
configure:14919: g++ -c -Wall -Wextra -pipe -MD -MP -fno-gnu-unique -fPIC -DPIC -DNDEBUG -O3 -ffast-math -fdata-sections -ffunction-sections -mtune=generic -msse -msse2 -mfpmath=sse -fvisibility=hidden -DUSING_CARDINAL_NOT_RACK -I/home/thib/Documents/Polytech/S8/PROJET/docs/Cardinal/include -I/home/thib/Documents/Polytech/S8/PROJET/docs/Cardinal/include/simd-compat -I/home/thib/Documents/Polytech/S8/PROJET/docs/Cardinal/src/Rack/dep/include -msse -msse2 -msse3 -DZSTDLIB_VISIBILITY= -pthread -I/home/thib/Documents/Polytech/S8/PROJET/docs/Cardinal/src/Rack/dep/simde -DSIMDE_ACCURACY_PREFERENCE=0 -DSIMDE_FAST_CONVERSION_RANGE -DSIMDE_FAST_MATH -DSIMDE_FAST_NANS -DSIMDE_FAST_ROUND_MODE -DSIMDE_FAST_ROUND_TIES -std=gnu++11 -fvisibility-inlines-hidden -fexceptions -DDISTRHO_NAMESPACE=CardinalDISTRHO -DDGL_NAMESPACE=CardinalDGL -DNVG_DISABLE_SKIPPING_WHITESPACE -DNVG_FONT_TEXTURE_FLAGS=NVG_IMAGE_NEAREST -DDGL_WINDOWS_ICON_ID=401 -DDGL_X11_WINDOW_ICON_NAME=gCardinalX11Icon -DDGL_X11_WINDOW_ICON_SIZE=18950 -DDGL_USE_NANOVG_FBO -fno-finite-math-only -fno-strict-aliasing  -fPIC -DPIC -DPIC conftest.cpp >&5
configure:14923: $? = 0
configure:14936: result: yes
configure:14959: checking if g++ static flag -static works
configure:14987: result: yes
configure:14999: checking if g++ supports -c -o file.o
configure:15020: g++ -c -Wall -Wextra -pipe -MD -MP -fno-gnu-unique -fPIC -DPIC -DNDEBUG -O3 -ffast-math -fdata-sections -ffunction-sections -mtune=generic -msse -msse2 -mfpmath=sse -fvisibility=hidden -DUSING_CARDINAL_NOT_RACK -I/home/thib/Documents/Polytech/S8/PROJET/docs/Cardinal/include -I/home/thib/Documents/Polytech/S8/PROJET/docs/Cardinal/include/simd-compat -I/home/thib/Documents/Polytech/S8/PROJET/docs/Cardinal/src/Rack/dep/include -msse -msse2 -msse3 -DZSTDLIB_VISIBILITY= -pthread -I/home/thib/Documents/Polytech/S8/PROJET/docs/Cardinal/src/Rack/dep/simde -DSIMDE_ACCURACY_PREFERENCE=0 -DSIMDE_FAST_CONVERSION_RANGE -DSIMDE_FAST_MATH -DSIMDE_FAST_NANS -DSIMDE_FAST_ROUND_MODE -DSIMDE_FAST_ROUND_TIES -std=gnu++11 -fvisibility-inlines-hidden -fexceptions -DDISTRHO_NAMESPACE=CardinalDISTRHO -DDGL_NAMESPACE=CardinalDGL -DNVG_DISABLE_SKIPPING_WHITESPACE -DNVG_FONT_TEXTURE_FLAGS=NVG_IMAGE_NEAREST -DDGL_WINDOWS_ICON_ID=401 -DDGL_X11_WINDOW_ICON_NAME=gCardinalX11Icon -DDGL_X11_WINDOW_ICON_SIZE=18950 -DDGL_USE_NANOVG_FBO -fno-finite-math-only -fno-strict-aliasing  -o out/conftest2.o conftest.cpp >&5
configure:15024: $? = 0
configure:15046: result: yes
configure:15051: checking if g++ supports -c -o file.o
configure:15098: result: yes
configure:15128: checking whether the g++ linker (/usr/bin/ld -m elf_x86_64) supports shared libraries
configure:15171: result: yes
configure:15312: checking dynamic linker characteristics
configure:16069: result: GNU/Linux ld.so
configure:16134: checking how to hardcode library paths into programs
configure:16159: result: immediate
configure:16223: checking for x86_64-linux-gnu-windres
configure:16253: result: no
configure:16263: checking for windres
configure:16293: result: no
configure:16391: checking whether ln -s works
configure:16395: result: yes
configure:16425: checking whether make sets $(MAKE)
configure:16447: result: yes
configure:16456: checking whether ln -s works
configure:16460: result: yes
configure:16583: checking for ANSI C header files
configure:16687: result: yes
configure:16699: checking for stdint.h
configure:16699: result: yes
configure:16699: checking sys/times.h usability
configure:16699: cc -c -Wall -Wextra -pipe -MD -MP -fno-gnu-unique -fPIC -DPIC -DNDEBUG -O3 -ffast-math -fdata-sections -ffunction-sections -mtune=generic -msse -msse2 -mfpmath=sse -fvisibility=hidden -DUSING_CARDINAL_NOT_RACK -I/home/thib/Documents/Polytech/S8/PROJET/docs/Cardinal/include -I/home/thib/Documents/Polytech/S8/PROJET/docs/Cardinal/include/simd-compat -I/home/thib/Documents/Polytech/S8/PROJET/docs/Cardinal/src/Rack/dep/include -msse -msse2 -msse3 -DZSTDLIB_VISIBILITY= -pthread -I/home/thib/Documents/Polytech/S8/PROJET/docs/Cardinal/src/Rack/dep/simde -DSIMDE_ACCURACY_PREFERENCE=0 -DSIMDE_FAST_CONVERSION_RANGE -DSIMDE_FAST_MATH -DSIMDE_FAST_NANS -DSIMDE_FAST_ROUND_MODE -DSIMDE_FAST_ROUND_TIES -std=gnu99  -fno-finite-math-only -fno-strict-aliasing  conftest.c >&5
configure:16699: $? = 0
configure:16699: result: yes
configure:16699: checking sys/times.h presence
configure:16699: cc -E  conftest.c
configure:16699: $? = 0
configure:16699: result: yes
configure:16699: checking for sys/times.h
configure:16699: result: yes
configure:16765: checking size of int
configure:16770: cc -o conftest -Wall -Wextra -pipe -MD -MP -fno-gnu-unique -fPIC -DPIC -DNDEBUG -O3 -ffast-math -fdata-sections -ffunction-sections -mtune=generic -msse -msse2 -mfpmath=sse -fvisibility=hidden -DUSING_CARDINAL_NOT_RACK -I/home/thib/Documents/Polytech/S8/PROJET/docs/Cardinal/include -I/home/thib/Documents/Polytech/S8/PROJET/docs/Cardinal/include/simd-compat -I/home/thib/Documents/Polytech/S8/PROJET/docs/Cardinal/src/Rack/dep/include -msse -msse2 -msse3 -DZSTDLIB_VISIBILITY= -pthread -I/home/thib/Documents/Polytech/S8/PROJET/docs/Cardinal/src/Rack/dep/simde -DSIMDE_ACCURACY_PREFERENCE=0 -DSIMDE_FAST_CONVERSION_RANGE -DSIMDE_FAST_MATH -DSIMDE_FAST_NANS -DSIMDE_FAST_ROUND_MODE -DSIMDE_FAST_ROUND_TIES -std=gnu99  -fno-finite-math-only -fno-strict-aliasing  -fdata-sections -ffunction-sections -Wl,-O1,--as-needed,--gc-sections -Wl,--strip-all  -Wl,--no-undefined -fexceptions conftest.c  >&5
configure:16770: $? = 0
configure:16770: ./conftest
configure:16770: $? = 0
configure:16784: result: 4
configure:16798: checking size of long
configure:16803: cc -o conftest -Wall -Wextra -pipe -MD -MP -fno-gnu-unique -fPIC -DPIC -DNDEBUG -O3 -ffast-math -fdata-sections -ffunction-sections -mtune=generic -msse -msse2 -mfpmath=sse -fvisibility=hidden -DUSING_CARDINAL_NOT_RACK -I/home/thib/Documents/Polytech/S8/PROJET/docs/Cardinal/include -I/home/thib/Documents/Polytech/S8/PROJET/docs/Cardinal/include/simd-compat -I/home/thib/Documents/Polytech/S8/PROJET/docs/Cardinal/src/Rack/dep/include -msse -msse2 -msse3 -DZSTDLIB_VISIBILITY= -pthread -I/home/thib/Documents/Polytech/S8/PROJET/docs/Cardinal/src/Rack/dep/simde -DSIMDE_ACCURACY_PREFERENCE=0 -DSIMDE_FAST_CONVERSION_RANGE -DSIMDE_FAST_MATH -DSIMDE_FAST_NANS -DSIMDE_FAST_ROUND_MODE -DSIMDE_FAST_ROUND_TIES -std=gnu99  -fno-finite-math-only -fno-strict-aliasing  -fdata-sections -ffunction-sections -Wl,-O1,--as-needed,--gc-sections -Wl,--strip-all  -Wl,--no-undefined -fexceptions conftest.c  >&5
configure:16803: $? = 0
configure:16803: ./conftest
configure:16803: $? = 0
configure:16817: result: 8
configure:16831: checking size of float
configure:16836: cc -o conftest -Wall -Wextra -pipe -MD -MP -fno-gnu-unique -fPIC -DPIC -DNDEBUG -O3 -ffast-math -fdata-sections -ffunction-sections -mtune=generic -msse -msse2 -mfpmath=sse -fvisibility=hidden -DUSING_CARDINAL_NOT_RACK -I/home/thib/Documents/Polytech/S8/PROJET/docs/Cardinal/include -I/home/thib/Documents/Polytech/S8/PROJET/docs/Cardinal/include/simd-compat -I/home/thib/Documents/Polytech/S8/PROJET/docs/Cardinal/src/Rack/dep/include -msse -msse2 -msse3 -DZSTDLIB_VISIBILITY= -pthread -I/home/thib/Documents/Polytech/S8/PROJET/docs/Cardinal/src/Rack/dep/simde -DSIMDE_ACCURACY_PREFERENCE=0 -DSIMDE_FAST_CONVERSION_RANGE -DSIMDE_FAST_MATH -DSIMDE_FAST_NANS -DSIMDE_FAST_ROUND_MODE -DSIMDE_FAST_ROUND_TIES -std=gnu99  -fno-finite-math-only -fno-strict-aliasing  -fdata-sections -ffunction-sections -Wl,-O1,--as-needed,--gc-sections -Wl,--strip-all  -Wl,--no-undefined -fexceptions conftest.c  >&5
configure:16836: $? = 0
configure:16836: ./conftest
configure:16836: $? = 0
configure:16850: result: 4
configure:16864: checking size of double
configure:16869: cc -o conftest -Wall -Wextra -pipe -MD -MP -fno-gnu-unique -fPIC -DPIC -DNDEBUG -O3 -ffast-math -fdata-sections -ffunction-sections -mtune=generic -msse -msse2 -mfpmath=sse -fvisibility=hidden -DUSING_CARDINAL_NOT_RACK -I/home/thib/Documents/Polytech/S8/PROJET/docs/Cardinal/include -I/home/thib/Documents/Polytech/S8/PROJET/docs/Cardinal/include/simd-compat -I/home/thib/Documents/Polytech/S8/PROJET/docs/Cardinal/src/Rack/dep/include -msse -msse2 -msse3 -DZSTDLIB_VISIBILITY= -pthread -I/home/thib/Documents/Polytech/S8/PROJET/docs/Cardinal/src/Rack/dep/simde -DSIMDE_ACCURACY_PREFERENCE=0 -DSIMDE_FAST_CONVERSION_RANGE -DSIMDE_FAST_MATH -DSIMDE_FAST_NANS -DSIMDE_FAST_ROUND_MODE -DSIMDE_FAST_ROUND_TIES -std=gnu99  -fno-finite-math-only -fno-strict-aliasing  -fdata-sections -ffunction-sections -Wl,-O1,--as-needed,--gc-sections -Wl,--strip-all  -Wl,--no-undefined -fexceptions conftest.c  >&5
configure:16869: $? = 0
configure:16869: ./conftest
configure:16869: $? = 0
configure:16883: result: 8
configure:16897: checking processor byte ordering
configure:16976: cc -o conftest -Wall -Wextra -pipe -MD -MP -fno-gnu-unique -fPIC -DPIC -DNDEBUG -O3 -ffast-math -fdata-sections -ffunction-sections -mtune=generic -msse -msse2 -mfpmath=sse -fvisibility=hidden -DUSING_CARDINAL_NOT_RACK -I/home/thib/Documents/Polytech/S8/PROJET/docs/Cardinal/include -I/home/thib/Documents/Polytech/S8/PROJET/docs/Cardinal/include/simd-compat -I/home/thib/Documents/Polytech/S8/PROJET/docs/Cardinal/src/Rack/dep/include -msse -msse2 -msse3 -DZSTDLIB_VISIBILITY= -pthread -I/home/thib/Documents/Polytech/S8/PROJET/docs/Cardinal/src/Rack/dep/simde -DSIMDE_ACCURACY_PREFERENCE=0 -DSIMDE_FAST_CONVERSION_RANGE -DSIMDE_FAST_MATH -DSIMDE_FAST_NANS -DSIMDE_FAST_ROUND_MODE -DSIMDE_FAST_ROUND_TIES -std=gnu99  -fno-finite-math-only -fno-strict-aliasing  -fdata-sections -ffunction-sections -Wl,-O1,--as-needed,--gc-sections -Wl,--strip-all  -Wl,--no-undefined -fexceptions conftest.c  >&5
configure:16976: $? = 0
configure:16994: cc -o conftest -Wall -Wextra -pipe -MD -MP -fno-gnu-unique -fPIC -DPIC -DNDEBUG -O3 -ffast-math -fdata-sections -ffunction-sections -mtune=generic -msse -msse2 -mfpmath=sse -fvisibility=hidden -DUSING_CARDINAL_NOT_RACK -I/home/thib/Documents/Polytech/S8/PROJET/docs/Cardinal/include -I/home/thib/Documents/Polytech/S8/PROJET/docs/Cardinal/include/simd-compat -I/home/thib/Documents/Polytech/S8/PROJET/docs/Cardinal/src/Rack/dep/include -msse -msse2 -msse3 -DZSTDLIB_VISIBILITY= -pthread -I/home/thib/Documents/Polytech/S8/PROJET/docs/Cardinal/src/Rack/dep/simde -DSIMDE_ACCURACY_PREFERENCE=0 -DSIMDE_FAST_CONVERSION_RANGE -DSIMDE_FAST_MATH -DSIMDE_FAST_NANS -DSIMDE_FAST_ROUND_MODE -DSIMDE_FAST_ROUND_TIES -std=gnu99  -fno-finite-math-only -fno-strict-aliasing  -fdata-sections -ffunction-sections -Wl,-O1,--as-needed,--gc-sections -Wl,--strip-all  -Wl,--no-undefined -fexceptions conftest.c  >&5
configure:16994: $? = 0
configure:17018: cc -o conftest -Wall -Wextra -pipe -MD -MP -fno-gnu-unique -fPIC -DPIC -DNDEBUG -O3 -ffast-math -fdata-sections -ffunction-sections -mtune=generic -msse -msse2 -mfpmath=sse -fvisibility=hidden -DUSING_CARDINAL_NOT_RACK -I/home/thib/Documents/Polytech/S8/PROJET/docs/Cardinal/include -I/home/thib/Documents/Polytech/S8/PROJET/docs/Cardinal/include/simd-compat -I/home/thib/Documents/Polytech/S8/PROJET/docs/Cardinal/src/Rack/dep/include -msse -msse2 -msse3 -DZSTDLIB_VISIBILITY= -pthread -I/home/thib/Documents/Polytech/S8/PROJET/docs/Cardinal/src/Rack/dep/simde -DSIMDE_ACCURACY_PREFERENCE=0 -DSIMDE_FAST_CONVERSION_RANGE -DSIMDE_FAST_MATH -DSIMDE_FAST_NANS -DSIMDE_FAST_ROUND_MODE -DSIMDE_FAST_ROUND_TIES -std=gnu99  -fno-finite-math-only -fno-strict-aliasing  -fdata-sections -ffunction-sections -Wl,-O1,--as-needed,--gc-sections -Wl,--strip-all  -Wl,--no-undefined -fexceptions conftest.c  >&5
configure:17018: $? = 0
configure:17111: result: little
configure:17156: checking for malloc
configure:17156: cc -o conftest -Wall -Wextra -pipe -MD -MP -fno-gnu-unique -fPIC -DPIC -DNDEBUG -O3 -ffast-math -fdata-sections -ffunction-sections -mtune=generic -msse -msse2 -mfpmath=sse -fvisibility=hidden -DUSING_CARDINAL_NOT_RACK -I/home/thib/Documents/Polytech/S8/PROJET/docs/Cardinal/include -I/home/thib/Documents/Polytech/S8/PROJET/docs/Cardinal/include/simd-compat -I/home/thib/Documents/Polytech/S8/PROJET/docs/Cardinal/src/Rack/dep/include -msse -msse2 -msse3 -DZSTDLIB_VISIBILITY= -pthread -I/home/thib/Documents/Polytech/S8/PROJET/docs/Cardinal/src/Rack/dep/simde -DSIMDE_ACCURACY_PREFERENCE=0 -DSIMDE_FAST_CONVERSION_RANGE -DSIMDE_FAST_MATH -DSIMDE_FAST_NANS -DSIMDE_FAST_ROUND_MODE -DSIMDE_FAST_ROUND_TIES -std=gnu99  -fno-finite-math-only -fno-strict-aliasing  -fdata-sections -ffunction-sections -Wl,-O1,--as-needed,--gc-sections -Wl,--strip-all  -Wl,--no-undefined -fexceptions conftest.c  >&5
conftest.c:55:6: warning: conflicting types for built-in function 'malloc'; expected 'void *(long unsigned int)' [-Wbuiltin-declaration-mismatch]
   55 | char malloc ();
      |      ^~~~~~
conftest.c:43:1: note: 'malloc' is declared in header '<stdlib.h>'
   42 | # include <limits.h>
   43 | #else
configure:17156: $? = 0
configure:17156: result: yes
configure:17156: checking for calloc
configure:17156: cc -o conftest -Wall -Wextra -pipe -MD -MP -fno-gnu-unique -fPIC -DPIC -DNDEBUG -O3 -ffast-math -fdata-sections -ffunction-sections -mtune=generic -msse -msse2 -mfpmath=sse -fvisibility=hidden -DUSING_CARDINAL_NOT_RACK -I/home/thib/Documents/Polytech/S8/PROJET/docs/Cardinal/include -I/home/thib/Documents/Polytech/S8/PROJET/docs/Cardinal/include/simd-compat -I/home/thib/Documents/Polytech/S8/PROJET/docs/Cardinal/src/Rack/dep/include -msse -msse2 -msse3 -DZSTDLIB_VISIBILITY= -pthread -I/home/thib/Documents/Polytech/S8/PROJET/docs/Cardinal/src/Rack/dep/simde -DSIMDE_ACCURACY_PREFERENCE=0 -DSIMDE_FAST_CONVERSION_RANGE -DSIMDE_FAST_MATH -DSIMDE_FAST_NANS -DSIMDE_FAST_ROUND_MODE -DSIMDE_FAST_ROUND_TIES -std=gnu99  -fno-finite-math-only -fno-strict-aliasing  -fdata-sections -ffunction-sections -Wl,-O1,--as-needed,--gc-sections -Wl,--strip-all  -Wl,--no-undefined -fexceptions conftest.c  >&5
conftest.c:56:6: warning: conflicting types for built-in function 'calloc'; expected 'void *(long unsigned int,  long unsigned int)' [-Wbuiltin-declaration-mismatch]
   56 | char calloc ();
      |      ^~~~~~
conftest.c:44:1: note: 'calloc' is declared in header '<stdlib.h>'
   43 | # include <limits.h>
   44 | #else
configure:17156: $? = 0
configure:17156: result: yes
configure:17156: checking for free
configure:17156: cc -o conftest -Wall -Wextra -pipe -MD -MP -fno-gnu-unique -fPIC -DPIC -DNDEBUG -O3 -ffast-math -fdata-sections -ffunction-sections -mtune=generic -msse -msse2 -mfpmath=sse -fvisibility=hidden -DUSING_CARDINAL_NOT_RACK -I/home/thib/Documents/Polytech/S8/PROJET/docs/Cardinal/include -I/home/thib/Documents/Polytech/S8/PROJET/docs/Cardinal/include/simd-compat -I/home/thib/Documents/Polytech/S8/PROJET/docs/Cardinal/src/Rack/dep/include -msse -msse2 -msse3 -DZSTDLIB_VISIBILITY= -pthread -I/home/thib/Documents/Polytech/S8/PROJET/docs/Cardinal/src/Rack/dep/simde -DSIMDE_ACCURACY_PREFERENCE=0 -DSIMDE_FAST_CONVERSION_RANGE -DSIMDE_FAST_MATH -DSIMDE_FAST_NANS -DSIMDE_FAST_ROUND_MODE -DSIMDE_FAST_ROUND_TIES -std=gnu99  -fno-finite-math-only -fno-strict-aliasing  -fdata-sections -ffunction-sections -Wl,-O1,--as-needed,--gc-sections -Wl,--strip-all  -Wl,--no-undefined -fexceptions conftest.c  >&5
conftest.c:57:6: warning: conflicting types for built-in function 'free'; expected 'void(void *)' [-Wbuiltin-declaration-mismatch]
   57 | char free ();
      |      ^~~~
conftest.c:45:1: note: 'free' is declared in header '<stdlib.h>'
   44 | # include <limits.h>
   45 | #else
configure:17156: $? = 0
configure:17156: result: yes
configure:17156: checking for memcpy
configure:17156: cc -o conftest -Wall -Wextra -pipe -MD -MP -fno-gnu-unique -fPIC -DPIC -DNDEBUG -O3 -ffast-math -fdata-sections -ffunction-sections -mtune=generic -msse -msse2 -mfpmath=sse -fvisibility=hidden -DUSING_CARDINAL_NOT_RACK -I/home/thib/Documents/Polytech/S8/PROJET/docs/Cardinal/include -I/home/thib/Documents/Polytech/S8/PROJET/docs/Cardinal/include/simd-compat -I/home/thib/Documents/Polytech/S8/PROJET/docs/Cardinal/src/Rack/dep/include -msse -msse2 -msse3 -DZSTDLIB_VISIBILITY= -pthread -I/home/thib/Documents/Polytech/S8/PROJET/docs/Cardinal/src/Rack/dep/simde -DSIMDE_ACCURACY_PREFERENCE=0 -DSIMDE_FAST_CONVERSION_RANGE -DSIMDE_FAST_MATH -DSIMDE_FAST_NANS -DSIMDE_FAST_ROUND_MODE -DSIMDE_FAST_ROUND_TIES -std=gnu99  -fno-finite-math-only -fno-strict-aliasing  -fdata-sections -ffunction-sections -Wl,-O1,--as-needed,--gc-sections -Wl,--strip-all  -Wl,--no-undefined -fexceptions conftest.c  >&5
conftest.c:58:6: warning: conflicting types for built-in function 'memcpy'; expected 'void *(void *, const void *, long unsigned int)' [-Wbuiltin-declaration-mismatch]
   58 | char memcpy ();
      |      ^~~~~~
conftest.c:46:1: note: 'memcpy' is declared in header '<string.h>'
   45 | # include <limits.h>
   46 | #else
configure:17156: $? = 0
configure:17156: result: yes
configure:17156: checking for memmove
configure:17156: cc -o conftest -Wall -Wextra -pipe -MD -MP -fno-gnu-unique -fPIC -DPIC -DNDEBUG -O3 -ffast-math -fdata-sections -ffunction-sections -mtune=generic -msse -msse2 -mfpmath=sse -fvisibility=hidden -DUSING_CARDINAL_NOT_RACK -I/home/thib/Documents/Polytech/S8/PROJET/docs/Cardinal/include -I/home/thib/Documents/Polytech/S8/PROJET/docs/Cardinal/include/simd-compat -I/home/thib/Documents/Polytech/S8/PROJET/docs/Cardinal/src/Rack/dep/include -msse -msse2 -msse3 -DZSTDLIB_VISIBILITY= -pthread -I/home/thib/Documents/Polytech/S8/PROJET/docs/Cardinal/src/Rack/dep/simde -DSIMDE_ACCURACY_PREFERENCE=0 -DSIMDE_FAST_CONVERSION_RANGE -DSIMDE_FAST_MATH -DSIMDE_FAST_NANS -DSIMDE_FAST_ROUND_MODE -DSIMDE_FAST_ROUND_TIES -std=gnu99  -fno-finite-math-only -fno-strict-aliasing  -fdata-sections -ffunction-sections -Wl,-O1,--as-needed,--gc-sections -Wl,--strip-all  -Wl,--no-undefined -fexceptions conftest.c  >&5
conftest.c:59:6: warning: conflicting types for built-in function 'memmove'; expected 'void *(void *, const void *, long unsigned int)' [-Wbuiltin-declaration-mismatch]
   59 | char memmove ();
      |      ^~~~~~~
conftest.c:47:1: note: 'memmove' is declared in header '<string.h>'
   46 | # include <limits.h>
   47 | #else
configure:17156: $? = 0
configure:17156: result: yes
configure:17156: checking for alarm
configure:17156: cc -o conftest -Wall -Wextra -pipe -MD -MP -fno-gnu-unique -fPIC -DPIC -DNDEBUG -O3 -ffast-math -fdata-sections -ffunction-sections -mtune=generic -msse -msse2 -mfpmath=sse -fvisibility=hidden -DUSING_CARDINAL_NOT_RACK -I/home/thib/Documents/Polytech/S8/PROJET/docs/Cardinal/include -I/home/thib/Documents/Polytech/S8/PROJET/docs/Cardinal/include/simd-compat -I/home/thib/Documents/Polytech/S8/PROJET/docs/Cardinal/src/Rack/dep/include -msse -msse2 -msse3 -DZSTDLIB_VISIBILITY= -pthread -I/home/thib/Documents/Polytech/S8/PROJET/docs/Cardinal/src/Rack/dep/simde -DSIMDE_ACCURACY_PREFERENCE=0 -DSIMDE_FAST_CONVERSION_RANGE -DSIMDE_FAST_MATH -DSIMDE_FAST_NANS -DSIMDE_FAST_ROUND_MODE -DSIMDE_FAST_ROUND_TIES -std=gnu99  -fno-finite-math-only -fno-strict-aliasing  -fdata-sections -ffunction-sections -Wl,-O1,--as-needed,--gc-sections -Wl,--strip-all  -Wl,--no-undefined -fexceptions conftest.c  >&5
configure:17156: $? = 0
configure:17156: result: yes
configure:17156: checking for signal
configure:17156: cc -o conftest -Wall -Wextra -pipe -MD -MP -fno-gnu-unique -fPIC -DPIC -DNDEBUG -O3 -ffast-math -fdata-sections -ffunction-sections -mtune=generic -msse -msse2 -mfpmath=sse -fvisibility=hidden -DUSING_CARDINAL_NOT_RACK -I/home/thib/Documents/Polytech/S8/PROJET/docs/Cardinal/include -I/home/thib/Documents/Polytech/S8/PROJET/docs/Cardinal/include/simd-compat -I/home/thib/Documents/Polytech/S8/PROJET/docs/Cardinal/src/Rack/dep/include -msse -msse2 -msse3 -DZSTDLIB_VISIBILITY= -pthread -I/home/thib/Documents/Polytech/S8/PROJET/docs/Cardinal/src/Rack/dep/simde -DSIMDE_ACCURACY_PREFERENCE=0 -DSIMDE_FAST_CONVERSION_RANGE -DSIMDE_FAST_MATH -DSIMDE_FAST_NANS -DSIMDE_FAST_ROUND_MODE -DSIMDE_FAST_ROUND_TIES -std=gnu99  -fno-finite-math-only -fno-strict-aliasing  -fdata-sections -ffunction-sections -Wl,-O1,--as-needed,--gc-sections -Wl,--strip-all  -Wl,--no-undefined -fexceptions conftest.c  >&5
configure:17156: $? = 0
configure:17156: result: yes
configure:17166: checking for floor in -lm
configure:17191: cc -o conftest -Wall -Wextra -pipe -MD -MP -fno-gnu-unique -fPIC -DPIC -DNDEBUG -O3 -ffast-math -fdata-sections -ffunction-sections -mtune=generic -msse -msse2 -mfpmath=sse -fvisibility=hidden -DUSING_CARDINAL_NOT_RACK -I/home/thib/Documents/Polytech/S8/PROJET/docs/Cardinal/include -I/home/thib/Documents/Polytech/S8/PROJET/docs/Cardinal/include/simd-compat -I/home/thib/Documents/Polytech/S8/PROJET/docs/Cardinal/src/Rack/dep/include -msse -msse2 -msse3 -DZSTDLIB_VISIBILITY= -pthread -I/home/thib/Documents/Polytech/S8/PROJET/docs/Cardinal/src/Rack/dep/simde -DSIMDE_ACCURACY_PREFERENCE=0 -DSIMDE_FAST_CONVERSION_RANGE -DSIMDE_FAST_MATH -DSIMDE_FAST_NANS -DSIMDE_FAST_ROUND_MODE -DSIMDE_FAST_ROUND_TIES -std=gnu99  -fno-finite-math-only -fno-strict-aliasing  -fdata-sections -ffunction-sections -Wl,-O1,--as-needed,--gc-sections -Wl,--strip-all  -Wl,--no-undefined -fexceptions conftest.c -lm   >&5
conftest.c:46:6: warning: conflicting types for built-in function 'floor'; expected 'double(double)' [-Wbuiltin-declaration-mismatch]
   46 | char floor ();
      |      ^~~~~
conftest.c:1:1: note: 'floor' is declared in header '<math.h>'
    1 | /* confdefs.h */
configure:17191: $? = 0
configure:17200: result: yes
configure:17214: checking for floor
configure:17214: cc -o conftest -Wall -Wextra -pipe -MD -MP -fno-gnu-unique -fPIC -DPIC -DNDEBUG -O3 -ffast-math -fdata-sections -ffunction-sections -mtune=generic -msse -msse2 -mfpmath=sse -fvisibility=hidden -DUSING_CARDINAL_NOT_RACK -I/home/thib/Documents/Polytech/S8/PROJET/docs/Cardinal/include -I/home/thib/Documents/Polytech/S8/PROJET/docs/Cardinal/include/simd-compat -I/home/thib/Documents/Polytech/S8/PROJET/docs/Cardinal/src/Rack/dep/include -msse -msse2 -msse3 -DZSTDLIB_VISIBILITY= -pthread -I/home/thib/Documents/Polytech/S8/PROJET/docs/Cardinal/src/Rack/dep/simde -DSIMDE_ACCURACY_PREFERENCE=0 -DSIMDE_FAST_CONVERSION_RANGE -DSIMDE_FAST_MATH -DSIMDE_FAST_NANS -DSIMDE_FAST_ROUND_MODE -DSIMDE_FAST_ROUND_TIES -std=gnu99  -fno-finite-math-only -fno-strict-aliasing  -fdata-sections -ffunction-sections -Wl,-O1,--as-needed,--gc-sections -Wl,--strip-all  -Wl,--no-undefined -fexceptions conftest.c -lm  >&5
conftest.c:63:6: warning: conflicting types for built-in function 'floor'; expected 'double(double)' [-Wbuiltin-declaration-mismatch]
   63 | char floor ();
      |      ^~~~~
conftest.c:51:1: note: 'floor' is declared in header '<math.h>'
   50 | # include <limits.h>
   51 | #else
configure:17214: $? = 0
configure:17214: result: yes
configure:17214: checking for ceil
configure:17214: cc -o conftest -Wall -Wextra -pipe -MD -MP -fno-gnu-unique -fPIC -DPIC -DNDEBUG -O3 -ffast-math -fdata-sections -ffunction-sections -mtune=generic -msse -msse2 -mfpmath=sse -fvisibility=hidden -DUSING_CARDINAL_NOT_RACK -I/home/thib/Documents/Polytech/S8/PROJET/docs/Cardinal/include -I/home/thib/Documents/Polytech/S8/PROJET/docs/Cardinal/include/simd-compat -I/home/thib/Documents/Polytech/S8/PROJET/docs/Cardinal/src/Rack/dep/include -msse -msse2 -msse3 -DZSTDLIB_VISIBILITY= -pthread -I/home/thib/Documents/Polytech/S8/PROJET/docs/Cardinal/src/Rack/dep/simde -DSIMDE_ACCURACY_PREFERENCE=0 -DSIMDE_FAST_CONVERSION_RANGE -DSIMDE_FAST_MATH -DSIMDE_FAST_NANS -DSIMDE_FAST_ROUND_MODE -DSIMDE_FAST_ROUND_TIES -std=gnu99  -fno-finite-math-only -fno-strict-aliasing  -fdata-sections -ffunction-sections -Wl,-O1,--as-needed,--gc-sections -Wl,--strip-all  -Wl,--no-undefined -fexceptions conftest.c -lm  >&5
conftest.c:64:6: warning: conflicting types for built-in function 'ceil'; expected 'double(double)' [-Wbuiltin-declaration-mismatch]
   64 | char ceil ();
      |      ^~~~
conftest.c:52:1: note: 'ceil' is declared in header '<math.h>'
   51 | # include <limits.h>
   52 | #else
configure:17214: $? = 0
configure:17214: result: yes
configure:17214: checking for fmod
configure:17214: cc -o conftest -Wall -Wextra -pipe -MD -MP -fno-gnu-unique -fPIC -DPIC -DNDEBUG -O3 -ffast-math -fdata-sections -ffunction-sections -mtune=generic -msse -msse2 -mfpmath=sse -fvisibility=hidden -DUSING_CARDINAL_NOT_RACK -I/home/thib/Documents/Polytech/S8/PROJET/docs/Cardinal/include -I/home/thib/Documents/Polytech/S8/PROJET/docs/Cardinal/include/simd-compat -I/home/thib/Documents/Polytech/S8/PROJET/docs/Cardinal/src/Rack/dep/include -msse -msse2 -msse3 -DZSTDLIB_VISIBILITY= -pthread -I/home/thib/Documents/Polytech/S8/PROJET/docs/Cardinal/src/Rack/dep/simde -DSIMDE_ACCURACY_PREFERENCE=0 -DSIMDE_FAST_CONVERSION_RANGE -DSIMDE_FAST_MATH -DSIMDE_FAST_NANS -DSIMDE_FAST_ROUND_MODE -DSIMDE_FAST_ROUND_TIES -std=gnu99  -fno-finite-math-only -fno-strict-aliasing  -fdata-sections -ffunction-sections -Wl,-O1,--as-needed,--gc-sections -Wl,--strip-all  -Wl,--no-undefined -fexceptions conftest.c -lm  >&5
conftest.c:65:6: warning: conflicting types for built-in function 'fmod'; expected 'double(double,  double)' [-Wbuiltin-declaration-mismatch]
   65 | char fmod ();
      |      ^~~~
conftest.c:53:1: note: 'fmod' is declared in header '<math.h>'
   52 | # include <limits.h>
   53 | #else
configure:17214: $? = 0
configure:17214: result: yes
configure:17224: checking for SIGALRM
configure:17244: cc -o conftest -Wall -Wextra -pipe -MD -MP -fno-gnu-unique -fPIC -DPIC -DNDEBUG -O3 -ffast-math -fdata-sections -ffunction-sections -mtune=generic -msse -msse2 -mfpmath=sse -fvisibility=hidden -DUSING_CARDINAL_NOT_RACK -I/home/thib/Documents/Polytech/S8/PROJET/docs/Cardinal/include -I/home/thib/Documents/Polytech/S8/PROJET/docs/Cardinal/include/simd-compat -I/home/thib/Documents/Polytech/S8/PROJET/docs/Cardinal/src/Rack/dep/include -msse -msse2 -msse3 -DZSTDLIB_VISIBILITY= -pthread -I/home/thib/Documents/Polytech/S8/PROJET/docs/Cardinal/src/Rack/dep/simde -DSIMDE_ACCURACY_PREFERENCE=0 -DSIMDE_FAST_CONVERSION_RANGE -DSIMDE_FAST_MATH -DSIMDE_FAST_NANS -DSIMDE_FAST_ROUND_MODE -DSIMDE_FAST_ROUND_TIES -std=gnu99  -fno-finite-math-only -fno-strict-aliasing  -fdata-sections -ffunction-sections -Wl,-O1,--as-needed,--gc-sections -Wl,--strip-all  -Wl,--no-undefined -fexceptions conftest.c -lm  >&5
configure:17244: $? = 0
configure:17254: result: yes
configure:17264: checking for lrint
configure:17290: cc -o conftest -lm  -fdata-sections -ffunction-sections -Wl,-O1,--as-needed,--gc-sections -Wl,--strip-all  -Wl,--no-undefined -fexceptions conftest.c -lm  >&5
configure:17290: $? = 0
configure:17302: result: yes
configure:17311: checking for lrintf
configure:17337: cc -o conftest -lm  -fdata-sections -ffunction-sections -Wl,-O1,--as-needed,--gc-sections -Wl,--strip-all  -Wl,--no-undefined -fexceptions conftest.c -lm  >&5
configure:17337: $? = 0
configure:17349: result: yes
configure:17375: checking processor clipping capabilities
configure:17415: cc -o conftest -Wall -Wextra -pipe -MD -MP -fno-gnu-unique -fPIC -DPIC -DNDEBUG -O3 -ffast-math -fdata-sections -ffunction-sections -mtune=generic -msse -msse2 -mfpmath=sse -fvisibility=hidden -DUSING_CARDINAL_NOT_RACK -I/home/thib/Documents/Polytech/S8/PROJET/docs/Cardinal/include -I/home/thib/Documents/Polytech/S8/PROJET/docs/Cardinal/include/simd-compat -I/home/thib/Documents/Polytech/S8/PROJET/docs/Cardinal/src/Rack/dep/include -msse -msse2 -msse3 -DZSTDLIB_VISIBILITY= -pthread -I/home/thib/Documents/Polytech/S8/PROJET/docs/Cardinal/src/Rack/dep/simde -DSIMDE_ACCURACY_PREFERENCE=0 -DSIMDE_FAST_CONVERSION_RANGE -DSIMDE_FAST_MATH -DSIMDE_FAST_NANS -DSIMDE_FAST_ROUND_MODE -DSIMDE_FAST_ROUND_TIES -std=gnu99  -fno-finite-math-only -fno-strict-aliasing  -fdata-sections -ffunction-sections -Wl,-O1,--as-needed,--gc-sections -Wl,--strip-all  -Wl,--no-undefined -fexceptions conftest.c -lm  >&5
configure:17415: $? = 0
configure:17415: ./conftest
configure:17415: $? = 1
configure: program exited with status 1
configure: failed program was:
| /* confdefs.h */
| #define PACKAGE_NAME "libsamplerate"
| #define PACKAGE_TARNAME "libsamplerate"
| #define PACKAGE_VERSION "0.1.9"
| #define PACKAGE_STRING "libsamplerate 0.1.9"
| #define PACKAGE_BUGREPORT "erikd@mega-nerd.com"
| #define PACKAGE_URL "http://www.mega-nerd.com/libsamplerate/"
| #define PACKAGE "libsamplerate"
| #define VERSION "0.1.9"
| #define STDC_HEADERS 1
| #define HAVE_SYS_TYPES_H 1
| #define HAVE_SYS_STAT_H 1
| #define HAVE_STDLIB_H 1
| #define HAVE_STRING_H 1
| #define HAVE_MEMORY_H 1
| #define HAVE_STRINGS_H 1
| #define HAVE_INTTYPES_H 1
| #define HAVE_STDINT_H 1
| #define HAVE_UNISTD_H 1
| #define HAVE_DLFCN_H 1
| #define LT_OBJDIR ".libs/"
| #define STDC_HEADERS 1
| #define HAVE_STDINT_H 1
| #define HAVE_SYS_TIMES_H 1
| #define SIZEOF_INT 4
| #define SIZEOF_LONG 8
| #define SIZEOF_FLOAT 4
| #define SIZEOF_DOUBLE 8
| #define CPU_IS_BIG_ENDIAN 0
| #define CPU_IS_LITTLE_ENDIAN 1
| #define HAVE_MALLOC 1
| #define HAVE_CALLOC 1
| #define HAVE_FREE 1
| #define HAVE_MEMCPY 1
| #define HAVE_MEMMOVE 1
| #define HAVE_ALARM 1
| #define HAVE_SIGNAL 1
| #define HAVE_LIBM 1
| #define HAVE_FLOOR 1
| #define HAVE_CEIL 1
| #define HAVE_FMOD 1
| #define HAVE_SIGALRM 1
| #define HAVE_LRINT 1
| #define HAVE_LRINTF 1
| /* end confdefs.h.  */
| 
| 	#define	_ISOC9X_SOURCE	1
| 	#define _ISOC99_SOURCE	1
| 	#define	__USE_ISOC99	1
| 	#define __USE_ISOC9X	1
| 	#include <math.h>
| 	int main (void)
| 	{	double	fval ;
| 		int k, ival ;
| 
| 		fval = 1.0 * 0x7FFFFFFF ;
| 		for (k = 0 ; k < 100 ; k++)
| 		{	ival = (lrint (fval)) >> 24 ;
| 			if (ival != 127)
| 				return 1 ;
| 
| 			fval *= 1.2499999 ;
| 			} ;
| 
| 			return 0 ;
| 		}
| 
configure:17454: cc -o conftest -Wall -Wextra -pipe -MD -MP -fno-gnu-unique -fPIC -DPIC -DNDEBUG -O3 -ffast-math -fdata-sections -ffunction-sections -mtune=generic -msse -msse2 -mfpmath=sse -fvisibility=hidden -DUSING_CARDINAL_NOT_RACK -I/home/thib/Documents/Polytech/S8/PROJET/docs/Cardinal/include -I/home/thib/Documents/Polytech/S8/PROJET/docs/Cardinal/include/simd-compat -I/home/thib/Documents/Polytech/S8/PROJET/docs/Cardinal/src/Rack/dep/include -msse -msse2 -msse3 -DZSTDLIB_VISIBILITY= -pthread -I/home/thib/Documents/Polytech/S8/PROJET/docs/Cardinal/src/Rack/dep/simde -DSIMDE_ACCURACY_PREFERENCE=0 -DSIMDE_FAST_CONVERSION_RANGE -DSIMDE_FAST_MATH -DSIMDE_FAST_NANS -DSIMDE_FAST_ROUND_MODE -DSIMDE_FAST_ROUND_TIES -std=gnu99  -fno-finite-math-only -fno-strict-aliasing  -fdata-sections -ffunction-sections -Wl,-O1,--as-needed,--gc-sections -Wl,--strip-all  -Wl,--no-undefined -fexceptions conftest.c -lm  >&5
configure:17454: $? = 0
configure:17454: ./conftest
configure:17454: $? = 1
configure: program exited with status 1
configure: failed program was:
| /* confdefs.h */
| #define PACKAGE_NAME "libsamplerate"
| #define PACKAGE_TARNAME "libsamplerate"
| #define PACKAGE_VERSION "0.1.9"
| #define PACKAGE_STRING "libsamplerate 0.1.9"
| #define PACKAGE_BUGREPORT "erikd@mega-nerd.com"
| #define PACKAGE_URL "http://www.mega-nerd.com/libsamplerate/"
| #define PACKAGE "libsamplerate"
| #define VERSION "0.1.9"
| #define STDC_HEADERS 1
| #define HAVE_SYS_TYPES_H 1
| #define HAVE_SYS_STAT_H 1
| #define HAVE_STDLIB_H 1
| #define HAVE_STRING_H 1
| #define HAVE_MEMORY_H 1
| #define HAVE_STRINGS_H 1
| #define HAVE_INTTYPES_H 1
| #define HAVE_STDINT_H 1
| #define HAVE_UNISTD_H 1
| #define HAVE_DLFCN_H 1
| #define LT_OBJDIR ".libs/"
| #define STDC_HEADERS 1
| #define HAVE_STDINT_H 1
| #define HAVE_SYS_TIMES_H 1
| #define SIZEOF_INT 4
| #define SIZEOF_LONG 8
| #define SIZEOF_FLOAT 4
| #define SIZEOF_DOUBLE 8
| #define CPU_IS_BIG_ENDIAN 0
| #define CPU_IS_LITTLE_ENDIAN 1
| #define HAVE_MALLOC 1
| #define HAVE_CALLOC 1
| #define HAVE_FREE 1
| #define HAVE_MEMCPY 1
| #define HAVE_MEMMOVE 1
| #define HAVE_ALARM 1
| #define HAVE_SIGNAL 1
| #define HAVE_LIBM 1
| #define HAVE_FLOOR 1
| #define HAVE_CEIL 1
| #define HAVE_FMOD 1
| #define HAVE_SIGALRM 1
| #define HAVE_LRINT 1
| #define HAVE_LRINTF 1
| /* end confdefs.h.  */
| 
| 	#define	_ISOC9X_SOURCE	1
| 	#define _ISOC99_SOURCE	1
| 	#define	__USE_ISOC99	1
| 	#define __USE_ISOC9X	1
| 	#include <math.h>
| 	int main (void)
| 	{	double	fval ;
| 		int k, ival ;
| 
| 		fval = -8.0 * 0x10000000 ;
| 		for (k = 0 ; k < 100 ; k++)
| 		{	ival = (lrint (fval)) >> 24 ;
| 			if (ival != -128)
| 				return 1 ;
| 
| 			fval *= 1.2499999 ;
| 			} ;
| 
| 			return 0 ;
| 		}
| 
configure:17496: result: none
configure:17541: checking for x86_64-linux-gnu-pkg-config
configure:17559: found /usr/bin/x86_64-linux-gnu-pkg-config
configure:17571: result: /usr/bin/x86_64-linux-gnu-pkg-config
configure:17639: checking pkg-config is at least version 0.9.0
configure:17642: result: yes
configure:18064: checking that generated files are newer than configure
configure:18070: result: done
configure:18097: creating ./config.status

## ---------------------- ##
## Running config.status. ##
## ---------------------- ##

This file was extended by libsamplerate config.status 0.1.9, which was
generated by GNU Autoconf 2.69.  Invocation command line was

  CONFIG_FILES    = 
  CONFIG_HEADERS  = 
  CONFIG_LINKS    = 
  CONFIG_COMMANDS = 
  $ ./config.status 

on LinuxThib

config.status:1275: creating Makefile
config.status:1275: creating M4/Makefile
config.status:1275: creating src/Version_script
config.status:1275: creating Win32/Makefile
config.status:1275: creating Win32/Makefile.mingw
config.status:1275: creating src/Makefile
config.status:1275: creating examples/Makefile
config.status:1275: creating tests/Makefile
config.status:1275: creating doc/Makefile
config.status:1275: creating libsamplerate.spec
config.status:1275: creating samplerate.pc
config.status:1275: creating src/config.h
config.status:1504: executing depfiles commands
config.status:1504: executing libtool commands
configure:20750: WARNING: unrecognized options: --disable-alsa, --disable-neon
configure:20767: result:
-=-=-=-=-=-=-=-=-=-= Configuration Complete =-=-=-=-=-=-=-=-=-=-=-

  Configuration summary :

    Version : ..................... 0.1.9

    Host CPU : .................... x86_64
    Host Vendor : ................. linux
    Host OS : ..................... gnu

configure:20789: result:
  Extra tools required for testing and examples :

    Have FFTW : ................... no
configure:20795: result:     Have libsndfile : ............. no
configure:20798: result:     Have ALSA : ................... 

configure:20807: result:   Installation directories :

    Library directory : ........... /home/thib/Documents/Polytech/S8/PROJET/docs/Cardinal/src/Rack/dep/lib
    Program directory : ........... /home/thib/Documents/Polytech/S8/PROJET/docs/Cardinal/src/Rack/dep/bin
    Pkgconfig directory : ......... /home/thib/Documents/Polytech/S8/PROJET/docs/Cardinal/src/Rack/dep/lib/pkgconfig


## ---------------- ##
## Cache variables. ##
## ---------------- ##

ac_cv_build=x86_64-linux-gnu
ac_cv_c99_lrint=yes
ac_cv_c99_lrintf=yes
ac_cv_c_big_endian=0
ac_cv_c_byte_order=little
ac_cv_c_clip_negative=0
ac_cv_c_clip_positive=0
ac_cv_c_clip_type=none
ac_cv_c_compiler_gnu=yes
ac_cv_c_little_endian=1
ac_cv_cxx_compiler_gnu=yes
ac_cv_env_CCC_set=
ac_cv_env_CCC_value=
ac_cv_env_CC_set=set
ac_cv_env_CC_value=cc
ac_cv_env_CFLAGS_set=set
ac_cv_env_CFLAGS_value='-Wall -Wextra -pipe -MD -MP -fno-gnu-unique -fPIC -DPIC -DNDEBUG -O3 -ffast-math -fdata-sections -ffunction-sections -mtune=generic -msse -msse2 -mfpmath=sse -fvisibility=hidden -DUSING_CARDINAL_NOT_RACK -I/home/thib/Documents/Polytech/S8/PROJET/docs/Cardinal/include -I/home/thib/Documents/Polytech/S8/PROJET/docs/Cardinal/include/simd-compat -I/home/thib/Documents/Polytech/S8/PROJET/docs/Cardinal/src/Rack/dep/include -msse -msse2 -msse3 -DZSTDLIB_VISIBILITY= -pthread -I/home/thib/Documents/Polytech/S8/PROJET/docs/Cardinal/src/Rack/dep/simde -DSIMDE_ACCURACY_PREFERENCE=0 -DSIMDE_FAST_CONVERSION_RANGE -DSIMDE_FAST_MATH -DSIMDE_FAST_NANS -DSIMDE_FAST_ROUND_MODE -DSIMDE_FAST_ROUND_TIES -std=gnu99  -fno-finite-math-only -fno-strict-aliasing'
ac_cv_env_CPPFLAGS_set=
ac_cv_env_CPPFLAGS_value=
ac_cv_env_CPP_set=
ac_cv_env_CPP_value=
ac_cv_env_CXXCPP_set=
ac_cv_env_CXXCPP_value=
ac_cv_env_CXXFLAGS_set=set
ac_cv_env_CXXFLAGS_value='-Wall -Wextra -pipe -MD -MP -fno-gnu-unique -fPIC -DPIC -DNDEBUG -O3 -ffast-math -fdata-sections -ffunction-sections -mtune=generic -msse -msse2 -mfpmath=sse -fvisibility=hidden -DUSING_CARDINAL_NOT_RACK -I/home/thib/Documents/Polytech/S8/PROJET/docs/Cardinal/include -I/home/thib/Documents/Polytech/S8/PROJET/docs/Cardinal/include/simd-compat -I/home/thib/Documents/Polytech/S8/PROJET/docs/Cardinal/src/Rack/dep/include -msse -msse2 -msse3 -DZSTDLIB_VISIBILITY= -pthread -I/home/thib/Documents/Polytech/S8/PROJET/docs/Cardinal/src/Rack/dep/simde -DSIMDE_ACCURACY_PREFERENCE=0 -DSIMDE_FAST_CONVERSION_RANGE -DSIMDE_FAST_MATH -DSIMDE_FAST_NANS -DSIMDE_FAST_ROUND_MODE -DSIMDE_FAST_ROUND_TIES -std=gnu++11 -fvisibility-inlines-hidden -fexceptions -DDISTRHO_NAMESPACE=CardinalDISTRHO -DDGL_NAMESPACE=CardinalDGL -DNVG_DISABLE_SKIPPING_WHITESPACE -DNVG_FONT_TEXTURE_FLAGS=NVG_IMAGE_NEAREST -DDGL_WINDOWS_ICON_ID=401 -DDGL_X11_WINDOW_ICON_NAME=gCardinalX11Icon -DDGL_X11_WINDOW_ICON_SIZE=18950 -DDGL_USE_NANOVG_FBO -fno-finite-math-only -fno-strict-aliasing'
ac_cv_env_CXX_set=set
ac_cv_env_CXX_value=g++
ac_cv_env_FFTW3_CFLAGS_set=
ac_cv_env_FFTW3_CFLAGS_value=
ac_cv_env_FFTW3_LIBS_set=
ac_cv_env_FFTW3_LIBS_value=
ac_cv_env_LDFLAGS_set=set
ac_cv_env_LDFLAGS_value='-fdata-sections -ffunction-sections -Wl,-O1,--as-needed,--gc-sections -Wl,--strip-all  -Wl,--no-undefined -fexceptions'
ac_cv_env_LIBS_set=
ac_cv_env_LIBS_value=
ac_cv_env_LT_SYS_LIBRARY_PATH_set=
ac_cv_env_LT_SYS_LIBRARY_PATH_value=
ac_cv_env_PKG_CONFIG_LIBDIR_set=
ac_cv_env_PKG_CONFIG_LIBDIR_value=
ac_cv_env_PKG_CONFIG_PATH_set=
ac_cv_env_PKG_CONFIG_PATH_value=
ac_cv_env_PKG_CONFIG_set=
ac_cv_env_PKG_CONFIG_value=
ac_cv_env_SNDFILE_CFLAGS_set=
ac_cv_env_SNDFILE_CFLAGS_value=
ac_cv_env_SNDFILE_LIBS_set=
ac_cv_env_SNDFILE_LIBS_value=
ac_cv_env_build_alias_set=
ac_cv_env_build_alias_value=
ac_cv_env_host_alias_set=set
ac_cv_env_host_alias_value=x86_64-linux-gnu
ac_cv_env_target_alias_set=
ac_cv_env_target_alias_value=
ac_cv_fftw3=no
ac_cv_func_alarm=yes
ac_cv_func_calloc=yes
ac_cv_func_ceil=yes
ac_cv_func_floor=yes
ac_cv_func_fmod=yes
ac_cv_func_free=yes
ac_cv_func_malloc=yes
ac_cv_func_memcpy=yes
ac_cv_func_memmove=yes
ac_cv_func_signal=yes
ac_cv_header_dlfcn_h=yes
ac_cv_header_inttypes_h=yes
ac_cv_header_memory_h=yes
ac_cv_header_stdc=yes
ac_cv_header_stdint_h=yes
ac_cv_header_stdlib_h=yes
ac_cv_header_string_h=yes
ac_cv_header_strings_h=yes
ac_cv_header_sys_stat_h=yes
ac_cv_header_sys_times_h=yes
ac_cv_header_sys_types_h=yes
ac_cv_header_unistd_h=yes
ac_cv_host=x86_64-linux-gnu
ac_cv_lib_m_floor=yes
ac_cv_objext=o
ac_cv_path_EGREP='/usr/bin/grep -E'
ac_cv_path_FGREP='/usr/bin/grep -F'
ac_cv_path_GREP=/usr/bin/grep
ac_cv_path_PKG_CONFIG=/usr/bin/x86_64-linux-gnu-pkg-config
ac_cv_path_SED=/usr/bin/sed
ac_cv_path_install='/usr/bin/install -c'
ac_cv_path_lt_DD=/usr/bin/dd
ac_cv_path_mkdir=/usr/bin/mkdir
ac_cv_prog_AR=ar
ac_cv_prog_AWK=mawk
ac_cv_prog_CC=cc
ac_cv_prog_CPP='cc -E'
ac_cv_prog_CXXCPP='g++ -E'
ac_cv_prog_OBJDUMP=x86_64-linux-gnu-objdump
ac_cv_prog_RANLIB=x86_64-linux-gnu-ranlib
ac_cv_prog_STRIP=x86_64-linux-gnu-strip
ac_cv_prog_ac_ct_MANIFEST_TOOL=mt
ac_cv_prog_cc_c89=
ac_cv_prog_cc_g=yes
ac_cv_prog_cxx_g=yes
ac_cv_prog_make_make_set=yes
ac_cv_signal_SIGALRM=yes
ac_cv_sizeof_double=8
ac_cv_sizeof_float=4
ac_cv_sizeof_int=4
ac_cv_sizeof_long=8
ac_cv_sndfile=no
ac_cv_target=x86_64-linux-gnu
am_cv_CC_dependencies_compiler_type=gcc3
am_cv_CXX_dependencies_compiler_type=gcc3
am_cv_make_support_nested_variables=yes
am_cv_prog_cc_c_o=yes
lt_cv_ar_at_file=@
lt_cv_deplibs_check_method=pass_all
lt_cv_file_magic_cmd='$MAGIC_CMD'
lt_cv_file_magic_test_file=
lt_cv_ld_reload_flag=-r
lt_cv_nm_interface='BSD nm'
lt_cv_objdir=.libs
lt_cv_path_LD=/usr/bin/ld
lt_cv_path_LDCXX='/usr/bin/ld -m elf_x86_64'
lt_cv_path_NM='/usr/bin/x86_64-linux-gnu-nm -B'
lt_cv_path_mainfest_tool=no
lt_cv_prog_compiler_c_o=yes
lt_cv_prog_compiler_c_o_CXX=yes
lt_cv_prog_compiler_c_o_RC=yes
lt_cv_prog_compiler_pic='-fPIC -DPIC'
lt_cv_prog_compiler_pic_CXX='-fPIC -DPIC'
lt_cv_prog_compiler_pic_works=yes
lt_cv_prog_compiler_pic_works_CXX=yes
lt_cv_prog_compiler_rtti_exceptions=no
lt_cv_prog_compiler_static_works=yes
lt_cv_prog_compiler_static_works_CXX=yes
lt_cv_prog_gnu_ld=yes
lt_cv_prog_gnu_ldcxx=yes
lt_cv_sharedlib_from_linklib_cmd='printf %s\n'
lt_cv_shlibpath_overrides_runpath=yes
lt_cv_sys_global_symbol_pipe='sed -n -e '\''s/^.*[	 ]\([ABCDGIRSTW][ABCDGIRSTW]*\)[	 ][	 ]*\([_A-Za-z][_A-Za-z0-9]*\)$/\1 \2 \2/p'\'' | sed '\''/ __gnu_lto/d'\'''
lt_cv_sys_global_symbol_to_c_name_address='sed -n -e '\''s/^: \(.*\) .*$/  {"\1", (void *) 0},/p'\'' -e '\''s/^[ABCDGIRSTW][ABCDGIRSTW]* .* \(.*\)$/  {"\1", (void *) \&\1},/p'\'''
lt_cv_sys_global_symbol_to_c_name_address_lib_prefix='sed -n -e '\''s/^: \(.*\) .*$/  {"\1", (void *) 0},/p'\'' -e '\''s/^[ABCDGIRSTW][ABCDGIRSTW]* .* \(lib.*\)$/  {"\1", (void *) \&\1},/p'\'' -e '\''s/^[ABCDGIRSTW][ABCDGIRSTW]* .* \(.*\)$/  {"lib\1", (void *) \&\1},/p'\'''
lt_cv_sys_global_symbol_to_cdecl='sed -n -e '\''s/^T .* \(.*\)$/extern int \1();/p'\'' -e '\''s/^[ABCDGIRSTW][ABCDGIRSTW]* .* \(.*\)$/extern char \1;/p'\'''
lt_cv_sys_global_symbol_to_import=
lt_cv_sys_max_cmd_len=-1
lt_cv_to_host_file_cmd=func_convert_file_noop
lt_cv_to_tool_file_cmd=func_convert_file_noop
lt_cv_truncate_bin='/usr/bin/dd bs=4096 count=1'

## ----------------- ##
## Output variables. ##
## ----------------- ##

ACLOCAL='aclocal-1.15'
ACLOCAL_AMFLAGS='-I M4'
ALSA_LIBS=''
AMDEPBACKSLASH='\'
AMDEP_FALSE='#'
AMDEP_TRUE=''
AMTAR='$${TAR-tar}'
AM_BACKSLASH='\'
AM_DEFAULT_V='$(AM_DEFAULT_VERBOSITY)'
AM_DEFAULT_VERBOSITY='0'
AM_V='$(V)'
AR='ar'
AUTOCONF='autoconf'
AUTOHEADER='autoheader'
AUTOMAKE='automake-1.15'
AWK='mawk'
CC='cc'
CCDEPMODE='depmode=gcc3'
CFLAGS='-Wall -Wextra -pipe -MD -MP -fno-gnu-unique -fPIC -DPIC -DNDEBUG -O3 -ffast-math -fdata-sections -ffunction-sections -mtune=generic -msse -msse2 -mfpmath=sse -fvisibility=hidden -DUSING_CARDINAL_NOT_RACK -I/home/thib/Documents/Polytech/S8/PROJET/docs/Cardinal/include -I/home/thib/Documents/Polytech/S8/PROJET/docs/Cardinal/include/simd-compat -I/home/thib/Documents/Polytech/S8/PROJET/docs/Cardinal/src/Rack/dep/include -msse -msse2 -msse3 -DZSTDLIB_VISIBILITY= -pthread -I/home/thib/Documents/Polytech/S8/PROJET/docs/Cardinal/src/Rack/dep/simde -DSIMDE_ACCURACY_PREFERENCE=0 -DSIMDE_FAST_CONVERSION_RANGE -DSIMDE_FAST_MATH -DSIMDE_FAST_NANS -DSIMDE_FAST_ROUND_MODE -DSIMDE_FAST_ROUND_TIES -std=gnu99  -fno-finite-math-only -fno-strict-aliasing -std=gnu99 -W -Wstrict-prototypes -Wmissing-prototypes -Wall -Waggregate-return -Wcast-align -Wcast-qual -Wnested-externs -Wshadow -Wpointer-arith -pipe'
COMPILER_IS_GCC=''
CPP='cc -E'
CPPFLAGS=''
CXX='g++'
CXXCPP='g++ -E'
CXXDEPMODE='depmode=gcc3'
CXXFLAGS='-Wall -Wextra -pipe -MD -MP -fno-gnu-unique -fPIC -DPIC -DNDEBUG -O3 -ffast-math -fdata-sections -ffunction-sections -mtune=generic -msse -msse2 -mfpmath=sse -fvisibility=hidden -DUSING_CARDINAL_NOT_RACK -I/home/thib/Documents/Polytech/S8/PROJET/docs/Cardinal/include -I/home/thib/Documents/Polytech/S8/PROJET/docs/Cardinal/include/simd-compat -I/home/thib/Documents/Polytech/S8/PROJET/docs/Cardinal/src/Rack/dep/include -msse -msse2 -msse3 -DZSTDLIB_VISIBILITY= -pthread -I/home/thib/Documents/Polytech/S8/PROJET/docs/Cardinal/src/Rack/dep/simde -DSIMDE_ACCURACY_PREFERENCE=0 -DSIMDE_FAST_CONVERSION_RANGE -DSIMDE_FAST_MATH -DSIMDE_FAST_NANS -DSIMDE_FAST_ROUND_MODE -DSIMDE_FAST_ROUND_TIES -std=gnu++11 -fvisibility-inlines-hidden -fexceptions -DDISTRHO_NAMESPACE=CardinalDISTRHO -DDGL_NAMESPACE=CardinalDGL -DNVG_DISABLE_SKIPPING_WHITESPACE -DNVG_FONT_TEXTURE_FLAGS=NVG_IMAGE_NEAREST -DDGL_WINDOWS_ICON_ID=401 -DDGL_X11_WINDOW_ICON_NAME=gCardinalX11Icon -DDGL_X11_WINDOW_ICON_SIZE=18950 -DDGL_USE_NANOVG_FBO -fno-finite-math-only -fno-strict-aliasing'
CYGPATH_W='echo'
DEFS='-DHAVE_CONFIG_H'
DEPDIR='.deps'
DLLTOOL='false'
DLLWRAP=''
DSYMUTIL=''
DUMPBIN=''
ECHO_C=''
ECHO_N='-n'
ECHO_T=''
EGREP='/usr/bin/grep -E'
EXEEXT=''
FFTW3_CFLAGS=''
FFTW3_LIBS=''
FGREP='/usr/bin/grep -F'
GCC_MAJOR_VERSION='11'
GREP='/usr/bin/grep'
HAVE_FFTW3='0'
HAVE_SNDFILE='0'
INSTALL_DATA='${INSTALL} -m 644'
INSTALL_PROGRAM='${INSTALL}'
INSTALL_SCRIPT='${INSTALL}'
INSTALL_STRIP_PROGRAM='$(install_sh) -c -s'
LD='/usr/bin/ld -m elf_x86_64'
LDFLAGS='-fdata-sections -ffunction-sections -Wl,-O1,--as-needed,--gc-sections -Wl,--strip-all  -Wl,--no-undefined -fexceptions'
LIBOBJS=''
LIBS='-lm '
LIBTOOL='$(SHELL) $(top_builddir)/libtool'
LIPO=''
LN_S='ln -s'
LTLIBOBJS=''
LT_SYS_LIBRARY_PATH=''
MAKEINFO='makeinfo'
MANIFEST_TOOL=':'
MKDIR_P='/usr/bin/mkdir -p'
NM='/usr/bin/x86_64-linux-gnu-nm -B'
NMEDIT=''
OBJDUMP='x86_64-linux-gnu-objdump'
OBJEXT='o'
OS_SPECIFIC_INCLUDES=''
OS_SPECIFIC_LINKS=''
OTOOL64=''
OTOOL=''
PACKAGE='libsamplerate'
PACKAGE_BUGREPORT='erikd@mega-nerd.com'
PACKAGE_NAME='libsamplerate'
PACKAGE_STRING='libsamplerate 0.1.9'
PACKAGE_TARNAME='libsamplerate'
PACKAGE_URL='http://www.mega-nerd.com/libsamplerate/'
PACKAGE_VERSION='0.1.9'
PATH_SEPARATOR=':'
PEXPORTS=''
PKG_CONFIG='/usr/bin/x86_64-linux-gnu-pkg-config'
PKG_CONFIG_LIBDIR=''
PKG_CONFIG_PATH=''
RANLIB='x86_64-linux-gnu-ranlib'
RC=''
SED='/usr/bin/sed'
SET_MAKE=''
SHARED_VERSION_INFO='1:8:1'
SHELL='/bin/bash'
SHLIB_VERSION_ARG='-Wl,--version-script=Version_script'
SNDFILE_CFLAGS=''
SNDFILE_LIBS=''
STRIP='x86_64-linux-gnu-strip'
VERSION='0.1.9'
ac_ct_AR=''
ac_ct_CC=''
ac_ct_CXX=''
ac_ct_DUMPBIN=''
am__EXEEXT_FALSE=''
am__EXEEXT_TRUE='#'
am__fastdepCC_FALSE='#'
am__fastdepCC_TRUE=''
am__fastdepCXX_FALSE='#'
am__fastdepCXX_TRUE=''
am__include='include'
am__isrc=''
am__leading_dot='.'
am__nodep='_no'
am__quote=''
am__tar='$${TAR-tar} chof - "$$tardir"'
am__untar='$${TAR-tar} xf -'
bindir='${exec_prefix}/bin'
build='x86_64-linux-gnu'
build_alias=''
build_cpu='x86_64'
build_os='gnu'
build_vendor='linux'
datadir='${datarootdir}'
datarootdir='${prefix}/share'
docdir='${datarootdir}/doc/${PACKAGE_TARNAME}'
dvidir='${docdir}'
exec_prefix='${prefix}'
host='x86_64-linux-gnu'
host_alias='x86_64-linux-gnu'
host_cpu='x86_64'
host_os='gnu'
host_vendor='linux'
htmldir='${docdir}'
htmldocdir='/home/thib/Documents/Polytech/S8/PROJET/docs/Cardinal/src/Rack/dep/share/doc/libsamplerate0-dev/html'
includedir='${prefix}/include'
infodir='${datarootdir}/info'
install_sh='${SHELL} /home/thib/Documents/Polytech/S8/PROJET/docs/Cardinal/src/Rack/dep/libsamplerate-0.1.9/Cfg/install-sh'
libdir='${exec_prefix}/lib'
libexecdir='${exec_prefix}/libexec'
localedir='${datarootdir}/locale'
localstatedir='${prefix}/var'
mandir='${datarootdir}/man'
mkdir_p='$(MKDIR_P)'
oldincludedir='/usr/include'
pdfdir='${docdir}'
prefix='/home/thib/Documents/Polytech/S8/PROJET/docs/Cardinal/src/Rack/dep'
program_transform_name='s,x,x,'
psdir='${docdir}'
runstatedir='${localstatedir}/run'
sbindir='${exec_prefix}/sbin'
sharedstatedir='${prefix}/com'
sysconfdir='${prefix}/etc'
target='x86_64-linux-gnu'
target_alias=''
target_cpu='x86_64'
target_os='gnu'
target_vendor='linux'

## ----------- ##
## confdefs.h. ##
## ----------- ##

/* confdefs.h */
#define PACKAGE_NAME "libsamplerate"
#define PACKAGE_TARNAME "libsamplerate"
#define PACKAGE_VERSION "0.1.9"
#define PACKAGE_STRING "libsamplerate 0.1.9"
#define PACKAGE_BUGREPORT "erikd@mega-nerd.com"
#define PACKAGE_URL "http://www.mega-nerd.com/libsamplerate/"
#define PACKAGE "libsamplerate"
#define VERSION "0.1.9"
#define STDC_HEADERS 1
#define HAVE_SYS_TYPES_H 1
#define HAVE_SYS_STAT_H 1
#define HAVE_STDLIB_H 1
#define HAVE_STRING_H 1
#define HAVE_MEMORY_H 1
#define HAVE_STRINGS_H 1
#define HAVE_INTTYPES_H 1
#define HAVE_STDINT_H 1
#define HAVE_UNISTD_H 1
#define HAVE_DLFCN_H 1
#define LT_OBJDIR ".libs/"
#define STDC_HEADERS 1
#define HAVE_STDINT_H 1
#define HAVE_SYS_TIMES_H 1
#define SIZEOF_INT 4
#define SIZEOF_LONG 8
#define SIZEOF_FLOAT 4
#define SIZEOF_DOUBLE 8
#define CPU_IS_BIG_ENDIAN 0
#define CPU_IS_LITTLE_ENDIAN 1
#define HAVE_MALLOC 1
#define HAVE_CALLOC 1
#define HAVE_FREE 1
#define HAVE_MEMCPY 1
#define HAVE_MEMMOVE 1
#define HAVE_ALARM 1
#define HAVE_SIGNAL 1
#define HAVE_LIBM 1
#define HAVE_FLOOR 1
#define HAVE_CEIL 1
#define HAVE_FMOD 1
#define HAVE_SIGALRM 1
#define HAVE_LRINT 1
#define HAVE_LRINTF 1
#define CPU_CLIPS_POSITIVE 0
#define CPU_CLIPS_NEGATIVE 0
#define HAVE_SNDFILE 0
#define COMPILER_IS_GCC 1
#define GCC_MAJOR_VERSION 11
#define OS_IS_WIN32 0

configure: exit 0
