This file contains any messages produced by compilers while
running configure, to aid debugging if configure makes a mistake.

It was created by jansson configure 2.12, which was
generated by GNU Autoconf 2.69.  Invocation command line was

  $ ./configure --prefix=/home/thib/Documents/Polytech/S8/PROJET/docs/Cardinal/src/Rack/dep --host=x86_64-linux-gnu --enable-static --disable-shared --disable-alsa --disable-neon ac_cv_build=x86_64-linux-gnu ac_cv_host=x86_64-linux-gnu

## --------- ##
## Platform. ##
## --------- ##

hostname = LinuxThib
uname -m = x86_64
uname -r = 6.5.0-26-generic
uname -s = Linux
uname -v = #26~22.04.1-Ubuntu SMP PREEMPT_DYNAMIC Tue Mar 12 10:22:43 UTC 2

/usr/bin/uname -p = x86_64
/bin/uname -X     = unknown

/bin/arch              = x86_64
/usr/bin/arch -k       = unknown
/usr/convex/getsysinfo = unknown
/usr/bin/hostinfo      = unknown
/bin/machine           = unknown
/usr/bin/oslevel       = unknown
/bin/universe          = unknown

PATH: /opt/eclipse
PATH: /opt/jdk11/bin
PATH: /home/thib/.local/bin
PATH: /usr/local/sbin
PATH: /usr/local/bin
PATH: /usr/sbin
PATH: /usr/bin
PATH: /sbin
PATH: /bin
PATH: /usr/games
PATH: /usr/local/games
PATH: /snap/bin
PATH: /snap/bin
PATH: /home/thib/.dotnet/tools
PATH: /home/thib/.spicetify
PATH: /home/thib/.spicetify


## ----------- ##
## Core tests. ##
## ----------- ##

configure:2410: checking for a BSD-compatible install
configure:2478: result: /usr/bin/install -c
configure:2489: checking whether build environment is sane
configure:2544: result: yes
configure:2603: checking for x86_64-linux-gnu-strip
configure:2619: found /usr/bin/x86_64-linux-gnu-strip
configure:2630: result: x86_64-linux-gnu-strip
configure:2695: checking for a thread-safe mkdir -p
configure:2734: result: /usr/bin/mkdir -p
configure:2741: checking for gawk
configure:2771: result: no
configure:2741: checking for mawk
configure:2757: found /usr/bin/mawk
configure:2768: result: mawk
configure:2779: checking whether make sets $(MAKE)
configure:2801: result: yes
configure:2830: checking whether make supports nested variables
configure:2847: result: yes
configure:2987: checking for x86_64-linux-gnu-gcc
configure:3014: result: cc
configure:3283: checking for C compiler version
configure:3292: cc --version >&5
cc (Ubuntu 11.4.0-1ubuntu1~22.04) 11.4.0
Copyright (C) 2021 Free Software Foundation, Inc.
This is free software; see the source for copying conditions.  There is NO
warranty; not even for MERCHANTABILITY or FITNESS FOR A PARTICULAR PURPOSE.

configure:3303: $? = 0
configure:3292: cc -v >&5
Using built-in specs.
COLLECT_GCC=cc
COLLECT_LTO_WRAPPER=/usr/lib/gcc/x86_64-linux-gnu/11/lto-wrapper
OFFLOAD_TARGET_NAMES=nvptx-none:amdgcn-amdhsa
OFFLOAD_TARGET_DEFAULT=1
Target: x86_64-linux-gnu
Configured with: ../src/configure -v --with-pkgversion='Ubuntu 11.4.0-1ubuntu1~22.04' --with-bugurl=file:///usr/share/doc/gcc-11/README.Bugs --enable-languages=c,ada,c++,go,brig,d,fortran,objc,obj-c++,m2 --prefix=/usr --with-gcc-major-version-only --program-suffix=-11 --program-prefix=x86_64-linux-gnu- --enable-shared --enable-linker-build-id --libexecdir=/usr/lib --without-included-gettext --enable-threads=posix --libdir=/usr/lib --enable-nls --enable-bootstrap --enable-clocale=gnu --enable-libstdcxx-debug --enable-libstdcxx-time=yes --with-default-libstdcxx-abi=new --enable-gnu-unique-object --disable-vtable-verify --enable-plugin --enable-default-pie --with-system-zlib --enable-libphobos-checking=release --with-target-system-zlib=auto --enable-objc-gc=auto --enable-multiarch --disable-werror --enable-cet --with-arch-32=i686 --with-abi=m64 --with-multilib-list=m32,m64,mx32 --enable-multilib --with-tune=generic --enable-offload-targets=nvptx-none=/build/gcc-11-XeT9lY/gcc-11-11.4.0/debian/tmp-nvptx/usr,amdgcn-amdhsa=/build/gcc-11-XeT9lY/gcc-11-11.4.0/debian/tmp-gcn/usr --without-cuda-driver --enable-checking=release --build=x86_64-linux-gnu --host=x86_64-linux-gnu --target=x86_64-linux-gnu --with-build-config=bootstrap-lto-lean --enable-link-serialization=2
Thread model: posix
Supported LTO compression algorithms: zlib zstd
gcc version 11.4.0 (Ubuntu 11.4.0-1ubuntu1~22.04) 
... rest of stderr output deleted ...
configure:3303: $? = 0
configure:3292: cc -V >&5
cc: error: unrecognized command-line option '-V'
cc: fatal error: no input files
compilation terminated.
configure:3303: $? = 1
configure:3292: cc -qversion >&5
cc: error: unrecognized command-line option '-qversion'; did you mean '--version'?
cc: fatal error: no input files
compilation terminated.
configure:3303: $? = 1
configure:3323: checking whether the C compiler works
configure:3345: cc -Wall -Wextra -pipe -MD -MP -fno-gnu-unique -fPIC -DPIC -DNDEBUG -O3 -ffast-math -fdata-sections -ffunction-sections -mtune=generic -msse -msse2 -mfpmath=sse -fvisibility=hidden -DUSING_CARDINAL_NOT_RACK -I/home/thib/Documents/Polytech/S8/PROJET/docs/Cardinal/include -I/home/thib/Documents/Polytech/S8/PROJET/docs/Cardinal/include/simd-compat -I/home/thib/Documents/Polytech/S8/PROJET/docs/Cardinal/src/Rack/dep/include -msse -msse2 -msse3 -DZSTDLIB_VISIBILITY= -pthread -I/home/thib/Documents/Polytech/S8/PROJET/docs/Cardinal/src/Rack/dep/simde -DSIMDE_ACCURACY_PREFERENCE=0 -DSIMDE_FAST_CONVERSION_RANGE -DSIMDE_FAST_MATH -DSIMDE_FAST_NANS -DSIMDE_FAST_ROUND_MODE -DSIMDE_FAST_ROUND_TIES -std=gnu99  -fno-finite-math-only -fno-strict-aliasing  -fdata-sections -ffunction-sections -Wl,-O1,--as-needed,--gc-sections -Wl,--strip-all  -Wl,--no-undefined -fexceptions conftest.c  >&5
configure:3349: $? = 0
configure:3397: result: yes
configure:3400: checking for C compiler default output file name
configure:3402: result: a.out
configure:3408: checking for suffix of executables
configure:3415: cc -o conftest -Wall -Wextra -pipe -MD -MP -fno-gnu-unique -fPIC -DPIC -DNDEBUG -O3 -ffast-math -fdata-sections -ffunction-sections -mtune=generic -msse -msse2 -mfpmath=sse -fvisibility=hidden -DUSING_CARDINAL_NOT_RACK -I/home/thib/Documents/Polytech/S8/PROJET/docs/Cardinal/include -I/home/thib/Documents/Polytech/S8/PROJET/docs/Cardinal/include/simd-compat -I/home/thib/Documents/Polytech/S8/PROJET/docs/Cardinal/src/Rack/dep/include -msse -msse2 -msse3 -DZSTDLIB_VISIBILITY= -pthread -I/home/thib/Documents/Polytech/S8/PROJET/docs/Cardinal/src/Rack/dep/simde -DSIMDE_ACCURACY_PREFERENCE=0 -DSIMDE_FAST_CONVERSION_RANGE -DSIMDE_FAST_MATH -DSIMDE_FAST_NANS -DSIMDE_FAST_ROUND_MODE -DSIMDE_FAST_ROUND_TIES -std=gnu99  -fno-finite-math-only -fno-strict-aliasing  -fdata-sections -ffunction-sections -Wl,-O1,--as-needed,--gc-sections -Wl,--strip-all  -Wl,--no-undefined -fexceptions conftest.c  >&5
configure:3419: $? = 0
configure:3441: result: 
configure:3463: checking whether we are cross compiling
configure:3471: cc -o conftest -Wall -Wextra -pipe -MD -MP -fno-gnu-unique -fPIC -DPIC -DNDEBUG -O3 -ffast-math -fdata-sections -ffunction-sections -mtune=generic -msse -msse2 -mfpmath=sse -fvisibility=hidden -DUSING_CARDINAL_NOT_RACK -I/home/thib/Documents/Polytech/S8/PROJET/docs/Cardinal/include -I/home/thib/Documents/Polytech/S8/PROJET/docs/Cardinal/include/simd-compat -I/home/thib/Documents/Polytech/S8/PROJET/docs/Cardinal/src/Rack/dep/include -msse -msse2 -msse3 -DZSTDLIB_VISIBILITY= -pthread -I/home/thib/Documents/Polytech/S8/PROJET/docs/Cardinal/src/Rack/dep/simde -DSIMDE_ACCURACY_PREFERENCE=0 -DSIMDE_FAST_CONVERSION_RANGE -DSIMDE_FAST_MATH -DSIMDE_FAST_NANS -DSIMDE_FAST_ROUND_MODE -DSIMDE_FAST_ROUND_TIES -std=gnu99  -fno-finite-math-only -fno-strict-aliasing  -fdata-sections -ffunction-sections -Wl,-O1,--as-needed,--gc-sections -Wl,--strip-all  -Wl,--no-undefined -fexceptions conftest.c  >&5
configure:3475: $? = 0
configure:3482: ./conftest
configure:3486: $? = 0
configure:3501: result: no
configure:3506: checking for suffix of object files
configure:3528: cc -c -Wall -Wextra -pipe -MD -MP -fno-gnu-unique -fPIC -DPIC -DNDEBUG -O3 -ffast-math -fdata-sections -ffunction-sections -mtune=generic -msse -msse2 -mfpmath=sse -fvisibility=hidden -DUSING_CARDINAL_NOT_RACK -I/home/thib/Documents/Polytech/S8/PROJET/docs/Cardinal/include -I/home/thib/Documents/Polytech/S8/PROJET/docs/Cardinal/include/simd-compat -I/home/thib/Documents/Polytech/S8/PROJET/docs/Cardinal/src/Rack/dep/include -msse -msse2 -msse3 -DZSTDLIB_VISIBILITY= -pthread -I/home/thib/Documents/Polytech/S8/PROJET/docs/Cardinal/src/Rack/dep/simde -DSIMDE_ACCURACY_PREFERENCE=0 -DSIMDE_FAST_CONVERSION_RANGE -DSIMDE_FAST_MATH -DSIMDE_FAST_NANS -DSIMDE_FAST_ROUND_MODE -DSIMDE_FAST_ROUND_TIES -std=gnu99  -fno-finite-math-only -fno-strict-aliasing  conftest.c >&5
configure:3532: $? = 0
configure:3553: result: o
configure:3557: checking whether we are using the GNU C compiler
configure:3576: cc -c -Wall -Wextra -pipe -MD -MP -fno-gnu-unique -fPIC -DPIC -DNDEBUG -O3 -ffast-math -fdata-sections -ffunction-sections -mtune=generic -msse -msse2 -mfpmath=sse -fvisibility=hidden -DUSING_CARDINAL_NOT_RACK -I/home/thib/Documents/Polytech/S8/PROJET/docs/Cardinal/include -I/home/thib/Documents/Polytech/S8/PROJET/docs/Cardinal/include/simd-compat -I/home/thib/Documents/Polytech/S8/PROJET/docs/Cardinal/src/Rack/dep/include -msse -msse2 -msse3 -DZSTDLIB_VISIBILITY= -pthread -I/home/thib/Documents/Polytech/S8/PROJET/docs/Cardinal/src/Rack/dep/simde -DSIMDE_ACCURACY_PREFERENCE=0 -DSIMDE_FAST_CONVERSION_RANGE -DSIMDE_FAST_MATH -DSIMDE_FAST_NANS -DSIMDE_FAST_ROUND_MODE -DSIMDE_FAST_ROUND_TIES -std=gnu99  -fno-finite-math-only -fno-strict-aliasing  conftest.c >&5
configure:3576: $? = 0
configure:3585: result: yes
configure:3594: checking whether cc accepts -g
configure:3614: cc -c -g  conftest.c >&5
configure:3614: $? = 0
configure:3655: result: yes
configure:3672: checking for cc option to accept ISO C89
configure:3735: cc  -c -Wall -Wextra -pipe -MD -MP -fno-gnu-unique -fPIC -DPIC -DNDEBUG -O3 -ffast-math -fdata-sections -ffunction-sections -mtune=generic -msse -msse2 -mfpmath=sse -fvisibility=hidden -DUSING_CARDINAL_NOT_RACK -I/home/thib/Documents/Polytech/S8/PROJET/docs/Cardinal/include -I/home/thib/Documents/Polytech/S8/PROJET/docs/Cardinal/include/simd-compat -I/home/thib/Documents/Polytech/S8/PROJET/docs/Cardinal/src/Rack/dep/include -msse -msse2 -msse3 -DZSTDLIB_VISIBILITY= -pthread -I/home/thib/Documents/Polytech/S8/PROJET/docs/Cardinal/src/Rack/dep/simde -DSIMDE_ACCURACY_PREFERENCE=0 -DSIMDE_FAST_CONVERSION_RANGE -DSIMDE_FAST_MATH -DSIMDE_FAST_NANS -DSIMDE_FAST_ROUND_MODE -DSIMDE_FAST_ROUND_TIES -std=gnu99  -fno-finite-math-only -fno-strict-aliasing  conftest.c >&5
configure:3735: $? = 0
configure:3748: result: none needed
configure:3773: checking whether cc understands -c and -o together
configure:3795: cc -c conftest.c -o conftest2.o
configure:3798: $? = 0
configure:3795: cc -c conftest.c -o conftest2.o
configure:3798: $? = 0
configure:3810: result: yes
configure:3830: checking whether make supports the include directive
configure:3845: make -f confmf.GNU && cat confinc.out
make[3]: Entering directory '/home/thib/Documents/Polytech/S8/PROJET/docs/Cardinal/src/Rack/dep/jansson-2.12'
make[3]: Leaving directory '/home/thib/Documents/Polytech/S8/PROJET/docs/Cardinal/src/Rack/dep/jansson-2.12'
this is the am__doit target
configure:3848: $? = 0
configure:3867: result: yes (GNU style)
configure:3892: checking dependency style of cc
configure:4003: result: gcc3
configure:4047: checking build system type
configure:4061: result: x86_64-linux-gnu
configure:4081: checking host system type
configure:4094: result: x86_64-linux-gnu
configure:4135: checking how to print strings
configure:4162: result: printf
configure:4183: checking for a sed that does not truncate output
configure:4247: result: /usr/bin/sed
configure:4265: checking for grep that handles long lines and -e
configure:4323: result: /usr/bin/grep
configure:4328: checking for egrep
configure:4390: result: /usr/bin/grep -E
configure:4395: checking for fgrep
configure:4457: result: /usr/bin/grep -F
configure:4492: checking for ld used by cc
configure:4559: result: /usr/bin/ld
configure:4566: checking if the linker (/usr/bin/ld) is GNU ld
configure:4581: result: yes
configure:4593: checking for BSD- or MS-compatible name lister (nm)
configure:4647: result: /usr/bin/x86_64-linux-gnu-nm -B
configure:4777: checking the name lister (/usr/bin/x86_64-linux-gnu-nm -B) interface
configure:4784: cc -c -Wall -Wextra -pipe -MD -MP -fno-gnu-unique -fPIC -DPIC -DNDEBUG -O3 -ffast-math -fdata-sections -ffunction-sections -mtune=generic -msse -msse2 -mfpmath=sse -fvisibility=hidden -DUSING_CARDINAL_NOT_RACK -I/home/thib/Documents/Polytech/S8/PROJET/docs/Cardinal/include -I/home/thib/Documents/Polytech/S8/PROJET/docs/Cardinal/include/simd-compat -I/home/thib/Documents/Polytech/S8/PROJET/docs/Cardinal/src/Rack/dep/include -msse -msse2 -msse3 -DZSTDLIB_VISIBILITY= -pthread -I/home/thib/Documents/Polytech/S8/PROJET/docs/Cardinal/src/Rack/dep/simde -DSIMDE_ACCURACY_PREFERENCE=0 -DSIMDE_FAST_CONVERSION_RANGE -DSIMDE_FAST_MATH -DSIMDE_FAST_NANS -DSIMDE_FAST_ROUND_MODE -DSIMDE_FAST_ROUND_TIES -std=gnu99  -fno-finite-math-only -fno-strict-aliasing  conftest.c >&5
configure:4787: /usr/bin/x86_64-linux-gnu-nm -B "conftest.o"
configure:4790: output
0000000000000000 B some_variable
configure:4797: result: BSD nm
configure:4800: checking whether ln -s works
configure:4804: result: yes
configure:4812: checking the maximum length of command line arguments
configure:4943: result: -1
configure:4991: checking how to convert x86_64-linux-gnu file names to x86_64-linux-gnu format
configure:5031: result: func_convert_file_noop
configure:5038: checking how to convert x86_64-linux-gnu file names to toolchain format
configure:5058: result: func_convert_file_noop
configure:5065: checking for /usr/bin/ld option to reload object files
configure:5072: result: -r
configure:5106: checking for x86_64-linux-gnu-objdump
configure:5122: found /usr/bin/x86_64-linux-gnu-objdump
configure:5133: result: x86_64-linux-gnu-objdump
configure:5205: checking how to recognize dependent libraries
configure:5405: result: pass_all
configure:5450: checking for x86_64-linux-gnu-dlltool
configure:5480: result: no
configure:5490: checking for dlltool
configure:5520: result: no
configure:5550: checking how to associate runtime and link libraries
configure:5577: result: printf %s\n
configure:5594: checking for x86_64-linux-gnu-ar
configure:5621: result: ar
configure:5718: checking for archiver @FILE support
configure:5735: cc -c -Wall -Wextra -pipe -MD -MP -fno-gnu-unique -fPIC -DPIC -DNDEBUG -O3 -ffast-math -fdata-sections -ffunction-sections -mtune=generic -msse -msse2 -mfpmath=sse -fvisibility=hidden -DUSING_CARDINAL_NOT_RACK -I/home/thib/Documents/Polytech/S8/PROJET/docs/Cardinal/include -I/home/thib/Documents/Polytech/S8/PROJET/docs/Cardinal/include/simd-compat -I/home/thib/Documents/Polytech/S8/PROJET/docs/Cardinal/src/Rack/dep/include -msse -msse2 -msse3 -DZSTDLIB_VISIBILITY= -pthread -I/home/thib/Documents/Polytech/S8/PROJET/docs/Cardinal/src/Rack/dep/simde -DSIMDE_ACCURACY_PREFERENCE=0 -DSIMDE_FAST_CONVERSION_RANGE -DSIMDE_FAST_MATH -DSIMDE_FAST_NANS -DSIMDE_FAST_ROUND_MODE -DSIMDE_FAST_ROUND_TIES -std=gnu99  -fno-finite-math-only -fno-strict-aliasing  conftest.c >&5
configure:5735: $? = 0
configure:5738: ar cr libconftest.a @conftest.lst >&5
configure:5741: $? = 0
configure:5746: ar cr libconftest.a @conftest.lst >&5
ar: conftest.o: No such file or directory
configure:5749: $? = 1
configure:5761: result: @
configure:5779: checking for x86_64-linux-gnu-strip
configure:5806: result: x86_64-linux-gnu-strip
configure:5878: checking for x86_64-linux-gnu-ranlib
configure:5894: found /usr/bin/x86_64-linux-gnu-ranlib
configure:5905: result: x86_64-linux-gnu-ranlib
configure:6047: checking command to parse /usr/bin/x86_64-linux-gnu-nm -B output from cc object
configure:6200: cc -c -Wall -Wextra -pipe -MD -MP -fno-gnu-unique -fPIC -DPIC -DNDEBUG -O3 -ffast-math -fdata-sections -ffunction-sections -mtune=generic -msse -msse2 -mfpmath=sse -fvisibility=hidden -DUSING_CARDINAL_NOT_RACK -I/home/thib/Documents/Polytech/S8/PROJET/docs/Cardinal/include -I/home/thib/Documents/Polytech/S8/PROJET/docs/Cardinal/include/simd-compat -I/home/thib/Documents/Polytech/S8/PROJET/docs/Cardinal/src/Rack/dep/include -msse -msse2 -msse3 -DZSTDLIB_VISIBILITY= -pthread -I/home/thib/Documents/Polytech/S8/PROJET/docs/Cardinal/src/Rack/dep/simde -DSIMDE_ACCURACY_PREFERENCE=0 -DSIMDE_FAST_CONVERSION_RANGE -DSIMDE_FAST_MATH -DSIMDE_FAST_NANS -DSIMDE_FAST_ROUND_MODE -DSIMDE_FAST_ROUND_TIES -std=gnu99  -fno-finite-math-only -fno-strict-aliasing  conftest.c >&5
configure:6203: $? = 0
configure:6207: /usr/bin/x86_64-linux-gnu-nm -B conftest.o \| sed -n -e 's/^.*[ ]\([ABCDGIRSTW][ABCDGIRSTW]*\)[ ][ ]*\([_A-Za-z][_A-Za-z0-9]*\)$/\1 \2 \2/p' | sed '/ __gnu_lto/d' \> conftest.nm
configure:6210: $? = 0
configure:6276: cc -o conftest -Wall -Wextra -pipe -MD -MP -fno-gnu-unique -fPIC -DPIC -DNDEBUG -O3 -ffast-math -fdata-sections -ffunction-sections -mtune=generic -msse -msse2 -mfpmath=sse -fvisibility=hidden -DUSING_CARDINAL_NOT_RACK -I/home/thib/Documents/Polytech/S8/PROJET/docs/Cardinal/include -I/home/thib/Documents/Polytech/S8/PROJET/docs/Cardinal/include/simd-compat -I/home/thib/Documents/Polytech/S8/PROJET/docs/Cardinal/src/Rack/dep/include -msse -msse2 -msse3 -DZSTDLIB_VISIBILITY= -pthread -I/home/thib/Documents/Polytech/S8/PROJET/docs/Cardinal/src/Rack/dep/simde -DSIMDE_ACCURACY_PREFERENCE=0 -DSIMDE_FAST_CONVERSION_RANGE -DSIMDE_FAST_MATH -DSIMDE_FAST_NANS -DSIMDE_FAST_ROUND_MODE -DSIMDE_FAST_ROUND_TIES -std=gnu99  -fno-finite-math-only -fno-strict-aliasing  -fdata-sections -ffunction-sections -Wl,-O1,--as-needed,--gc-sections -Wl,--strip-all  -Wl,--no-undefined -fexceptions conftest.c conftstm.o >&5
configure:6279: $? = 0
configure:6317: result: ok
configure:6364: checking for sysroot
configure:6394: result: no
configure:6401: checking for a working dd
configure:6439: result: /usr/bin/dd
configure:6443: checking how to truncate binary pipes
configure:6458: result: /usr/bin/dd bs=4096 count=1
configure:6594: cc -c -Wall -Wextra -pipe -MD -MP -fno-gnu-unique -fPIC -DPIC -DNDEBUG -O3 -ffast-math -fdata-sections -ffunction-sections -mtune=generic -msse -msse2 -mfpmath=sse -fvisibility=hidden -DUSING_CARDINAL_NOT_RACK -I/home/thib/Documents/Polytech/S8/PROJET/docs/Cardinal/include -I/home/thib/Documents/Polytech/S8/PROJET/docs/Cardinal/include/simd-compat -I/home/thib/Documents/Polytech/S8/PROJET/docs/Cardinal/src/Rack/dep/include -msse -msse2 -msse3 -DZSTDLIB_VISIBILITY= -pthread -I/home/thib/Documents/Polytech/S8/PROJET/docs/Cardinal/src/Rack/dep/simde -DSIMDE_ACCURACY_PREFERENCE=0 -DSIMDE_FAST_CONVERSION_RANGE -DSIMDE_FAST_MATH -DSIMDE_FAST_NANS -DSIMDE_FAST_ROUND_MODE -DSIMDE_FAST_ROUND_TIES -std=gnu99  -fno-finite-math-only -fno-strict-aliasing  conftest.c >&5
configure:6597: $? = 0
configure:6747: checking for x86_64-linux-gnu-mt
configure:6777: result: no
configure:6787: checking for mt
configure:6803: found /usr/bin/mt
configure:6814: result: mt
configure:6837: checking if mt is a manifest tool
configure:6843: mt '-?'
configure:6851: result: no
configure:7528: checking how to run the C preprocessor
configure:7559: cc -E  conftest.c
configure:7559: $? = 0
configure:7573: cc -E  conftest.c
conftest.c:11:10: fatal error: ac_nonexistent.h: No such file or directory
   11 | #include <ac_nonexistent.h>
      |          ^~~~~~~~~~~~~~~~~~
compilation terminated.
configure:7573: $? = 1
configure: failed program was:
| /* confdefs.h */
| #define PACKAGE_NAME "jansson"
| #define PACKAGE_TARNAME "jansson"
| #define PACKAGE_VERSION "2.12"
| #define PACKAGE_STRING "jansson 2.12"
| #define PACKAGE_BUGREPORT "petri@digip.org"
| #define PACKAGE_URL ""
| #define PACKAGE "jansson"
| #define VERSION "2.12"
| /* end confdefs.h.  */
| #include <ac_nonexistent.h>
configure:7598: result: cc -E
configure:7618: cc -E  conftest.c
configure:7618: $? = 0
configure:7632: cc -E  conftest.c
conftest.c:11:10: fatal error: ac_nonexistent.h: No such file or directory
   11 | #include <ac_nonexistent.h>
      |          ^~~~~~~~~~~~~~~~~~
compilation terminated.
configure:7632: $? = 1
configure: failed program was:
| /* confdefs.h */
| #define PACKAGE_NAME "jansson"
| #define PACKAGE_TARNAME "jansson"
| #define PACKAGE_VERSION "2.12"
| #define PACKAGE_STRING "jansson 2.12"
| #define PACKAGE_BUGREPORT "petri@digip.org"
| #define PACKAGE_URL ""
| #define PACKAGE "jansson"
| #define VERSION "2.12"
| /* end confdefs.h.  */
| #include <ac_nonexistent.h>
configure:7661: checking for ANSI C header files
configure:7681: cc -c -Wall -Wextra -pipe -MD -MP -fno-gnu-unique -fPIC -DPIC -DNDEBUG -O3 -ffast-math -fdata-sections -ffunction-sections -mtune=generic -msse -msse2 -mfpmath=sse -fvisibility=hidden -DUSING_CARDINAL_NOT_RACK -I/home/thib/Documents/Polytech/S8/PROJET/docs/Cardinal/include -I/home/thib/Documents/Polytech/S8/PROJET/docs/Cardinal/include/simd-compat -I/home/thib/Documents/Polytech/S8/PROJET/docs/Cardinal/src/Rack/dep/include -msse -msse2 -msse3 -DZSTDLIB_VISIBILITY= -pthread -I/home/thib/Documents/Polytech/S8/PROJET/docs/Cardinal/src/Rack/dep/simde -DSIMDE_ACCURACY_PREFERENCE=0 -DSIMDE_FAST_CONVERSION_RANGE -DSIMDE_FAST_MATH -DSIMDE_FAST_NANS -DSIMDE_FAST_ROUND_MODE -DSIMDE_FAST_ROUND_TIES -std=gnu99  -fno-finite-math-only -fno-strict-aliasing  conftest.c >&5
configure:7681: $? = 0
configure:7754: cc -o conftest -Wall -Wextra -pipe -MD -MP -fno-gnu-unique -fPIC -DPIC -DNDEBUG -O3 -ffast-math -fdata-sections -ffunction-sections -mtune=generic -msse -msse2 -mfpmath=sse -fvisibility=hidden -DUSING_CARDINAL_NOT_RACK -I/home/thib/Documents/Polytech/S8/PROJET/docs/Cardinal/include -I/home/thib/Documents/Polytech/S8/PROJET/docs/Cardinal/include/simd-compat -I/home/thib/Documents/Polytech/S8/PROJET/docs/Cardinal/src/Rack/dep/include -msse -msse2 -msse3 -DZSTDLIB_VISIBILITY= -pthread -I/home/thib/Documents/Polytech/S8/PROJET/docs/Cardinal/src/Rack/dep/simde -DSIMDE_ACCURACY_PREFERENCE=0 -DSIMDE_FAST_CONVERSION_RANGE -DSIMDE_FAST_MATH -DSIMDE_FAST_NANS -DSIMDE_FAST_ROUND_MODE -DSIMDE_FAST_ROUND_TIES -std=gnu99  -fno-finite-math-only -fno-strict-aliasing  -fdata-sections -ffunction-sections -Wl,-O1,--as-needed,--gc-sections -Wl,--strip-all  -Wl,--no-undefined -fexceptions conftest.c  >&5
configure:7754: $? = 0
configure:7754: ./conftest
configure:7754: $? = 0
configure:7765: result: yes
configure:7778: checking for sys/types.h
configure:7778: cc -c -Wall -Wextra -pipe -MD -MP -fno-gnu-unique -fPIC -DPIC -DNDEBUG -O3 -ffast-math -fdata-sections -ffunction-sections -mtune=generic -msse -msse2 -mfpmath=sse -fvisibility=hidden -DUSING_CARDINAL_NOT_RACK -I/home/thib/Documents/Polytech/S8/PROJET/docs/Cardinal/include -I/home/thib/Documents/Polytech/S8/PROJET/docs/Cardinal/include/simd-compat -I/home/thib/Documents/Polytech/S8/PROJET/docs/Cardinal/src/Rack/dep/include -msse -msse2 -msse3 -DZSTDLIB_VISIBILITY= -pthread -I/home/thib/Documents/Polytech/S8/PROJET/docs/Cardinal/src/Rack/dep/simde -DSIMDE_ACCURACY_PREFERENCE=0 -DSIMDE_FAST_CONVERSION_RANGE -DSIMDE_FAST_MATH -DSIMDE_FAST_NANS -DSIMDE_FAST_ROUND_MODE -DSIMDE_FAST_ROUND_TIES -std=gnu99  -fno-finite-math-only -fno-strict-aliasing  conftest.c >&5
configure:7778: $? = 0
configure:7778: result: yes
configure:7778: checking for sys/stat.h
configure:7778: cc -c -Wall -Wextra -pipe -MD -MP -fno-gnu-unique -fPIC -DPIC -DNDEBUG -O3 -ffast-math -fdata-sections -ffunction-sections -mtune=generic -msse -msse2 -mfpmath=sse -fvisibility=hidden -DUSING_CARDINAL_NOT_RACK -I/home/thib/Documents/Polytech/S8/PROJET/docs/Cardinal/include -I/home/thib/Documents/Polytech/S8/PROJET/docs/Cardinal/include/simd-compat -I/home/thib/Documents/Polytech/S8/PROJET/docs/Cardinal/src/Rack/dep/include -msse -msse2 -msse3 -DZSTDLIB_VISIBILITY= -pthread -I/home/thib/Documents/Polytech/S8/PROJET/docs/Cardinal/src/Rack/dep/simde -DSIMDE_ACCURACY_PREFERENCE=0 -DSIMDE_FAST_CONVERSION_RANGE -DSIMDE_FAST_MATH -DSIMDE_FAST_NANS -DSIMDE_FAST_ROUND_MODE -DSIMDE_FAST_ROUND_TIES -std=gnu99  -fno-finite-math-only -fno-strict-aliasing  conftest.c >&5
configure:7778: $? = 0
configure:7778: result: yes
configure:7778: checking for stdlib.h
configure:7778: cc -c -Wall -Wextra -pipe -MD -MP -fno-gnu-unique -fPIC -DPIC -DNDEBUG -O3 -ffast-math -fdata-sections -ffunction-sections -mtune=generic -msse -msse2 -mfpmath=sse -fvisibility=hidden -DUSING_CARDINAL_NOT_RACK -I/home/thib/Documents/Polytech/S8/PROJET/docs/Cardinal/include -I/home/thib/Documents/Polytech/S8/PROJET/docs/Cardinal/include/simd-compat -I/home/thib/Documents/Polytech/S8/PROJET/docs/Cardinal/src/Rack/dep/include -msse -msse2 -msse3 -DZSTDLIB_VISIBILITY= -pthread -I/home/thib/Documents/Polytech/S8/PROJET/docs/Cardinal/src/Rack/dep/simde -DSIMDE_ACCURACY_PREFERENCE=0 -DSIMDE_FAST_CONVERSION_RANGE -DSIMDE_FAST_MATH -DSIMDE_FAST_NANS -DSIMDE_FAST_ROUND_MODE -DSIMDE_FAST_ROUND_TIES -std=gnu99  -fno-finite-math-only -fno-strict-aliasing  conftest.c >&5
configure:7778: $? = 0
configure:7778: result: yes
configure:7778: checking for string.h
configure:7778: cc -c -Wall -Wextra -pipe -MD -MP -fno-gnu-unique -fPIC -DPIC -DNDEBUG -O3 -ffast-math -fdata-sections -ffunction-sections -mtune=generic -msse -msse2 -mfpmath=sse -fvisibility=hidden -DUSING_CARDINAL_NOT_RACK -I/home/thib/Documents/Polytech/S8/PROJET/docs/Cardinal/include -I/home/thib/Documents/Polytech/S8/PROJET/docs/Cardinal/include/simd-compat -I/home/thib/Documents/Polytech/S8/PROJET/docs/Cardinal/src/Rack/dep/include -msse -msse2 -msse3 -DZSTDLIB_VISIBILITY= -pthread -I/home/thib/Documents/Polytech/S8/PROJET/docs/Cardinal/src/Rack/dep/simde -DSIMDE_ACCURACY_PREFERENCE=0 -DSIMDE_FAST_CONVERSION_RANGE -DSIMDE_FAST_MATH -DSIMDE_FAST_NANS -DSIMDE_FAST_ROUND_MODE -DSIMDE_FAST_ROUND_TIES -std=gnu99  -fno-finite-math-only -fno-strict-aliasing  conftest.c >&5
configure:7778: $? = 0
configure:7778: result: yes
configure:7778: checking for memory.h
configure:7778: cc -c -Wall -Wextra -pipe -MD -MP -fno-gnu-unique -fPIC -DPIC -DNDEBUG -O3 -ffast-math -fdata-sections -ffunction-sections -mtune=generic -msse -msse2 -mfpmath=sse -fvisibility=hidden -DUSING_CARDINAL_NOT_RACK -I/home/thib/Documents/Polytech/S8/PROJET/docs/Cardinal/include -I/home/thib/Documents/Polytech/S8/PROJET/docs/Cardinal/include/simd-compat -I/home/thib/Documents/Polytech/S8/PROJET/docs/Cardinal/src/Rack/dep/include -msse -msse2 -msse3 -DZSTDLIB_VISIBILITY= -pthread -I/home/thib/Documents/Polytech/S8/PROJET/docs/Cardinal/src/Rack/dep/simde -DSIMDE_ACCURACY_PREFERENCE=0 -DSIMDE_FAST_CONVERSION_RANGE -DSIMDE_FAST_MATH -DSIMDE_FAST_NANS -DSIMDE_FAST_ROUND_MODE -DSIMDE_FAST_ROUND_TIES -std=gnu99  -fno-finite-math-only -fno-strict-aliasing  conftest.c >&5
configure:7778: $? = 0
configure:7778: result: yes
configure:7778: checking for strings.h
configure:7778: cc -c -Wall -Wextra -pipe -MD -MP -fno-gnu-unique -fPIC -DPIC -DNDEBUG -O3 -ffast-math -fdata-sections -ffunction-sections -mtune=generic -msse -msse2 -mfpmath=sse -fvisibility=hidden -DUSING_CARDINAL_NOT_RACK -I/home/thib/Documents/Polytech/S8/PROJET/docs/Cardinal/include -I/home/thib/Documents/Polytech/S8/PROJET/docs/Cardinal/include/simd-compat -I/home/thib/Documents/Polytech/S8/PROJET/docs/Cardinal/src/Rack/dep/include -msse -msse2 -msse3 -DZSTDLIB_VISIBILITY= -pthread -I/home/thib/Documents/Polytech/S8/PROJET/docs/Cardinal/src/Rack/dep/simde -DSIMDE_ACCURACY_PREFERENCE=0 -DSIMDE_FAST_CONVERSION_RANGE -DSIMDE_FAST_MATH -DSIMDE_FAST_NANS -DSIMDE_FAST_ROUND_MODE -DSIMDE_FAST_ROUND_TIES -std=gnu99  -fno-finite-math-only -fno-strict-aliasing  conftest.c >&5
configure:7778: $? = 0
configure:7778: result: yes
configure:7778: checking for inttypes.h
configure:7778: cc -c -Wall -Wextra -pipe -MD -MP -fno-gnu-unique -fPIC -DPIC -DNDEBUG -O3 -ffast-math -fdata-sections -ffunction-sections -mtune=generic -msse -msse2 -mfpmath=sse -fvisibility=hidden -DUSING_CARDINAL_NOT_RACK -I/home/thib/Documents/Polytech/S8/PROJET/docs/Cardinal/include -I/home/thib/Documents/Polytech/S8/PROJET/docs/Cardinal/include/simd-compat -I/home/thib/Documents/Polytech/S8/PROJET/docs/Cardinal/src/Rack/dep/include -msse -msse2 -msse3 -DZSTDLIB_VISIBILITY= -pthread -I/home/thib/Documents/Polytech/S8/PROJET/docs/Cardinal/src/Rack/dep/simde -DSIMDE_ACCURACY_PREFERENCE=0 -DSIMDE_FAST_CONVERSION_RANGE -DSIMDE_FAST_MATH -DSIMDE_FAST_NANS -DSIMDE_FAST_ROUND_MODE -DSIMDE_FAST_ROUND_TIES -std=gnu99  -fno-finite-math-only -fno-strict-aliasing  conftest.c >&5
configure:7778: $? = 0
configure:7778: result: yes
configure:7778: checking for stdint.h
configure:7778: cc -c -Wall -Wextra -pipe -MD -MP -fno-gnu-unique -fPIC -DPIC -DNDEBUG -O3 -ffast-math -fdata-sections -ffunction-sections -mtune=generic -msse -msse2 -mfpmath=sse -fvisibility=hidden -DUSING_CARDINAL_NOT_RACK -I/home/thib/Documents/Polytech/S8/PROJET/docs/Cardinal/include -I/home/thib/Documents/Polytech/S8/PROJET/docs/Cardinal/include/simd-compat -I/home/thib/Documents/Polytech/S8/PROJET/docs/Cardinal/src/Rack/dep/include -msse -msse2 -msse3 -DZSTDLIB_VISIBILITY= -pthread -I/home/thib/Documents/Polytech/S8/PROJET/docs/Cardinal/src/Rack/dep/simde -DSIMDE_ACCURACY_PREFERENCE=0 -DSIMDE_FAST_CONVERSION_RANGE -DSIMDE_FAST_MATH -DSIMDE_FAST_NANS -DSIMDE_FAST_ROUND_MODE -DSIMDE_FAST_ROUND_TIES -std=gnu99  -fno-finite-math-only -fno-strict-aliasing  conftest.c >&5
configure:7778: $? = 0
configure:7778: result: yes
configure:7778: checking for unistd.h
configure:7778: cc -c -Wall -Wextra -pipe -MD -MP -fno-gnu-unique -fPIC -DPIC -DNDEBUG -O3 -ffast-math -fdata-sections -ffunction-sections -mtune=generic -msse -msse2 -mfpmath=sse -fvisibility=hidden -DUSING_CARDINAL_NOT_RACK -I/home/thib/Documents/Polytech/S8/PROJET/docs/Cardinal/include -I/home/thib/Documents/Polytech/S8/PROJET/docs/Cardinal/include/simd-compat -I/home/thib/Documents/Polytech/S8/PROJET/docs/Cardinal/src/Rack/dep/include -msse -msse2 -msse3 -DZSTDLIB_VISIBILITY= -pthread -I/home/thib/Documents/Polytech/S8/PROJET/docs/Cardinal/src/Rack/dep/simde -DSIMDE_ACCURACY_PREFERENCE=0 -DSIMDE_FAST_CONVERSION_RANGE -DSIMDE_FAST_MATH -DSIMDE_FAST_NANS -DSIMDE_FAST_ROUND_MODE -DSIMDE_FAST_ROUND_TIES -std=gnu99  -fno-finite-math-only -fno-strict-aliasing  conftest.c >&5
configure:7778: $? = 0
configure:7778: result: yes
configure:7792: checking for dlfcn.h
configure:7792: cc -c -Wall -Wextra -pipe -MD -MP -fno-gnu-unique -fPIC -DPIC -DNDEBUG -O3 -ffast-math -fdata-sections -ffunction-sections -mtune=generic -msse -msse2 -mfpmath=sse -fvisibility=hidden -DUSING_CARDINAL_NOT_RACK -I/home/thib/Documents/Polytech/S8/PROJET/docs/Cardinal/include -I/home/thib/Documents/Polytech/S8/PROJET/docs/Cardinal/include/simd-compat -I/home/thib/Documents/Polytech/S8/PROJET/docs/Cardinal/src/Rack/dep/include -msse -msse2 -msse3 -DZSTDLIB_VISIBILITY= -pthread -I/home/thib/Documents/Polytech/S8/PROJET/docs/Cardinal/src/Rack/dep/simde -DSIMDE_ACCURACY_PREFERENCE=0 -DSIMDE_FAST_CONVERSION_RANGE -DSIMDE_FAST_MATH -DSIMDE_FAST_NANS -DSIMDE_FAST_ROUND_MODE -DSIMDE_FAST_ROUND_TIES -std=gnu99  -fno-finite-math-only -fno-strict-aliasing  conftest.c >&5
configure:7792: $? = 0
configure:7792: result: yes
configure:8048: checking for objdir
configure:8063: result: .libs
configure:8323: checking if cc supports -fno-rtti -fno-exceptions
configure:8341: cc -c -Wall -Wextra -pipe -MD -MP -fno-gnu-unique -fPIC -DPIC -DNDEBUG -O3 -ffast-math -fdata-sections -ffunction-sections -mtune=generic -msse -msse2 -mfpmath=sse -fvisibility=hidden -DUSING_CARDINAL_NOT_RACK -I/home/thib/Documents/Polytech/S8/PROJET/docs/Cardinal/include -I/home/thib/Documents/Polytech/S8/PROJET/docs/Cardinal/include/simd-compat -I/home/thib/Documents/Polytech/S8/PROJET/docs/Cardinal/src/Rack/dep/include -msse -msse2 -msse3 -DZSTDLIB_VISIBILITY= -pthread -I/home/thib/Documents/Polytech/S8/PROJET/docs/Cardinal/src/Rack/dep/simde -DSIMDE_ACCURACY_PREFERENCE=0 -DSIMDE_FAST_CONVERSION_RANGE -DSIMDE_FAST_MATH -DSIMDE_FAST_NANS -DSIMDE_FAST_ROUND_MODE -DSIMDE_FAST_ROUND_TIES -std=gnu99  -fno-finite-math-only -fno-strict-aliasing  -fno-rtti -fno-exceptions conftest.c >&5
cc1: warning: command-line option '-fno-rtti' is valid for C++/D/ObjC++ but not for C
configure:8345: $? = 0
configure:8358: result: no
configure:8716: checking for cc option to produce PIC
configure:8723: result: -fPIC -DPIC
configure:8731: checking if cc PIC flag -fPIC -DPIC works
configure:8749: cc -c -Wall -Wextra -pipe -MD -MP -fno-gnu-unique -fPIC -DPIC -DNDEBUG -O3 -ffast-math -fdata-sections -ffunction-sections -mtune=generic -msse -msse2 -mfpmath=sse -fvisibility=hidden -DUSING_CARDINAL_NOT_RACK -I/home/thib/Documents/Polytech/S8/PROJET/docs/Cardinal/include -I/home/thib/Documents/Polytech/S8/PROJET/docs/Cardinal/include/simd-compat -I/home/thib/Documents/Polytech/S8/PROJET/docs/Cardinal/src/Rack/dep/include -msse -msse2 -msse3 -DZSTDLIB_VISIBILITY= -pthread -I/home/thib/Documents/Polytech/S8/PROJET/docs/Cardinal/src/Rack/dep/simde -DSIMDE_ACCURACY_PREFERENCE=0 -DSIMDE_FAST_CONVERSION_RANGE -DSIMDE_FAST_MATH -DSIMDE_FAST_NANS -DSIMDE_FAST_ROUND_MODE -DSIMDE_FAST_ROUND_TIES -std=gnu99  -fno-finite-math-only -fno-strict-aliasing  -fPIC -DPIC -DPIC conftest.c >&5
configure:8753: $? = 0
configure:8766: result: yes
configure:8795: checking if cc static flag -static works
configure:8823: result: yes
configure:8838: checking if cc supports -c -o file.o
configure:8859: cc -c -Wall -Wextra -pipe -MD -MP -fno-gnu-unique -fPIC -DPIC -DNDEBUG -O3 -ffast-math -fdata-sections -ffunction-sections -mtune=generic -msse -msse2 -mfpmath=sse -fvisibility=hidden -DUSING_CARDINAL_NOT_RACK -I/home/thib/Documents/Polytech/S8/PROJET/docs/Cardinal/include -I/home/thib/Documents/Polytech/S8/PROJET/docs/Cardinal/include/simd-compat -I/home/thib/Documents/Polytech/S8/PROJET/docs/Cardinal/src/Rack/dep/include -msse -msse2 -msse3 -DZSTDLIB_VISIBILITY= -pthread -I/home/thib/Documents/Polytech/S8/PROJET/docs/Cardinal/src/Rack/dep/simde -DSIMDE_ACCURACY_PREFERENCE=0 -DSIMDE_FAST_CONVERSION_RANGE -DSIMDE_FAST_MATH -DSIMDE_FAST_NANS -DSIMDE_FAST_ROUND_MODE -DSIMDE_FAST_ROUND_TIES -std=gnu99  -fno-finite-math-only -fno-strict-aliasing  -o out/conftest2.o conftest.c >&5
configure:8863: $? = 0
configure:8885: result: yes
configure:8893: checking if cc supports -c -o file.o
configure:8940: result: yes
configure:8973: checking whether the cc linker (/usr/bin/ld -m elf_x86_64) supports shared libraries
configure:10234: result: yes
configure:10474: checking dynamic linker characteristics
configure:11055: cc -o conftest -Wall -Wextra -pipe -MD -MP -fno-gnu-unique -fPIC -DPIC -DNDEBUG -O3 -ffast-math -fdata-sections -ffunction-sections -mtune=generic -msse -msse2 -mfpmath=sse -fvisibility=hidden -DUSING_CARDINAL_NOT_RACK -I/home/thib/Documents/Polytech/S8/PROJET/docs/Cardinal/include -I/home/thib/Documents/Polytech/S8/PROJET/docs/Cardinal/include/simd-compat -I/home/thib/Documents/Polytech/S8/PROJET/docs/Cardinal/src/Rack/dep/include -msse -msse2 -msse3 -DZSTDLIB_VISIBILITY= -pthread -I/home/thib/Documents/Polytech/S8/PROJET/docs/Cardinal/src/Rack/dep/simde -DSIMDE_ACCURACY_PREFERENCE=0 -DSIMDE_FAST_CONVERSION_RANGE -DSIMDE_FAST_MATH -DSIMDE_FAST_NANS -DSIMDE_FAST_ROUND_MODE -DSIMDE_FAST_ROUND_TIES -std=gnu99  -fno-finite-math-only -fno-strict-aliasing  -fdata-sections -ffunction-sections -Wl,-O1,--as-needed,--gc-sections -Wl,--strip-all  -Wl,--no-undefined -fexceptions -Wl,-rpath -Wl,/foo conftest.c  >&5
configure:11055: $? = 0
configure:11292: result: GNU/Linux ld.so
configure:11414: checking how to hardcode library paths into programs
configure:11439: result: immediate
configure:11987: checking whether stripping libraries is possible
configure:11996: result: yes
configure:12038: checking if libtool supports shared libraries
configure:12040: result: yes
configure:12043: checking whether to build shared libraries
configure:12068: result: no
configure:12071: checking whether to build static libraries
configure:12075: result: yes
configure:12127: checking endian.h usability
configure:12127: cc -c -Wall -Wextra -pipe -MD -MP -fno-gnu-unique -fPIC -DPIC -DNDEBUG -O3 -ffast-math -fdata-sections -ffunction-sections -mtune=generic -msse -msse2 -mfpmath=sse -fvisibility=hidden -DUSING_CARDINAL_NOT_RACK -I/home/thib/Documents/Polytech/S8/PROJET/docs/Cardinal/include -I/home/thib/Documents/Polytech/S8/PROJET/docs/Cardinal/include/simd-compat -I/home/thib/Documents/Polytech/S8/PROJET/docs/Cardinal/src/Rack/dep/include -msse -msse2 -msse3 -DZSTDLIB_VISIBILITY= -pthread -I/home/thib/Documents/Polytech/S8/PROJET/docs/Cardinal/src/Rack/dep/simde -DSIMDE_ACCURACY_PREFERENCE=0 -DSIMDE_FAST_CONVERSION_RANGE -DSIMDE_FAST_MATH -DSIMDE_FAST_NANS -DSIMDE_FAST_ROUND_MODE -DSIMDE_FAST_ROUND_TIES -std=gnu99  -fno-finite-math-only -fno-strict-aliasing  conftest.c >&5
configure:12127: $? = 0
configure:12127: result: yes
configure:12127: checking endian.h presence
configure:12127: cc -E  conftest.c
configure:12127: $? = 0
configure:12127: result: yes
configure:12127: checking for endian.h
configure:12127: result: yes
configure:12127: checking fcntl.h usability
configure:12127: cc -c -Wall -Wextra -pipe -MD -MP -fno-gnu-unique -fPIC -DPIC -DNDEBUG -O3 -ffast-math -fdata-sections -ffunction-sections -mtune=generic -msse -msse2 -mfpmath=sse -fvisibility=hidden -DUSING_CARDINAL_NOT_RACK -I/home/thib/Documents/Polytech/S8/PROJET/docs/Cardinal/include -I/home/thib/Documents/Polytech/S8/PROJET/docs/Cardinal/include/simd-compat -I/home/thib/Documents/Polytech/S8/PROJET/docs/Cardinal/src/Rack/dep/include -msse -msse2 -msse3 -DZSTDLIB_VISIBILITY= -pthread -I/home/thib/Documents/Polytech/S8/PROJET/docs/Cardinal/src/Rack/dep/simde -DSIMDE_ACCURACY_PREFERENCE=0 -DSIMDE_FAST_CONVERSION_RANGE -DSIMDE_FAST_MATH -DSIMDE_FAST_NANS -DSIMDE_FAST_ROUND_MODE -DSIMDE_FAST_ROUND_TIES -std=gnu99  -fno-finite-math-only -fno-strict-aliasing  conftest.c >&5
configure:12127: $? = 0
configure:12127: result: yes
configure:12127: checking fcntl.h presence
configure:12127: cc -E  conftest.c
configure:12127: $? = 0
configure:12127: result: yes
configure:12127: checking for fcntl.h
configure:12127: result: yes
configure:12127: checking locale.h usability
configure:12127: cc -c -Wall -Wextra -pipe -MD -MP -fno-gnu-unique -fPIC -DPIC -DNDEBUG -O3 -ffast-math -fdata-sections -ffunction-sections -mtune=generic -msse -msse2 -mfpmath=sse -fvisibility=hidden -DUSING_CARDINAL_NOT_RACK -I/home/thib/Documents/Polytech/S8/PROJET/docs/Cardinal/include -I/home/thib/Documents/Polytech/S8/PROJET/docs/Cardinal/include/simd-compat -I/home/thib/Documents/Polytech/S8/PROJET/docs/Cardinal/src/Rack/dep/include -msse -msse2 -msse3 -DZSTDLIB_VISIBILITY= -pthread -I/home/thib/Documents/Polytech/S8/PROJET/docs/Cardinal/src/Rack/dep/simde -DSIMDE_ACCURACY_PREFERENCE=0 -DSIMDE_FAST_CONVERSION_RANGE -DSIMDE_FAST_MATH -DSIMDE_FAST_NANS -DSIMDE_FAST_ROUND_MODE -DSIMDE_FAST_ROUND_TIES -std=gnu99  -fno-finite-math-only -fno-strict-aliasing  conftest.c >&5
configure:12127: $? = 0
configure:12127: result: yes
configure:12127: checking locale.h presence
configure:12127: cc -E  conftest.c
configure:12127: $? = 0
configure:12127: result: yes
configure:12127: checking for locale.h
configure:12127: result: yes
configure:12127: checking sched.h usability
configure:12127: cc -c -Wall -Wextra -pipe -MD -MP -fno-gnu-unique -fPIC -DPIC -DNDEBUG -O3 -ffast-math -fdata-sections -ffunction-sections -mtune=generic -msse -msse2 -mfpmath=sse -fvisibility=hidden -DUSING_CARDINAL_NOT_RACK -I/home/thib/Documents/Polytech/S8/PROJET/docs/Cardinal/include -I/home/thib/Documents/Polytech/S8/PROJET/docs/Cardinal/include/simd-compat -I/home/thib/Documents/Polytech/S8/PROJET/docs/Cardinal/src/Rack/dep/include -msse -msse2 -msse3 -DZSTDLIB_VISIBILITY= -pthread -I/home/thib/Documents/Polytech/S8/PROJET/docs/Cardinal/src/Rack/dep/simde -DSIMDE_ACCURACY_PREFERENCE=0 -DSIMDE_FAST_CONVERSION_RANGE -DSIMDE_FAST_MATH -DSIMDE_FAST_NANS -DSIMDE_FAST_ROUND_MODE -DSIMDE_FAST_ROUND_TIES -std=gnu99  -fno-finite-math-only -fno-strict-aliasing  conftest.c >&5
configure:12127: $? = 0
configure:12127: result: yes
configure:12127: checking sched.h presence
configure:12127: cc -E  conftest.c
configure:12127: $? = 0
configure:12127: result: yes
configure:12127: checking for sched.h
configure:12127: result: yes
configure:12127: checking for unistd.h
configure:12127: result: yes
configure:12127: checking sys/param.h usability
configure:12127: cc -c -Wall -Wextra -pipe -MD -MP -fno-gnu-unique -fPIC -DPIC -DNDEBUG -O3 -ffast-math -fdata-sections -ffunction-sections -mtune=generic -msse -msse2 -mfpmath=sse -fvisibility=hidden -DUSING_CARDINAL_NOT_RACK -I/home/thib/Documents/Polytech/S8/PROJET/docs/Cardinal/include -I/home/thib/Documents/Polytech/S8/PROJET/docs/Cardinal/include/simd-compat -I/home/thib/Documents/Polytech/S8/PROJET/docs/Cardinal/src/Rack/dep/include -msse -msse2 -msse3 -DZSTDLIB_VISIBILITY= -pthread -I/home/thib/Documents/Polytech/S8/PROJET/docs/Cardinal/src/Rack/dep/simde -DSIMDE_ACCURACY_PREFERENCE=0 -DSIMDE_FAST_CONVERSION_RANGE -DSIMDE_FAST_MATH -DSIMDE_FAST_NANS -DSIMDE_FAST_ROUND_MODE -DSIMDE_FAST_ROUND_TIES -std=gnu99  -fno-finite-math-only -fno-strict-aliasing  conftest.c >&5
configure:12127: $? = 0
configure:12127: result: yes
configure:12127: checking sys/param.h presence
configure:12127: cc -E  conftest.c
configure:12127: $? = 0
configure:12127: result: yes
configure:12127: checking for sys/param.h
configure:12127: result: yes
configure:12127: checking for sys/stat.h
configure:12127: result: yes
configure:12127: checking sys/time.h usability
configure:12127: cc -c -Wall -Wextra -pipe -MD -MP -fno-gnu-unique -fPIC -DPIC -DNDEBUG -O3 -ffast-math -fdata-sections -ffunction-sections -mtune=generic -msse -msse2 -mfpmath=sse -fvisibility=hidden -DUSING_CARDINAL_NOT_RACK -I/home/thib/Documents/Polytech/S8/PROJET/docs/Cardinal/include -I/home/thib/Documents/Polytech/S8/PROJET/docs/Cardinal/include/simd-compat -I/home/thib/Documents/Polytech/S8/PROJET/docs/Cardinal/src/Rack/dep/include -msse -msse2 -msse3 -DZSTDLIB_VISIBILITY= -pthread -I/home/thib/Documents/Polytech/S8/PROJET/docs/Cardinal/src/Rack/dep/simde -DSIMDE_ACCURACY_PREFERENCE=0 -DSIMDE_FAST_CONVERSION_RANGE -DSIMDE_FAST_MATH -DSIMDE_FAST_NANS -DSIMDE_FAST_ROUND_MODE -DSIMDE_FAST_ROUND_TIES -std=gnu99  -fno-finite-math-only -fno-strict-aliasing  conftest.c >&5
configure:12127: $? = 0
configure:12127: result: yes
configure:12127: checking sys/time.h presence
configure:12127: cc -E  conftest.c
configure:12127: $? = 0
configure:12127: result: yes
configure:12127: checking for sys/time.h
configure:12127: result: yes
configure:12127: checking for sys/types.h
configure:12127: result: yes
configure:12139: checking for int32_t
configure:12139: cc -c -Wall -Wextra -pipe -MD -MP -fno-gnu-unique -fPIC -DPIC -DNDEBUG -O3 -ffast-math -fdata-sections -ffunction-sections -mtune=generic -msse -msse2 -mfpmath=sse -fvisibility=hidden -DUSING_CARDINAL_NOT_RACK -I/home/thib/Documents/Polytech/S8/PROJET/docs/Cardinal/include -I/home/thib/Documents/Polytech/S8/PROJET/docs/Cardinal/include/simd-compat -I/home/thib/Documents/Polytech/S8/PROJET/docs/Cardinal/src/Rack/dep/include -msse -msse2 -msse3 -DZSTDLIB_VISIBILITY= -pthread -I/home/thib/Documents/Polytech/S8/PROJET/docs/Cardinal/src/Rack/dep/simde -DSIMDE_ACCURACY_PREFERENCE=0 -DSIMDE_FAST_CONVERSION_RANGE -DSIMDE_FAST_MATH -DSIMDE_FAST_NANS -DSIMDE_FAST_ROUND_MODE -DSIMDE_FAST_ROUND_TIES -std=gnu99  -fno-finite-math-only -fno-strict-aliasing  conftest.c >&5
configure:12139: $? = 0
configure:12139: cc -c -Wall -Wextra -pipe -MD -MP -fno-gnu-unique -fPIC -DPIC -DNDEBUG -O3 -ffast-math -fdata-sections -ffunction-sections -mtune=generic -msse -msse2 -mfpmath=sse -fvisibility=hidden -DUSING_CARDINAL_NOT_RACK -I/home/thib/Documents/Polytech/S8/PROJET/docs/Cardinal/include -I/home/thib/Documents/Polytech/S8/PROJET/docs/Cardinal/include/simd-compat -I/home/thib/Documents/Polytech/S8/PROJET/docs/Cardinal/src/Rack/dep/include -msse -msse2 -msse3 -DZSTDLIB_VISIBILITY= -pthread -I/home/thib/Documents/Polytech/S8/PROJET/docs/Cardinal/src/Rack/dep/simde -DSIMDE_ACCURACY_PREFERENCE=0 -DSIMDE_FAST_CONVERSION_RANGE -DSIMDE_FAST_MATH -DSIMDE_FAST_NANS -DSIMDE_FAST_ROUND_MODE -DSIMDE_FAST_ROUND_TIES -std=gnu99  -fno-finite-math-only -fno-strict-aliasing  conftest.c >&5
conftest.c: In function 'main':
conftest.c:70:67: warning: integer overflow in expression of type 'int' results in '-2147483648' [-Woverflow]
   70 |                  < (int32_t) (((((int32_t) 1 << N) << N) - 1) * 2 + 2))];
      |                                                                   ^
conftest.c:69:12: error: storage size of 'test_array' isn't constant
   69 | static int test_array [1 - 2 * !((int32_t) (((((int32_t) 1 << N) << N) - 1) * 2 + 1)
      |            ^~~~~~~~~~
conftest.c:69:12: warning: unused variable 'test_array' [-Wunused-variable]
configure:12139: $? = 1
configure: failed program was:
| /* confdefs.h */
| #define PACKAGE_NAME "jansson"
| #define PACKAGE_TARNAME "jansson"
| #define PACKAGE_VERSION "2.12"
| #define PACKAGE_STRING "jansson 2.12"
| #define PACKAGE_BUGREPORT "petri@digip.org"
| #define PACKAGE_URL ""
| #define PACKAGE "jansson"
| #define VERSION "2.12"
| #define STDC_HEADERS 1
| #define HAVE_SYS_TYPES_H 1
| #define HAVE_SYS_STAT_H 1
| #define HAVE_STDLIB_H 1
| #define HAVE_STRING_H 1
| #define HAVE_MEMORY_H 1
| #define HAVE_STRINGS_H 1
| #define HAVE_INTTYPES_H 1
| #define HAVE_STDINT_H 1
| #define HAVE_UNISTD_H 1
| #define HAVE_DLFCN_H 1
| #define LT_OBJDIR ".libs/"
| #define HAVE_ENDIAN_H 1
| #define HAVE_FCNTL_H 1
| #define HAVE_LOCALE_H 1
| #define HAVE_SCHED_H 1
| #define HAVE_UNISTD_H 1
| #define HAVE_SYS_PARAM_H 1
| #define HAVE_SYS_STAT_H 1
| #define HAVE_SYS_TIME_H 1
| #define HAVE_SYS_TYPES_H 1
| /* end confdefs.h.  */
| #include <stdio.h>
| #ifdef HAVE_SYS_TYPES_H
| # include <sys/types.h>
| #endif
| #ifdef HAVE_SYS_STAT_H
| # include <sys/stat.h>
| #endif
| #ifdef STDC_HEADERS
| # include <stdlib.h>
| # include <stddef.h>
| #else
| # ifdef HAVE_STDLIB_H
| #  include <stdlib.h>
| # endif
| #endif
| #ifdef HAVE_STRING_H
| # if !defined STDC_HEADERS && defined HAVE_MEMORY_H
| #  include <memory.h>
| # endif
| # include <string.h>
| #endif
| #ifdef HAVE_STRINGS_H
| # include <strings.h>
| #endif
| #ifdef HAVE_INTTYPES_H
| # include <inttypes.h>
| #endif
| #ifdef HAVE_STDINT_H
| # include <stdint.h>
| #endif
| #ifdef HAVE_UNISTD_H
| # include <unistd.h>
| #endif
| 	        enum { N = 32 / 2 - 1 };
| int
| main ()
| {
| static int test_array [1 - 2 * !((int32_t) (((((int32_t) 1 << N) << N) - 1) * 2 + 1)
| 		 < (int32_t) (((((int32_t) 1 << N) << N) - 1) * 2 + 2))];
| test_array [0] = 0;
| return test_array [0];
| 
|   ;
|   return 0;
| }
configure:12139: result: yes
configure:12150: checking for uint32_t
configure:12150: cc -c -Wall -Wextra -pipe -MD -MP -fno-gnu-unique -fPIC -DPIC -DNDEBUG -O3 -ffast-math -fdata-sections -ffunction-sections -mtune=generic -msse -msse2 -mfpmath=sse -fvisibility=hidden -DUSING_CARDINAL_NOT_RACK -I/home/thib/Documents/Polytech/S8/PROJET/docs/Cardinal/include -I/home/thib/Documents/Polytech/S8/PROJET/docs/Cardinal/include/simd-compat -I/home/thib/Documents/Polytech/S8/PROJET/docs/Cardinal/src/Rack/dep/include -msse -msse2 -msse3 -DZSTDLIB_VISIBILITY= -pthread -I/home/thib/Documents/Polytech/S8/PROJET/docs/Cardinal/src/Rack/dep/simde -DSIMDE_ACCURACY_PREFERENCE=0 -DSIMDE_FAST_CONVERSION_RANGE -DSIMDE_FAST_MATH -DSIMDE_FAST_NANS -DSIMDE_FAST_ROUND_MODE -DSIMDE_FAST_ROUND_TIES -std=gnu99  -fno-finite-math-only -fno-strict-aliasing  conftest.c >&5
configure:12150: $? = 0
configure:12150: result: yes
configure:12164: checking for uint16_t
configure:12164: cc -c -Wall -Wextra -pipe -MD -MP -fno-gnu-unique -fPIC -DPIC -DNDEBUG -O3 -ffast-math -fdata-sections -ffunction-sections -mtune=generic -msse -msse2 -mfpmath=sse -fvisibility=hidden -DUSING_CARDINAL_NOT_RACK -I/home/thib/Documents/Polytech/S8/PROJET/docs/Cardinal/include -I/home/thib/Documents/Polytech/S8/PROJET/docs/Cardinal/include/simd-compat -I/home/thib/Documents/Polytech/S8/PROJET/docs/Cardinal/src/Rack/dep/include -msse -msse2 -msse3 -DZSTDLIB_VISIBILITY= -pthread -I/home/thib/Documents/Polytech/S8/PROJET/docs/Cardinal/src/Rack/dep/simde -DSIMDE_ACCURACY_PREFERENCE=0 -DSIMDE_FAST_CONVERSION_RANGE -DSIMDE_FAST_MATH -DSIMDE_FAST_NANS -DSIMDE_FAST_ROUND_MODE -DSIMDE_FAST_ROUND_TIES -std=gnu99  -fno-finite-math-only -fno-strict-aliasing  conftest.c >&5
configure:12164: $? = 0
configure:12164: result: yes
configure:12176: checking for uint8_t
configure:12176: cc -c -Wall -Wextra -pipe -MD -MP -fno-gnu-unique -fPIC -DPIC -DNDEBUG -O3 -ffast-math -fdata-sections -ffunction-sections -mtune=generic -msse -msse2 -mfpmath=sse -fvisibility=hidden -DUSING_CARDINAL_NOT_RACK -I/home/thib/Documents/Polytech/S8/PROJET/docs/Cardinal/include -I/home/thib/Documents/Polytech/S8/PROJET/docs/Cardinal/include/simd-compat -I/home/thib/Documents/Polytech/S8/PROJET/docs/Cardinal/src/Rack/dep/include -msse -msse2 -msse3 -DZSTDLIB_VISIBILITY= -pthread -I/home/thib/Documents/Polytech/S8/PROJET/docs/Cardinal/src/Rack/dep/simde -DSIMDE_ACCURACY_PREFERENCE=0 -DSIMDE_FAST_CONVERSION_RANGE -DSIMDE_FAST_MATH -DSIMDE_FAST_NANS -DSIMDE_FAST_ROUND_MODE -DSIMDE_FAST_ROUND_TIES -std=gnu99  -fno-finite-math-only -fno-strict-aliasing  conftest.c >&5
configure:12176: $? = 0
configure:12176: result: yes
configure:12191: checking for unsigned long long int
configure:12230: cc -o conftest -Wall -Wextra -pipe -MD -MP -fno-gnu-unique -fPIC -DPIC -DNDEBUG -O3 -ffast-math -fdata-sections -ffunction-sections -mtune=generic -msse -msse2 -mfpmath=sse -fvisibility=hidden -DUSING_CARDINAL_NOT_RACK -I/home/thib/Documents/Polytech/S8/PROJET/docs/Cardinal/include -I/home/thib/Documents/Polytech/S8/PROJET/docs/Cardinal/include/simd-compat -I/home/thib/Documents/Polytech/S8/PROJET/docs/Cardinal/src/Rack/dep/include -msse -msse2 -msse3 -DZSTDLIB_VISIBILITY= -pthread -I/home/thib/Documents/Polytech/S8/PROJET/docs/Cardinal/src/Rack/dep/simde -DSIMDE_ACCURACY_PREFERENCE=0 -DSIMDE_FAST_CONVERSION_RANGE -DSIMDE_FAST_MATH -DSIMDE_FAST_NANS -DSIMDE_FAST_ROUND_MODE -DSIMDE_FAST_ROUND_TIES -std=gnu99  -fno-finite-math-only -fno-strict-aliasing  -fdata-sections -ffunction-sections -Wl,-O1,--as-needed,--gc-sections -Wl,--strip-all  -Wl,--no-undefined -fexceptions conftest.c  >&5
configure:12230: $? = 0
configure:12239: result: yes
configure:12249: checking for long long int
configure:12287: cc -o conftest -Wall -Wextra -pipe -MD -MP -fno-gnu-unique -fPIC -DPIC -DNDEBUG -O3 -ffast-math -fdata-sections -ffunction-sections -mtune=generic -msse -msse2 -mfpmath=sse -fvisibility=hidden -DUSING_CARDINAL_NOT_RACK -I/home/thib/Documents/Polytech/S8/PROJET/docs/Cardinal/include -I/home/thib/Documents/Polytech/S8/PROJET/docs/Cardinal/include/simd-compat -I/home/thib/Documents/Polytech/S8/PROJET/docs/Cardinal/src/Rack/dep/include -msse -msse2 -msse3 -DZSTDLIB_VISIBILITY= -pthread -I/home/thib/Documents/Polytech/S8/PROJET/docs/Cardinal/src/Rack/dep/simde -DSIMDE_ACCURACY_PREFERENCE=0 -DSIMDE_FAST_CONVERSION_RANGE -DSIMDE_FAST_MATH -DSIMDE_FAST_NANS -DSIMDE_FAST_ROUND_MODE -DSIMDE_FAST_ROUND_TIES -std=gnu99  -fno-finite-math-only -fno-strict-aliasing  -fdata-sections -ffunction-sections -Wl,-O1,--as-needed,--gc-sections -Wl,--strip-all  -Wl,--no-undefined -fexceptions conftest.c  >&5
configure:12287: $? = 0
configure:12287: ./conftest
configure:12287: $? = 0
configure:12299: result: yes
configure:12308: checking for inline
configure:12324: cc -c -Wall -Wextra -pipe -MD -MP -fno-gnu-unique -fPIC -DPIC -DNDEBUG -O3 -ffast-math -fdata-sections -ffunction-sections -mtune=generic -msse -msse2 -mfpmath=sse -fvisibility=hidden -DUSING_CARDINAL_NOT_RACK -I/home/thib/Documents/Polytech/S8/PROJET/docs/Cardinal/include -I/home/thib/Documents/Polytech/S8/PROJET/docs/Cardinal/include/simd-compat -I/home/thib/Documents/Polytech/S8/PROJET/docs/Cardinal/src/Rack/dep/include -msse -msse2 -msse3 -DZSTDLIB_VISIBILITY= -pthread -I/home/thib/Documents/Polytech/S8/PROJET/docs/Cardinal/src/Rack/dep/simde -DSIMDE_ACCURACY_PREFERENCE=0 -DSIMDE_FAST_CONVERSION_RANGE -DSIMDE_FAST_MATH -DSIMDE_FAST_NANS -DSIMDE_FAST_ROUND_MODE -DSIMDE_FAST_ROUND_TIES -std=gnu99  -fno-finite-math-only -fno-strict-aliasing  conftest.c >&5
configure:12324: $? = 0
configure:12332: result: inline
configure:12361: checking for close
configure:12361: cc -o conftest -Wall -Wextra -pipe -MD -MP -fno-gnu-unique -fPIC -DPIC -DNDEBUG -O3 -ffast-math -fdata-sections -ffunction-sections -mtune=generic -msse -msse2 -mfpmath=sse -fvisibility=hidden -DUSING_CARDINAL_NOT_RACK -I/home/thib/Documents/Polytech/S8/PROJET/docs/Cardinal/include -I/home/thib/Documents/Polytech/S8/PROJET/docs/Cardinal/include/simd-compat -I/home/thib/Documents/Polytech/S8/PROJET/docs/Cardinal/src/Rack/dep/include -msse -msse2 -msse3 -DZSTDLIB_VISIBILITY= -pthread -I/home/thib/Documents/Polytech/S8/PROJET/docs/Cardinal/src/Rack/dep/simde -DSIMDE_ACCURACY_PREFERENCE=0 -DSIMDE_FAST_CONVERSION_RANGE -DSIMDE_FAST_MATH -DSIMDE_FAST_NANS -DSIMDE_FAST_ROUND_MODE -DSIMDE_FAST_ROUND_TIES -std=gnu99  -fno-finite-math-only -fno-strict-aliasing  -fdata-sections -ffunction-sections -Wl,-O1,--as-needed,--gc-sections -Wl,--strip-all  -Wl,--no-undefined -fexceptions conftest.c  >&5
configure:12361: $? = 0
configure:12361: result: yes
configure:12361: checking for getpid
configure:12361: cc -o conftest -Wall -Wextra -pipe -MD -MP -fno-gnu-unique -fPIC -DPIC -DNDEBUG -O3 -ffast-math -fdata-sections -ffunction-sections -mtune=generic -msse -msse2 -mfpmath=sse -fvisibility=hidden -DUSING_CARDINAL_NOT_RACK -I/home/thib/Documents/Polytech/S8/PROJET/docs/Cardinal/include -I/home/thib/Documents/Polytech/S8/PROJET/docs/Cardinal/include/simd-compat -I/home/thib/Documents/Polytech/S8/PROJET/docs/Cardinal/src/Rack/dep/include -msse -msse2 -msse3 -DZSTDLIB_VISIBILITY= -pthread -I/home/thib/Documents/Polytech/S8/PROJET/docs/Cardinal/src/Rack/dep/simde -DSIMDE_ACCURACY_PREFERENCE=0 -DSIMDE_FAST_CONVERSION_RANGE -DSIMDE_FAST_MATH -DSIMDE_FAST_NANS -DSIMDE_FAST_ROUND_MODE -DSIMDE_FAST_ROUND_TIES -std=gnu99  -fno-finite-math-only -fno-strict-aliasing  -fdata-sections -ffunction-sections -Wl,-O1,--as-needed,--gc-sections -Wl,--strip-all  -Wl,--no-undefined -fexceptions conftest.c  >&5
configure:12361: $? = 0
configure:12361: result: yes
configure:12361: checking for gettimeofday
configure:12361: cc -o conftest -Wall -Wextra -pipe -MD -MP -fno-gnu-unique -fPIC -DPIC -DNDEBUG -O3 -ffast-math -fdata-sections -ffunction-sections -mtune=generic -msse -msse2 -mfpmath=sse -fvisibility=hidden -DUSING_CARDINAL_NOT_RACK -I/home/thib/Documents/Polytech/S8/PROJET/docs/Cardinal/include -I/home/thib/Documents/Polytech/S8/PROJET/docs/Cardinal/include/simd-compat -I/home/thib/Documents/Polytech/S8/PROJET/docs/Cardinal/src/Rack/dep/include -msse -msse2 -msse3 -DZSTDLIB_VISIBILITY= -pthread -I/home/thib/Documents/Polytech/S8/PROJET/docs/Cardinal/src/Rack/dep/simde -DSIMDE_ACCURACY_PREFERENCE=0 -DSIMDE_FAST_CONVERSION_RANGE -DSIMDE_FAST_MATH -DSIMDE_FAST_NANS -DSIMDE_FAST_ROUND_MODE -DSIMDE_FAST_ROUND_TIES -std=gnu99  -fno-finite-math-only -fno-strict-aliasing  -fdata-sections -ffunction-sections -Wl,-O1,--as-needed,--gc-sections -Wl,--strip-all  -Wl,--no-undefined -fexceptions conftest.c  >&5
configure:12361: $? = 0
configure:12361: result: yes
configure:12361: checking for localeconv
configure:12361: cc -o conftest -Wall -Wextra -pipe -MD -MP -fno-gnu-unique -fPIC -DPIC -DNDEBUG -O3 -ffast-math -fdata-sections -ffunction-sections -mtune=generic -msse -msse2 -mfpmath=sse -fvisibility=hidden -DUSING_CARDINAL_NOT_RACK -I/home/thib/Documents/Polytech/S8/PROJET/docs/Cardinal/include -I/home/thib/Documents/Polytech/S8/PROJET/docs/Cardinal/include/simd-compat -I/home/thib/Documents/Polytech/S8/PROJET/docs/Cardinal/src/Rack/dep/include -msse -msse2 -msse3 -DZSTDLIB_VISIBILITY= -pthread -I/home/thib/Documents/Polytech/S8/PROJET/docs/Cardinal/src/Rack/dep/simde -DSIMDE_ACCURACY_PREFERENCE=0 -DSIMDE_FAST_CONVERSION_RANGE -DSIMDE_FAST_MATH -DSIMDE_FAST_NANS -DSIMDE_FAST_ROUND_MODE -DSIMDE_FAST_ROUND_TIES -std=gnu99  -fno-finite-math-only -fno-strict-aliasing  -fdata-sections -ffunction-sections -Wl,-O1,--as-needed,--gc-sections -Wl,--strip-all  -Wl,--no-undefined -fexceptions conftest.c  >&5
configure:12361: $? = 0
configure:12361: result: yes
configure:12361: checking for open
configure:12361: cc -o conftest -Wall -Wextra -pipe -MD -MP -fno-gnu-unique -fPIC -DPIC -DNDEBUG -O3 -ffast-math -fdata-sections -ffunction-sections -mtune=generic -msse -msse2 -mfpmath=sse -fvisibility=hidden -DUSING_CARDINAL_NOT_RACK -I/home/thib/Documents/Polytech/S8/PROJET/docs/Cardinal/include -I/home/thib/Documents/Polytech/S8/PROJET/docs/Cardinal/include/simd-compat -I/home/thib/Documents/Polytech/S8/PROJET/docs/Cardinal/src/Rack/dep/include -msse -msse2 -msse3 -DZSTDLIB_VISIBILITY= -pthread -I/home/thib/Documents/Polytech/S8/PROJET/docs/Cardinal/src/Rack/dep/simde -DSIMDE_ACCURACY_PREFERENCE=0 -DSIMDE_FAST_CONVERSION_RANGE -DSIMDE_FAST_MATH -DSIMDE_FAST_NANS -DSIMDE_FAST_ROUND_MODE -DSIMDE_FAST_ROUND_TIES -std=gnu99  -fno-finite-math-only -fno-strict-aliasing  -fdata-sections -ffunction-sections -Wl,-O1,--as-needed,--gc-sections -Wl,--strip-all  -Wl,--no-undefined -fexceptions conftest.c  >&5
configure:12361: $? = 0
configure:12361: result: yes
configure:12361: checking for read
configure:12361: cc -o conftest -Wall -Wextra -pipe -MD -MP -fno-gnu-unique -fPIC -DPIC -DNDEBUG -O3 -ffast-math -fdata-sections -ffunction-sections -mtune=generic -msse -msse2 -mfpmath=sse -fvisibility=hidden -DUSING_CARDINAL_NOT_RACK -I/home/thib/Documents/Polytech/S8/PROJET/docs/Cardinal/include -I/home/thib/Documents/Polytech/S8/PROJET/docs/Cardinal/include/simd-compat -I/home/thib/Documents/Polytech/S8/PROJET/docs/Cardinal/src/Rack/dep/include -msse -msse2 -msse3 -DZSTDLIB_VISIBILITY= -pthread -I/home/thib/Documents/Polytech/S8/PROJET/docs/Cardinal/src/Rack/dep/simde -DSIMDE_ACCURACY_PREFERENCE=0 -DSIMDE_FAST_CONVERSION_RANGE -DSIMDE_FAST_MATH -DSIMDE_FAST_NANS -DSIMDE_FAST_ROUND_MODE -DSIMDE_FAST_ROUND_TIES -std=gnu99  -fno-finite-math-only -fno-strict-aliasing  -fdata-sections -ffunction-sections -Wl,-O1,--as-needed,--gc-sections -Wl,--strip-all  -Wl,--no-undefined -fexceptions conftest.c  >&5
configure:12361: $? = 0
configure:12361: result: yes
configure:12361: checking for sched_yield
configure:12361: cc -o conftest -Wall -Wextra -pipe -MD -MP -fno-gnu-unique -fPIC -DPIC -DNDEBUG -O3 -ffast-math -fdata-sections -ffunction-sections -mtune=generic -msse -msse2 -mfpmath=sse -fvisibility=hidden -DUSING_CARDINAL_NOT_RACK -I/home/thib/Documents/Polytech/S8/PROJET/docs/Cardinal/include -I/home/thib/Documents/Polytech/S8/PROJET/docs/Cardinal/include/simd-compat -I/home/thib/Documents/Polytech/S8/PROJET/docs/Cardinal/src/Rack/dep/include -msse -msse2 -msse3 -DZSTDLIB_VISIBILITY= -pthread -I/home/thib/Documents/Polytech/S8/PROJET/docs/Cardinal/src/Rack/dep/simde -DSIMDE_ACCURACY_PREFERENCE=0 -DSIMDE_FAST_CONVERSION_RANGE -DSIMDE_FAST_MATH -DSIMDE_FAST_NANS -DSIMDE_FAST_ROUND_MODE -DSIMDE_FAST_ROUND_TIES -std=gnu99  -fno-finite-math-only -fno-strict-aliasing  -fdata-sections -ffunction-sections -Wl,-O1,--as-needed,--gc-sections -Wl,--strip-all  -Wl,--no-undefined -fexceptions conftest.c  >&5
configure:12361: $? = 0
configure:12361: result: yes
configure:12361: checking for strtoll
configure:12361: cc -o conftest -Wall -Wextra -pipe -MD -MP -fno-gnu-unique -fPIC -DPIC -DNDEBUG -O3 -ffast-math -fdata-sections -ffunction-sections -mtune=generic -msse -msse2 -mfpmath=sse -fvisibility=hidden -DUSING_CARDINAL_NOT_RACK -I/home/thib/Documents/Polytech/S8/PROJET/docs/Cardinal/include -I/home/thib/Documents/Polytech/S8/PROJET/docs/Cardinal/include/simd-compat -I/home/thib/Documents/Polytech/S8/PROJET/docs/Cardinal/src/Rack/dep/include -msse -msse2 -msse3 -DZSTDLIB_VISIBILITY= -pthread -I/home/thib/Documents/Polytech/S8/PROJET/docs/Cardinal/src/Rack/dep/simde -DSIMDE_ACCURACY_PREFERENCE=0 -DSIMDE_FAST_CONVERSION_RANGE -DSIMDE_FAST_MATH -DSIMDE_FAST_NANS -DSIMDE_FAST_ROUND_MODE -DSIMDE_FAST_ROUND_TIES -std=gnu99  -fno-finite-math-only -fno-strict-aliasing  -fdata-sections -ffunction-sections -Wl,-O1,--as-needed,--gc-sections -Wl,--strip-all  -Wl,--no-undefined -fexceptions conftest.c  >&5
configure:12361: $? = 0
configure:12361: result: yes
configure:12371: checking for gcc __sync builtins
configure:12385: cc -o conftest -Wall -Wextra -pipe -MD -MP -fno-gnu-unique -fPIC -DPIC -DNDEBUG -O3 -ffast-math -fdata-sections -ffunction-sections -mtune=generic -msse -msse2 -mfpmath=sse -fvisibility=hidden -DUSING_CARDINAL_NOT_RACK -I/home/thib/Documents/Polytech/S8/PROJET/docs/Cardinal/include -I/home/thib/Documents/Polytech/S8/PROJET/docs/Cardinal/include/simd-compat -I/home/thib/Documents/Polytech/S8/PROJET/docs/Cardinal/src/Rack/dep/include -msse -msse2 -msse3 -DZSTDLIB_VISIBILITY= -pthread -I/home/thib/Documents/Polytech/S8/PROJET/docs/Cardinal/src/Rack/dep/simde -DSIMDE_ACCURACY_PREFERENCE=0 -DSIMDE_FAST_CONVERSION_RANGE -DSIMDE_FAST_MATH -DSIMDE_FAST_NANS -DSIMDE_FAST_ROUND_MODE -DSIMDE_FAST_ROUND_TIES -std=gnu99  -fno-finite-math-only -fno-strict-aliasing  -fdata-sections -ffunction-sections -Wl,-O1,--as-needed,--gc-sections -Wl,--strip-all  -Wl,--no-undefined -fexceptions conftest.c  >&5
configure:12385: $? = 0
configure:12399: result: yes
configure:12402: checking for gcc __atomic builtins
configure:12416: cc -o conftest -Wall -Wextra -pipe -MD -MP -fno-gnu-unique -fPIC -DPIC -DNDEBUG -O3 -ffast-math -fdata-sections -ffunction-sections -mtune=generic -msse -msse2 -mfpmath=sse -fvisibility=hidden -DUSING_CARDINAL_NOT_RACK -I/home/thib/Documents/Polytech/S8/PROJET/docs/Cardinal/include -I/home/thib/Documents/Polytech/S8/PROJET/docs/Cardinal/include/simd-compat -I/home/thib/Documents/Polytech/S8/PROJET/docs/Cardinal/src/Rack/dep/include -msse -msse2 -msse3 -DZSTDLIB_VISIBILITY= -pthread -I/home/thib/Documents/Polytech/S8/PROJET/docs/Cardinal/src/Rack/dep/simde -DSIMDE_ACCURACY_PREFERENCE=0 -DSIMDE_FAST_CONVERSION_RANGE -DSIMDE_FAST_MATH -DSIMDE_FAST_NANS -DSIMDE_FAST_ROUND_MODE -DSIMDE_FAST_ROUND_TIES -std=gnu99  -fno-finite-math-only -fno-strict-aliasing  -fdata-sections -ffunction-sections -Wl,-O1,--as-needed,--gc-sections -Wl,--strip-all  -Wl,--no-undefined -fexceptions conftest.c  >&5
configure:12416: $? = 0
configure:12430: result: yes
configure:12496: checking for -Bsymbolic-functions linker flag
configure:12511: cc -o conftest -Wall -Wextra -pipe -MD -MP -fno-gnu-unique -fPIC -DPIC -DNDEBUG -O3 -ffast-math -fdata-sections -ffunction-sections -mtune=generic -msse -msse2 -mfpmath=sse -fvisibility=hidden -DUSING_CARDINAL_NOT_RACK -I/home/thib/Documents/Polytech/S8/PROJET/docs/Cardinal/include -I/home/thib/Documents/Polytech/S8/PROJET/docs/Cardinal/include/simd-compat -I/home/thib/Documents/Polytech/S8/PROJET/docs/Cardinal/src/Rack/dep/include -msse -msse2 -msse3 -DZSTDLIB_VISIBILITY= -pthread -I/home/thib/Documents/Polytech/S8/PROJET/docs/Cardinal/src/Rack/dep/simde -DSIMDE_ACCURACY_PREFERENCE=0 -DSIMDE_FAST_CONVERSION_RANGE -DSIMDE_FAST_MATH -DSIMDE_FAST_NANS -DSIMDE_FAST_ROUND_MODE -DSIMDE_FAST_ROUND_TIES -std=gnu99  -fno-finite-math-only -fno-strict-aliasing  -Wl,-Bsymbolic-functions conftest.c  >&5
conftest.c: In function 'main':
conftest.c:51:5: warning: 'main' is normally a non-static function [-Wmain]
   51 | int main (void) { return 0; }
      |     ^~~~
At top level:
conftest.c:51:5: warning: 'main' defined but not used [-Wunused-function]
configure:12511: $? = 0
configure:12512: result: yes
configure:12539: checking for -Wno-format-truncation
configure:12543: result: yes
configure:12658: checking that generated files are newer than configure
configure:12664: result: done
configure:12691: creating ./config.status

## ---------------------- ##
## Running config.status. ##
## ---------------------- ##

This file was extended by jansson config.status 2.12, which was
generated by GNU Autoconf 2.69.  Invocation command line was

  CONFIG_FILES    = 
  CONFIG_HEADERS  = 
  CONFIG_LINKS    = 
  CONFIG_COMMANDS = 
  $ ./config.status 

on LinuxThib

config.status:1130: creating jansson.pc
config.status:1130: creating Makefile
config.status:1130: creating doc/Makefile
config.status:1130: creating src/Makefile
config.status:1130: creating src/jansson_config.h
config.status:1130: creating test/Makefile
config.status:1130: creating test/bin/Makefile
config.status:1130: creating test/suites/Makefile
config.status:1130: creating test/suites/api/Makefile
config.status:1130: creating jansson_private_config.h
config.status:1359: executing depfiles commands
config.status:1436: cd src       && sed -e '/# am--include-marker/d' Makefile         | make -f - am--depfiles
make[3]: Entering directory '/home/thib/Documents/Polytech/S8/PROJET/docs/Cardinal/src/Rack/dep/jansson-2.12/src'
make[3]: Leaving directory '/home/thib/Documents/Polytech/S8/PROJET/docs/Cardinal/src/Rack/dep/jansson-2.12/src'
config.status:1441: $? = 0
config.status:1436: cd test/bin       && sed -e '/# am--include-marker/d' Makefile         | make -f - am--depfiles
make[3]: Entering directory '/home/thib/Documents/Polytech/S8/PROJET/docs/Cardinal/src/Rack/dep/jansson-2.12/test/bin'
make[3]: Leaving directory '/home/thib/Documents/Polytech/S8/PROJET/docs/Cardinal/src/Rack/dep/jansson-2.12/test/bin'
config.status:1441: $? = 0
config.status:1436: cd test/suites/api       && sed -e '/# am--include-marker/d' Makefile         | make -f - am--depfiles
make[3]: Entering directory '/home/thib/Documents/Polytech/S8/PROJET/docs/Cardinal/src/Rack/dep/jansson-2.12/test/suites/api'
make[3]: Leaving directory '/home/thib/Documents/Polytech/S8/PROJET/docs/Cardinal/src/Rack/dep/jansson-2.12/test/suites/api'
config.status:1441: $? = 0
config.status:1359: executing libtool commands
configure:14842: WARNING: unrecognized options: --disable-alsa, --disable-neon

## ---------------- ##
## Cache variables. ##
## ---------------- ##

ac_cv_build=x86_64-linux-gnu
ac_cv_c_compiler_gnu=yes
ac_cv_c_inline=inline
ac_cv_c_int32_t=yes
ac_cv_c_uint16_t=yes
ac_cv_c_uint32_t=yes
ac_cv_c_uint8_t=yes
ac_cv_env_CC_set=set
ac_cv_env_CC_value=cc
ac_cv_env_CFLAGS_set=set
ac_cv_env_CFLAGS_value='-Wall -Wextra -pipe -MD -MP -fno-gnu-unique -fPIC -DPIC -DNDEBUG -O3 -ffast-math -fdata-sections -ffunction-sections -mtune=generic -msse -msse2 -mfpmath=sse -fvisibility=hidden -DUSING_CARDINAL_NOT_RACK -I/home/thib/Documents/Polytech/S8/PROJET/docs/Cardinal/include -I/home/thib/Documents/Polytech/S8/PROJET/docs/Cardinal/include/simd-compat -I/home/thib/Documents/Polytech/S8/PROJET/docs/Cardinal/src/Rack/dep/include -msse -msse2 -msse3 -DZSTDLIB_VISIBILITY= -pthread -I/home/thib/Documents/Polytech/S8/PROJET/docs/Cardinal/src/Rack/dep/simde -DSIMDE_ACCURACY_PREFERENCE=0 -DSIMDE_FAST_CONVERSION_RANGE -DSIMDE_FAST_MATH -DSIMDE_FAST_NANS -DSIMDE_FAST_ROUND_MODE -DSIMDE_FAST_ROUND_TIES -std=gnu99  -fno-finite-math-only -fno-strict-aliasing'
ac_cv_env_CPPFLAGS_set=
ac_cv_env_CPPFLAGS_value=
ac_cv_env_CPP_set=
ac_cv_env_CPP_value=
ac_cv_env_LDFLAGS_set=set
ac_cv_env_LDFLAGS_value='-fdata-sections -ffunction-sections -Wl,-O1,--as-needed,--gc-sections -Wl,--strip-all  -Wl,--no-undefined -fexceptions'
ac_cv_env_LIBS_set=
ac_cv_env_LIBS_value=
ac_cv_env_LT_SYS_LIBRARY_PATH_set=
ac_cv_env_LT_SYS_LIBRARY_PATH_value=
ac_cv_env_build_alias_set=
ac_cv_env_build_alias_value=
ac_cv_env_host_alias_set=set
ac_cv_env_host_alias_value=x86_64-linux-gnu
ac_cv_env_target_alias_set=
ac_cv_env_target_alias_value=
ac_cv_func_close=yes
ac_cv_func_getpid=yes
ac_cv_func_gettimeofday=yes
ac_cv_func_localeconv=yes
ac_cv_func_open=yes
ac_cv_func_read=yes
ac_cv_func_sched_yield=yes
ac_cv_func_strtoll=yes
ac_cv_header_dlfcn_h=yes
ac_cv_header_endian_h=yes
ac_cv_header_fcntl_h=yes
ac_cv_header_inttypes_h=yes
ac_cv_header_locale_h=yes
ac_cv_header_memory_h=yes
ac_cv_header_sched_h=yes
ac_cv_header_stdc=yes
ac_cv_header_stdint_h=yes
ac_cv_header_stdlib_h=yes
ac_cv_header_string_h=yes
ac_cv_header_strings_h=yes
ac_cv_header_sys_param_h=yes
ac_cv_header_sys_stat_h=yes
ac_cv_header_sys_time_h=yes
ac_cv_header_sys_types_h=yes
ac_cv_header_unistd_h=yes
ac_cv_host=x86_64-linux-gnu
ac_cv_objext=o
ac_cv_path_EGREP='/usr/bin/grep -E'
ac_cv_path_FGREP='/usr/bin/grep -F'
ac_cv_path_GREP=/usr/bin/grep
ac_cv_path_SED=/usr/bin/sed
ac_cv_path_install='/usr/bin/install -c'
ac_cv_path_lt_DD=/usr/bin/dd
ac_cv_path_mkdir=/usr/bin/mkdir
ac_cv_prog_AR=ar
ac_cv_prog_AWK=mawk
ac_cv_prog_CC=cc
ac_cv_prog_CPP='cc -E'
ac_cv_prog_OBJDUMP=x86_64-linux-gnu-objdump
ac_cv_prog_RANLIB=x86_64-linux-gnu-ranlib
ac_cv_prog_STRIP=x86_64-linux-gnu-strip
ac_cv_prog_ac_ct_MANIFEST_TOOL=mt
ac_cv_prog_cc_c89=
ac_cv_prog_cc_g=yes
ac_cv_prog_make_make_set=yes
ac_cv_type_long_long_int=yes
ac_cv_type_unsigned_long_long_int=yes
am_cv_CC_dependencies_compiler_type=gcc3
am_cv_make_support_nested_variables=yes
am_cv_prog_cc_c_o=yes
lt_cv_ar_at_file=@
lt_cv_deplibs_check_method=pass_all
lt_cv_file_magic_cmd='$MAGIC_CMD'
lt_cv_file_magic_test_file=
lt_cv_ld_reload_flag=-r
lt_cv_nm_interface='BSD nm'
lt_cv_objdir=.libs
lt_cv_path_LD=/usr/bin/ld
lt_cv_path_NM='/usr/bin/x86_64-linux-gnu-nm -B'
lt_cv_path_mainfest_tool=no
lt_cv_prog_compiler_c_o=yes
lt_cv_prog_compiler_pic='-fPIC -DPIC'
lt_cv_prog_compiler_pic_works=yes
lt_cv_prog_compiler_rtti_exceptions=no
lt_cv_prog_compiler_static_works=yes
lt_cv_prog_gnu_ld=yes
lt_cv_sharedlib_from_linklib_cmd='printf %s\n'
lt_cv_shlibpath_overrides_runpath=yes
lt_cv_sys_global_symbol_pipe='sed -n -e '\''s/^.*[	 ]\([ABCDGIRSTW][ABCDGIRSTW]*\)[	 ][	 ]*\([_A-Za-z][_A-Za-z0-9]*\)$/\1 \2 \2/p'\'' | sed '\''/ __gnu_lto/d'\'''
lt_cv_sys_global_symbol_to_c_name_address='sed -n -e '\''s/^: \(.*\) .*$/  {"\1", (void *) 0},/p'\'' -e '\''s/^[ABCDGIRSTW][ABCDGIRSTW]* .* \(.*\)$/  {"\1", (void *) \&\1},/p'\'''
lt_cv_sys_global_symbol_to_c_name_address_lib_prefix='sed -n -e '\''s/^: \(.*\) .*$/  {"\1", (void *) 0},/p'\'' -e '\''s/^[ABCDGIRSTW][ABCDGIRSTW]* .* \(lib.*\)$/  {"\1", (void *) \&\1},/p'\'' -e '\''s/^[ABCDGIRSTW][ABCDGIRSTW]* .* \(.*\)$/  {"lib\1", (void *) \&\1},/p'\'''
lt_cv_sys_global_symbol_to_cdecl='sed -n -e '\''s/^T .* \(.*\)$/extern int \1();/p'\'' -e '\''s/^[ABCDGIRSTW][ABCDGIRSTW]* .* \(.*\)$/extern char \1;/p'\'''
lt_cv_sys_global_symbol_to_import=
lt_cv_sys_max_cmd_len=-1
lt_cv_to_host_file_cmd=func_convert_file_noop
lt_cv_to_tool_file_cmd=func_convert_file_noop
lt_cv_truncate_bin='/usr/bin/dd bs=4096 count=1'

## ----------------- ##
## Output variables. ##
## ----------------- ##

ACLOCAL='${SHELL} /home/thib/Documents/Polytech/S8/PROJET/docs/Cardinal/src/Rack/dep/jansson-2.12/missing aclocal-1.16'
AMDEPBACKSLASH='\'
AMDEP_FALSE='#'
AMDEP_TRUE=''
AMTAR='$${TAR-tar}'
AM_BACKSLASH='\'
AM_CFLAGS='-Wall -Wextra -Wdeclaration-after-statement -Wshadow -Wno-format-truncation'
AM_DEFAULT_V='$(AM_DEFAULT_VERBOSITY)'
AM_DEFAULT_VERBOSITY='1'
AM_V='$(V)'
AR='ar'
AUTOCONF='${SHELL} /home/thib/Documents/Polytech/S8/PROJET/docs/Cardinal/src/Rack/dep/jansson-2.12/missing autoconf'
AUTOHEADER='${SHELL} /home/thib/Documents/Polytech/S8/PROJET/docs/Cardinal/src/Rack/dep/jansson-2.12/missing autoheader'
AUTOMAKE='${SHELL} /home/thib/Documents/Polytech/S8/PROJET/docs/Cardinal/src/Rack/dep/jansson-2.12/missing automake-1.16'
AWK='mawk'
CC='cc'
CCDEPMODE='depmode=gcc3'
CFLAGS='-Wall -Wextra -pipe -MD -MP -fno-gnu-unique -fPIC -DPIC -DNDEBUG -O3 -ffast-math -fdata-sections -ffunction-sections -mtune=generic -msse -msse2 -mfpmath=sse -fvisibility=hidden -DUSING_CARDINAL_NOT_RACK -I/home/thib/Documents/Polytech/S8/PROJET/docs/Cardinal/include -I/home/thib/Documents/Polytech/S8/PROJET/docs/Cardinal/include/simd-compat -I/home/thib/Documents/Polytech/S8/PROJET/docs/Cardinal/src/Rack/dep/include -msse -msse2 -msse3 -DZSTDLIB_VISIBILITY= -pthread -I/home/thib/Documents/Polytech/S8/PROJET/docs/Cardinal/src/Rack/dep/simde -DSIMDE_ACCURACY_PREFERENCE=0 -DSIMDE_FAST_CONVERSION_RANGE -DSIMDE_FAST_MATH -DSIMDE_FAST_NANS -DSIMDE_FAST_ROUND_MODE -DSIMDE_FAST_ROUND_TIES -std=gnu99  -fno-finite-math-only -fno-strict-aliasing'
CPP='cc -E'
CPPFLAGS=''
CYGPATH_W='echo'
DEFS='-DHAVE_CONFIG_H'
DEPDIR='.deps'
DLLTOOL='false'
DSYMUTIL=''
DUMPBIN=''
ECHO_C=''
ECHO_N='-n'
ECHO_T=''
EGREP='/usr/bin/grep -E'
EXEEXT=''
FGREP='/usr/bin/grep -F'
GCC_FALSE='#'
GCC_TRUE=''
GREP='/usr/bin/grep'
INSTALL_DATA='${INSTALL} -m 644'
INSTALL_PROGRAM='${INSTALL}'
INSTALL_SCRIPT='${INSTALL}'
INSTALL_STRIP_PROGRAM='$(install_sh) -c -s'
JSON_BSYMBOLIC_LDFLAGS='-Wl,-Bsymbolic-functions'
LD='/usr/bin/ld -m elf_x86_64'
LDFLAGS='-fdata-sections -ffunction-sections -Wl,-O1,--as-needed,--gc-sections -Wl,--strip-all  -Wl,--no-undefined -fexceptions'
LIBOBJS=''
LIBS=''
LIBTOOL='$(SHELL) $(top_builddir)/libtool'
LIPO=''
LN_S='ln -s'
LTLIBOBJS=''
LT_SYS_LIBRARY_PATH=''
MAKEINFO='${SHELL} /home/thib/Documents/Polytech/S8/PROJET/docs/Cardinal/src/Rack/dep/jansson-2.12/missing makeinfo'
MANIFEST_TOOL=':'
MKDIR_P='/usr/bin/mkdir -p'
NM='/usr/bin/x86_64-linux-gnu-nm -B'
NMEDIT=''
OBJDUMP='x86_64-linux-gnu-objdump'
OBJEXT='o'
OTOOL64=''
OTOOL=''
PACKAGE='jansson'
PACKAGE_BUGREPORT='petri@digip.org'
PACKAGE_NAME='jansson'
PACKAGE_STRING='jansson 2.12'
PACKAGE_TARNAME='jansson'
PACKAGE_URL=''
PACKAGE_VERSION='2.12'
PATH_SEPARATOR=':'
RANLIB='x86_64-linux-gnu-ranlib'
SED='/usr/bin/sed'
SET_MAKE=''
SHELL='/bin/bash'
STRIP='x86_64-linux-gnu-strip'
VERSION='2.12'
ac_ct_AR=''
ac_ct_CC=''
ac_ct_DUMPBIN=''
am__EXEEXT_FALSE=''
am__EXEEXT_TRUE='#'
am__fastdepCC_FALSE='#'
am__fastdepCC_TRUE=''
am__include='include'
am__isrc=''
am__leading_dot='.'
am__nodep='_no'
am__quote=''
am__tar='$${TAR-tar} chof - "$$tardir"'
am__untar='$${TAR-tar} xf -'
bindir='${exec_prefix}/bin'
build='x86_64-linux-gnu'
build_alias=''
build_cpu='x86_64'
build_os='gnu'
build_vendor='linux'
datadir='${datarootdir}'
datarootdir='${prefix}/share'
docdir='${datarootdir}/doc/${PACKAGE_TARNAME}'
dvidir='${docdir}'
exec_prefix='${prefix}'
host='x86_64-linux-gnu'
host_alias='x86_64-linux-gnu'
host_cpu='x86_64'
host_os='gnu'
host_vendor='linux'
htmldir='${docdir}'
includedir='${prefix}/include'
infodir='${datarootdir}/info'
install_sh='${SHELL} /home/thib/Documents/Polytech/S8/PROJET/docs/Cardinal/src/Rack/dep/jansson-2.12/install-sh'
json_have_atomic_builtins='1'
json_have_localeconv='1'
json_have_long_long='1'
json_have_sync_builtins='1'
json_inline='inline'
libdir='${exec_prefix}/lib'
libexecdir='${exec_prefix}/libexec'
localedir='${datarootdir}/locale'
localstatedir='${prefix}/var'
mandir='${datarootdir}/man'
mkdir_p='$(MKDIR_P)'
oldincludedir='/usr/include'
pdfdir='${docdir}'
prefix='/home/thib/Documents/Polytech/S8/PROJET/docs/Cardinal/src/Rack/dep'
program_transform_name='s,x,x,'
psdir='${docdir}'
sbindir='${exec_prefix}/sbin'
sharedstatedir='${prefix}/com'
sysconfdir='${prefix}/etc'
target_alias=''

## ----------- ##
## confdefs.h. ##
## ----------- ##

/* confdefs.h */
#define PACKAGE_NAME "jansson"
#define PACKAGE_TARNAME "jansson"
#define PACKAGE_VERSION "2.12"
#define PACKAGE_STRING "jansson 2.12"
#define PACKAGE_BUGREPORT "petri@digip.org"
#define PACKAGE_URL ""
#define PACKAGE "jansson"
#define VERSION "2.12"
#define STDC_HEADERS 1
#define HAVE_SYS_TYPES_H 1
#define HAVE_SYS_STAT_H 1
#define HAVE_STDLIB_H 1
#define HAVE_STRING_H 1
#define HAVE_MEMORY_H 1
#define HAVE_STRINGS_H 1
#define HAVE_INTTYPES_H 1
#define HAVE_STDINT_H 1
#define HAVE_UNISTD_H 1
#define HAVE_DLFCN_H 1
#define LT_OBJDIR ".libs/"
#define HAVE_ENDIAN_H 1
#define HAVE_FCNTL_H 1
#define HAVE_LOCALE_H 1
#define HAVE_SCHED_H 1
#define HAVE_UNISTD_H 1
#define HAVE_SYS_PARAM_H 1
#define HAVE_SYS_STAT_H 1
#define HAVE_SYS_TIME_H 1
#define HAVE_SYS_TYPES_H 1
#define HAVE_UNSIGNED_LONG_LONG_INT 1
#define HAVE_LONG_LONG_INT 1
#define HAVE_CLOSE 1
#define HAVE_GETPID 1
#define HAVE_GETTIMEOFDAY 1
#define HAVE_LOCALECONV 1
#define HAVE_OPEN 1
#define HAVE_READ 1
#define HAVE_SCHED_YIELD 1
#define HAVE_STRTOLL 1
#define HAVE_SYNC_BUILTINS 1
#define HAVE_ATOMIC_BUILTINS 1
#define USE_URANDOM 1
#define USE_WINDOWS_CRYPTOAPI 1
#define INITIAL_HASHTABLE_ORDER 3

configure: exit 0
